#
# A fatal error has been detected by the Java Runtime Environment:
#
#  SIGSEGV (0xb) at pc=0x0000754ba6a0357d, pid=37658, tid=37673
#
# JRE version: OpenJDK Runtime Environment (21.0.9+10) (build 21.0.9+10-Ubuntu-122.04)
# Java VM: OpenJDK 64-Bit Server VM (21.0.9+10-Ubuntu-122.04, mixed mode, emulated-client, sharing, tiered, compressed oops, compressed class ptrs, g1 gc, linux-amd64)
# Problematic frame:
# V  [libjvm.so+0x80357d]  WorkerDataArray<unsigned long>::reset()+0x1d
#
# Core dump will be written. Default location: Core dumps may be processed with "/usr/share/apport/apport -p%p -s%s -c%c -d%d -P%P -u%u -g%g -F%F -- %E" (or dumping to /home/mdanial/Dev/Projects/dshopflow-api/core.37658)
#
# If you would like to submit a bug report, please visit:
#   https://bugs.launchpad.net/ubuntu/+source/openjdk-21
#

---------------  S U M M A R Y ------------

Command Line: -XX:TieredStopAtLevel=1 -Dspring.output.ansi.enabled=always -javaagent:/snap/intellij-idea-community/709/lib/idea_rt.jar=38585 -Dfile.encoding=UTF-8 -Dsun.stdout.encoding=UTF-8 -Dsun.stderr.encoding=UTF-8 com.dshopflow.dshopflow_api.DshopflowApiApplication

Host: Intel(R) Core(TM) i7-10610U CPU @ 1.80GHz, 8 cores, 15G, Pop!_OS 22.04 LTS
Time: Sat Mar  7 20:44:13 2026 PKT elapsed time: 0.730815 seconds (0d 0h 0m 0s)

---------------  T H R E A D  ---------------

Current thread (0x0000754ba014b8b0):  VMThread "VM Thread"          [id=37673, stack(0x0000754b901c8000,0x0000754b902c8000) (1024K)]

Stack: [0x0000754b901c8000,0x0000754b902c8000],  sp=0x0000754b902c6180,  free space=1016k
Native frames: (J=compiled Java code, j=interpreted, Vv=VM code, C=native code)
V  [libjvm.so+0x80357d]  WorkerDataArray<unsigned long>::reset()+0x1d
V  [libjvm.so+0x800c2d]  G1GCPhaseTimes::reset()+0x11d
V  [libjvm.so+0x84f19d]  G1YoungCollector::collect()+0x25d
V  [libjvm.so+0x7c5d2a]  G1CollectedHeap::do_collection_pause_at_safepoint_helper()+0xfa
V  [libjvm.so+0x7c5e6f]  G1CollectedHeap::do_collection_pause_at_safepoint()+0x2f
V  [libjvm.so+0x84cdc0]  VM_G1CollectForAllocation::doit()+0x60
V  [libjvm.so+0x102549c]  VM_Operation::evaluate()+0xfc
V  [libjvm.so+0x1028864]  VMThread::evaluate_operation(VM_Operation*)+0x144
V  [libjvm.so+0x102958b]  VMThread::inner_execute(VM_Operation*)+0x33b
V  [libjvm.so+0x1029887]  VMThread::run()+0xb7
V  [libjvm.so+0xf93fe7]  Thread::call_run()+0xa7
V  [libjvm.so+0xd08b15]  thread_native_entry(Thread*)+0xd5

siginfo: si_signo: 11 (SIGSEGV), si_code: 1 (SEGV_MAPERR), si_addr: 0x0000000400000008

Registers:
RAX=0xffffffffffffffff, RBX=0x0000754b280049b0, RCX=0x0000754b280049c0, RDX=0x0000000000000008
RSP=0x0000754b902c6180, RBP=0x0000754b902c6220, RSI=0x0000000000000007, RDI=0x0000000400000000
R8 =0x0000000000000000, R9 =0x0000000000000000, R10=0x0000000000000000, R11=0x0000000000000000
R12=0x0000754b28004320, R13=0x0000754b28004330, R14=0x0000754b28000fe8, R15=0x0000000400000000
RIP=0x0000754ba6a0357d, EFLAGS=0x0000000000010202, CSGSFS=0x002b000000000033, ERR=0x0000000000000004
  TRAPNO=0x000000000000000e

XMM[0]=0x0000000000000000 0xbff0000000000000
XMM[1]=0x0000000000000000 0x000000000000ff00
XMM[2]=0x0000000000000000 0x000000000000ff00
XMM[3]=0x0000754b902c57a0 0x0000754b902c57a0
XMM[4]=0x0000000000000000 0x0000754b902c5f6e
XMM[5]=0x0000000000000000 0x0000754ba7380606
XMM[6]=0x0000000000000000 0x0000000000000000
XMM[7]=0x0000000000000000 0x0000754b902c6410
XMM[8]=0x79646e496465766c 0x6f7365522020007d
XMM[9]=0x0000000000000000 0x0000000000000000
XMM[10]=0x0000000000000000 0x0000000000000000
XMM[11]=0x0000000000000000 0x0000754ba732fa60
XMM[12]=0x0000000000000000 0x0000000000000000
XMM[13]=0x0000000000000000 0x0000000000000000
XMM[14]=0x0000000000000000 0x0000000000000000
XMM[15]=0xcafebabecafebabe 0xcafebabecafebabe
  MXCSR=0x00001fa2


Register to memory mapping:

RAX=0xffffffffffffffff is an unknown value
RBX=0x0000754b280049b0 points into unknown readable memory: 0x0000000000000000 | 00 00 00 00 00 00 00 00
RCX=0x0000754b280049c0 points into unknown readable memory: 0xffffffffffffffff | ff ff ff ff ff ff ff ff
RDX=0x0000000000000008 is an unknown value
RSP=0x0000754b902c6180 points into unknown readable memory: 0x0000754b902c6270 | 70 62 2c 90 4b 75 00 00
RBP=0x0000754b902c6220 points into unknown readable memory: 0x0000754b902c6270 | 70 62 2c 90 4b 75 00 00
RSI=0x0000000000000007 is an unknown value
RDI=0x0000000400000000 is an unknown value
R8 =0x0 is null
R9 =0x0 is null
R10=0x0 is null
R11=0x0 is null
R12=0x0000754b28004320 points into unknown readable memory: 0x0000754b28004940 | 40 49 00 28 4b 75 00 00
R13=0x0000754b28004330 points into unknown readable memory: 0x0000000000000000 | 00 00 00 00 00 00 00 00
R14=0x0000754b28000fe8 points into unknown readable memory: 0x0000754b280042c0 | c0 42 00 28 4b 75 00 00
R15=0x0000000400000000 is an unknown value

Top of Stack: (sp=0x0000754b902c6180)
0x0000754b902c6180:   0000754b902c6270 0000754ba69c581a
0x0000754b902c6190:   00000000001c06a8 0000754ba012a0c0
0x0000754b902c61a0:   0000754ba0149490 0000754ba012a0c0
0x0000754b902c61b0:   0000754b902c61f0 0000754ba6e74b1d
0x0000754b902c61c0:   000000000e000000 000000000046ade8
0x0000754b902c61d0:   000000000d400000 00000000f4c00000
0x0000754b902c61e0:   0000754b902c6410 0000000000000006
0x0000754b902c61f0:   0000754b902c6210 0000754b280049b0
0x0000754b902c6200:   0000754b28004320 0000754b28004330
0x0000754b902c6210:   0000754b28000fe8 0000754b28004998
0x0000754b902c6220:   0000754b902c6270 0000754ba6a00c2d
0x0000754b902c6230:   0000754b28000f60 0000754b280010e0
0x0000754b902c6240:   0000000000006e8f 0000754b902c67d0
0x0000754b902c6250:   0000754ba7755948 0000000000000013
0x0000754b902c6260:   0000754b902c6410 0000754b902c67d0
0x0000754b902c6270:   0000754b902c6730 0000754ba6a4f19d
0x0000754b902c6280:   0000000000000000 000000003255b720
0x0000754b902c6290:   0000000000000000 0000754b902c6310
0x0000754b902c62a0:   0000754b902c6410 0000754b902c6370
0x0000754b902c62b0:   0000754b902c62d0 0000000000000000
0x0000754b902c62c0:   0000754ba7603c10 0000754b902c6410
0x0000754b902c62d0:   0000754ba0035410 0000754ba00356d0
0x0000754b902c62e0:   0000000000000000 0000000000000000
0x0000754b902c62f0:   0000000000000000 0000000000000000
0x0000754b902c6300:   0000000000000000 0000000000000000
0x0000754b902c6310:   0000754ba012a0c0 0000000000000000
0x0000754b902c6320:   000000002b633180 0000000000000001
0x0000754b902c6330:   0000754ba012a5e0 0000754ba012a560
0x0000754b902c6340:   0000754ba012a4f0 0000754ba012a0c8
0x0000754b902c6350:   0000000000000013 0000754ba736a360
0x0000754b902c6360:   0101010101010100 0000754b902c69c0
0x0000754b902c6370:   0000754ba002f9b0 0000754ba002f9b0 

Instructions: (pc=0x0000754ba6a0357d)
0x0000754ba6a0347d:   55 b8 eb 12 0f 1f 80 00 00 00 00 49 8b 14 24 89
0x0000754ba6a0348d:   d8 f2 0f 10 0c c2 f2 0f 11 4d c0 f2 0f 11 55 c8
0x0000754ba6a0349d:   e8 6e b4 84 00 f2 0f 10 4d c0 f2 0f 10 55 c8 66
0x0000754ba6a034ad:   0f 2e c1 7a 02 74 20 f2 0f 10 75 b8 f2 0f 5f d1
0x0000754ba6a034bd:   41 83 c5 01 f2 0f 5d f1 f2 0f 58 4d b0 f2 0f 11
0x0000754ba6a034cd:   75 b8 f2 0f 11 4d b0 83 c3 01 41 3b 5c 24 08 72
0x0000754ba6a034dd:   aa 44 89 e8 66 0f ef c0 f2 0f 10 65 b0 66 0f 28
0x0000754ba6a034ed:   da f2 48 0f 2a c0 f2 0f 10 7d b8 41 0f b6 f7 4c
0x0000754ba6a034fd:   89 f7 66 0f 28 cc f2 0f 5c df f2 0f 5e c8 66 0f
0x0000754ba6a0350d:   28 c7 e8 0c b4 84 00 48 83 c4 28 44 89 ea 4c 89
0x0000754ba6a0351d:   f7 5b 48 8d 35 42 5d 96 00 41 5c 31 c0 41 5d 41
0x0000754ba6a0352d:   5e 41 5f 5d e9 6a 25 51 00 66 2e 0f 1f 84 00 00
0x0000754ba6a0353d:   00 00 00 48 83 c4 28 4c 89 f7 48 8d 35 05 4d 9b
0x0000754ba6a0354d:   00 31 c0 5b 41 5c 41 5d 41 5e 41 5f 5d e9 41 25
0x0000754ba6a0355d:   51 00 90 f3 0f 1e fa 55 48 89 e5 41 57 49 89 ff
0x0000754ba6a0356d:   41 56 41 55 41 54 53 48 83 ec 78 e8 83 b3 84 00
0x0000754ba6a0357d:   41 8b 5f 08 85 db 74 17 48 89 c2 31 c0 49 8b 0f
0x0000754ba6a0358d:   89 c6 83 c0 01 48 89 14 f1 41 3b 47 08 72 ee 4d
0x0000754ba6a0359d:   8d 77 28 49 83 c7 70 49 8b 1e 48 85 db 0f 84 da
0x0000754ba6a035ad:   02 00 00 e8 4b b3 84 00 44 8b 5b 08 48 89 c2 45
0x0000754ba6a035bd:   85 db 74 13 31 c0 48 8b 0b 89 c6 83 c0 01 48 89
0x0000754ba6a035cd:   14 f1 3b 43 08 72 ef 48 8d 43 70 4c 8d 6b 28 4d
0x0000754ba6a035dd:   89 f4 4c 89 fb 48 89 45 98 4d 89 ef 4d 8b 2f 4d
0x0000754ba6a035ed:   85 ed 0f 84 7e 02 00 00 e8 06 b3 84 00 45 8b 55
0x0000754ba6a035fd:   08 48 89 c2 45 85 d2 74 15 31 c0 49 8b 4d 00 89
0x0000754ba6a0360d:   c6 83 c0 01 48 89 14 f1 41 3b 45 08 72 ed 49 8d
0x0000754ba6a0361d:   45 70 4c 89 7d 90 4d 8d 75 28 4d 89 e7 48 89 45
0x0000754ba6a0362d:   c8 49 89 dc 49 8b 1e 48 85 db 0f 84 1e 02 00 00
0x0000754ba6a0363d:   e8 be b2 84 00 44 8b 4b 08 48 89 c2 45 85 c9 74
0x0000754ba6a0364d:   13 31 c0 48 8b 0b 89 c6 83 c0 01 48 89 14 f1 3b
0x0000754ba6a0365d:   43 08 72 ef 48 8d 43 70 4c 89 75 88 4c 8d 6b 28
0x0000754ba6a0366d:   4d 89 fe 48 89 45 c0 49 8b 5d 00 48 85 db 0f 84 


Stack slot to memory mapping:

stack at sp + 0 slots: 0x0000754b902c6270 points into unknown readable memory: 0x0000754b902c6730 | 30 67 2c 90 4b 75 00 00
stack at sp + 1 slots: 0x0000754ba69c581a: <offset 0x00000000007c581a> in /usr/lib/jvm/java-21-openjdk-amd64/lib/server/libjvm.so at 0x0000754ba6200000
stack at sp + 2 slots: 0x00000000001c06a8 is an unknown value
stack at sp + 3 slots: 0x0000754ba012a0c0 points into unknown readable memory: 0x0000754ba002f9b0 | b0 f9 02 a0 4b 75 00 00
stack at sp + 4 slots: 0x0000754ba0149490 points into unknown readable memory: 0x0000754ba76c0988 | 88 09 6c a7 4b 75 00 00
stack at sp + 5 slots: 0x0000754ba012a0c0 points into unknown readable memory: 0x0000754ba002f9b0 | b0 f9 02 a0 4b 75 00 00
stack at sp + 6 slots: 0x0000754b902c61f0 points into unknown readable memory: 0x0000754b902c6210 | 10 62 2c 90 4b 75 00 00
stack at sp + 7 slots: 0x0000754ba6e74b1d: <offset 0x0000000000c74b1d> in /usr/lib/jvm/java-21-openjdk-amd64/lib/server/libjvm.so at 0x0000754ba6200000

VM_Operation (0x0000754b2eff4250): G1CollectForAllocation, mode: safepoint, requested by thread 0x0000754ba0927a50


---------------  P R O C E S S  ---------------

Threads class SMR info:
_java_thread_list=0x0000754ba0928bc0, length=14, elements={
0x0000754ba001cb60, 0x0000754ba0155010, 0x0000754ba0156570, 0x0000754ba0157cf0,
0x0000754ba0159320, 0x0000754ba015a8b0, 0x0000754ba015bfa0, 0x0000754b140ad340,
0x0000754ba01a8ea0, 0x0000754ba04d72b0, 0x0000754ba04d9430, 0x0000754b1414b040,
0x0000754af8001170, 0x0000754ba0927a50
}

Java Threads: ( => current thread )
  0x0000754ba001cb60 JavaThread "main"                              [_thread_blocked, id=37664, stack(0x0000754ba5d00000,0x0000754ba5e00000) (1024K)]
  0x0000754ba0155010 JavaThread "Reference Handler"          daemon [_thread_blocked, id=37676, stack(0x0000754b900c7000,0x0000754b901c7000) (1024K)]
  0x0000754ba0156570 JavaThread "Finalizer"                  daemon [_thread_blocked, id=37679, stack(0x0000754b80f00000,0x0000754b81000000) (1024K)]
  0x0000754ba0157cf0 JavaThread "Signal Dispatcher"          daemon [_thread_blocked, id=37682, stack(0x0000754b80e00000,0x0000754b80f00000) (1024K)]
  0x0000754ba0159320 JavaThread "Service Thread"             daemon [_thread_blocked, id=37684, stack(0x0000754b80d00000,0x0000754b80e00000) (1024K)]
  0x0000754ba015a8b0 JavaThread "Monitor Deflation Thread"   daemon [_thread_blocked, id=37685, stack(0x0000754b80c00000,0x0000754b80d00000) (1024K)]
  0x0000754ba015bfa0 JavaThread "C1 CompilerThread0"         daemon [_thread_blocked, id=37686, stack(0x0000754b80b00000,0x0000754b80c00000) (1024K)]
  0x0000754b140ad340 JavaThread "C1 CompilerThread1"         daemon [_thread_blocked, id=37689, stack(0x0000754b80a00000,0x0000754b80b00000) (1024K)]
  0x0000754ba01a8ea0 JavaThread "Common-Cleaner"             daemon [_thread_blocked, id=37690, stack(0x0000754b80900000,0x0000754b80a00000) (1024K)]
  0x0000754ba04d72b0 JavaThread "Monitor Ctrl-Break"         daemon [_thread_in_native, id=37693, stack(0x0000754b80800000,0x0000754b80900000) (1024K)]
  0x0000754ba04d9430 JavaThread "Notification Thread"        daemon [_thread_blocked, id=37694, stack(0x0000754b80700000,0x0000754b80800000) (1024K)]
  0x0000754b1414b040 JavaThread "C1 CompilerThread2"         daemon [_thread_blocked, id=37695, stack(0x0000754b80600000,0x0000754b80700000) (1024K)]
  0x0000754af8001170 JavaThread "C1 CompilerThread3"         daemon [_thread_blocked, id=37696, stack(0x0000754b80500000,0x0000754b80600000) (1024K)]
  0x0000754ba0927a50 JavaThread "background-preinit"                [_thread_blocked, id=37707, stack(0x0000754b2ef00000,0x0000754b2f000000) (1024K)]
Total: 14

Other Threads:
=>0x0000754ba014b8b0 VMThread "VM Thread"                           [id=37673, stack(0x0000754b901c8000,0x0000754b902c8000) (1024K)]
  0x0000754ba01399d0 WatcherThread "VM Periodic Task Thread"        [id=37671, stack(0x0000754b902c9000,0x0000754b903c9000) (1024K)]
  0x0000754ba0083320 WorkerThread "GC Thread#0"                     [id=37665, stack(0x0000754ba44ac000,0x0000754ba45ac000) (1024K)]
  0x0000754b28007a00 WorkerThread "GC Thread#1"                     [id=37698, stack(0x0000754b80400000,0x0000754b80500000) (1024K)]
  0x0000754b280084e0 WorkerThread "GC Thread#2"                     [id=37699, stack(0x0000754b802ff000,0x0000754b803ff000) (1024K)]
  0x0000754b28008fc0 WorkerThread "GC Thread#3"                     [id=37700, stack(0x0000754b801fe000,0x0000754b802fe000) (1024K)]
  0x0000754b28009aa0 WorkerThread "GC Thread#4"                     [id=37701, stack(0x0000754b800fd000,0x0000754b801fd000) (1024K)]
  0x0000754ba0093df0 ConcurrentGCThread "G1 Main Marker"            [id=37666, stack(0x0000754ba43ab000,0x0000754ba44ab000) (1024K)]
  0x0000754ba0094d90 WorkerThread "G1 Conc#0"                       [id=37667, stack(0x0000754ba42aa000,0x0000754ba43aa000) (1024K)]
  0x0000754ba0127260 ConcurrentGCThread "G1 Refine#0"               [id=37668, stack(0x0000754b904cb000,0x0000754b905cb000) (1024K)]
  0x0000754ba0128210 ConcurrentGCThread "G1 Service"                [id=37669, stack(0x0000754b903ca000,0x0000754b904ca000) (1024K)]
Total: 11

Threads with active compile tasks:
Total: 0

VM state: at safepoint (normal execution)

VM Mutex/Monitor currently owned by a thread:  ([mutex/lock_event])
[0x0000754ba772ee98] Threads_lock - owner thread: 0x0000754ba014b8b0
[0x0000754ba772ed98] Heap_lock - owner thread: 0x0000754ba0927a50

Heap address: 0x000000070b400000, size: 3916 MB, Compressed Oops mode: Zero based, Oop shift amount: 3

CDS archive(s) mapped at: [0x0000754b33000000-0x0000754b33ca0000-0x0000754b33ca0000), size 13238272, SharedBaseAddress: 0x0000754b33000000, ArchiveRelocationMode: 1.
Compressed class space mapped at: 0x0000754b34000000-0x0000754b74000000, reserved size: 1073741824
Narrow klass base: 0x0000754b33000000, Narrow klass shift: 0, Narrow klass range: 0x100000000

GC Precious Log:
 CardTable entry size: 512
 Card Set container configuration: InlinePtr #cards 4 size 8 Array Of Cards #cards 16 size 48 Howl #buckets 8 coarsen threshold 3686 Howl Bitmap #cards 512 size 80 coarsen threshold 460 Card regions per heap region 1 cards per card region 4096
 CPUs: 8 total, 8 available
 Memory: 15658M
 Large Page Support: Disabled
 NUMA Support: Disabled
 Compressed Oops: Enabled (Zero based)
 Heap Region Size: 2M
 Heap Min Capacity: 8M
 Heap Initial Capacity: 246M
 Heap Max Capacity: 3916M
 Pre-touch: Disabled
 Parallel Workers: 8
 Concurrent Workers: 2
 Concurrent Refinement Workers: 8
 Periodic GC: Disabled

Heap:
 garbage-first heap   total 253952K, used 39339K [0x000000070b400000, 0x0000000800000000)
  region size 2048K, 17 young (34816K), 2 survivors (4096K)
 Metaspace       used 12899K, committed 13248K, reserved 1114112K
  class space    used 1793K, committed 1920K, reserved 1048576K

Heap Regions: E=young(eden), S=young(survivor), O=old, HS=humongous(starts), HC=humongous(continues), CS=collection set, F=free, TAMS=top-at-mark-start, PB=parsable bottom
|   0|0x000000070b400000, 0x000000070b600000, 0x000000070b600000|100%| O|  |TAMS 0x000000070b400000| PB 0x000000070b400000| Untracked 
|   1|0x000000070b600000, 0x000000070b75e5b0, 0x000000070b800000| 68%| O|  |TAMS 0x000000070b600000| PB 0x000000070b600000| Untracked 
|   2|0x000000070b800000, 0x000000070b800000, 0x000000070ba00000|  0%| F|  |TAMS 0x000000070b800000| PB 0x000000070b800000| Untracked 
|   3|0x000000070ba00000, 0x000000070ba00000, 0x000000070bc00000|  0%| F|  |TAMS 0x000000070ba00000| PB 0x000000070ba00000| Untracked 
|   4|0x000000070bc00000, 0x000000070bc00000, 0x000000070be00000|  0%| F|  |TAMS 0x000000070bc00000| PB 0x000000070bc00000| Untracked 
|   5|0x000000070be00000, 0x000000070be00000, 0x000000070c000000|  0%| F|  |TAMS 0x000000070be00000| PB 0x000000070be00000| Untracked 
|   6|0x000000070c000000, 0x000000070c000000, 0x000000070c200000|  0%| F|  |TAMS 0x000000070c000000| PB 0x000000070c000000| Untracked 
|   7|0x000000070c200000, 0x000000070c200000, 0x000000070c400000|  0%| F|  |TAMS 0x000000070c200000| PB 0x000000070c200000| Untracked 
|   8|0x000000070c400000, 0x000000070c400000, 0x000000070c600000|  0%| F|  |TAMS 0x000000070c400000| PB 0x000000070c400000| Untracked 
|   9|0x000000070c600000, 0x000000070c600000, 0x000000070c800000|  0%| F|  |TAMS 0x000000070c600000| PB 0x000000070c600000| Untracked 
|  10|0x000000070c800000, 0x000000070c800000, 0x000000070ca00000|  0%| F|  |TAMS 0x000000070c800000| PB 0x000000070c800000| Untracked 
|  11|0x000000070ca00000, 0x000000070ca00000, 0x000000070cc00000|  0%| F|  |TAMS 0x000000070ca00000| PB 0x000000070ca00000| Untracked 
|  12|0x000000070cc00000, 0x000000070cc00000, 0x000000070ce00000|  0%| F|  |TAMS 0x000000070cc00000| PB 0x000000070cc00000| Untracked 
|  13|0x000000070ce00000, 0x000000070ce00000, 0x000000070d000000|  0%| F|  |TAMS 0x000000070ce00000| PB 0x000000070ce00000| Untracked 
|  14|0x000000070d000000, 0x000000070d000000, 0x000000070d200000|  0%| F|  |TAMS 0x000000070d000000| PB 0x000000070d000000| Untracked 
|  15|0x000000070d200000, 0x000000070d200000, 0x000000070d400000|  0%| F|  |TAMS 0x000000070d200000| PB 0x000000070d200000| Untracked 
|  16|0x000000070d400000, 0x000000070d400000, 0x000000070d600000|  0%| F|  |TAMS 0x000000070d400000| PB 0x000000070d400000| Untracked 
|  17|0x000000070d600000, 0x000000070d600000, 0x000000070d800000|  0%| F|  |TAMS 0x000000070d600000| PB 0x000000070d600000| Untracked 
|  18|0x000000070d800000, 0x000000070d800000, 0x000000070da00000|  0%| F|  |TAMS 0x000000070d800000| PB 0x000000070d800000| Untracked 
|  19|0x000000070da00000, 0x000000070da00000, 0x000000070dc00000|  0%| F|  |TAMS 0x000000070da00000| PB 0x000000070da00000| Untracked 
|  20|0x000000070dc00000, 0x000000070dc00000, 0x000000070de00000|  0%| F|  |TAMS 0x000000070dc00000| PB 0x000000070dc00000| Untracked 
|  21|0x000000070de00000, 0x000000070de00000, 0x000000070e000000|  0%| F|  |TAMS 0x000000070de00000| PB 0x000000070de00000| Untracked 
|  22|0x000000070e000000, 0x000000070e000000, 0x000000070e200000|  0%| F|  |TAMS 0x000000070e000000| PB 0x000000070e000000| Untracked 
|  23|0x000000070e200000, 0x000000070e200000, 0x000000070e400000|  0%| F|  |TAMS 0x000000070e200000| PB 0x000000070e200000| Untracked 
|  24|0x000000070e400000, 0x000000070e400000, 0x000000070e600000|  0%| F|  |TAMS 0x000000070e400000| PB 0x000000070e400000| Untracked 
|  25|0x000000070e600000, 0x000000070e600000, 0x000000070e800000|  0%| F|  |TAMS 0x000000070e600000| PB 0x000000070e600000| Untracked 
|  26|0x000000070e800000, 0x000000070e800000, 0x000000070ea00000|  0%| F|  |TAMS 0x000000070e800000| PB 0x000000070e800000| Untracked 
|  27|0x000000070ea00000, 0x000000070ea00000, 0x000000070ec00000|  0%| F|  |TAMS 0x000000070ea00000| PB 0x000000070ea00000| Untracked 
|  28|0x000000070ec00000, 0x000000070ec00000, 0x000000070ee00000|  0%| F|  |TAMS 0x000000070ec00000| PB 0x000000070ec00000| Untracked 
|  29|0x000000070ee00000, 0x000000070ee00000, 0x000000070f000000|  0%| F|  |TAMS 0x000000070ee00000| PB 0x000000070ee00000| Untracked 
|  30|0x000000070f000000, 0x000000070f000000, 0x000000070f200000|  0%| F|  |TAMS 0x000000070f000000| PB 0x000000070f000000| Untracked 
|  31|0x000000070f200000, 0x000000070f200000, 0x000000070f400000|  0%| F|  |TAMS 0x000000070f200000| PB 0x000000070f200000| Untracked 
|  32|0x000000070f400000, 0x000000070f400000, 0x000000070f600000|  0%| F|  |TAMS 0x000000070f400000| PB 0x000000070f400000| Untracked 
|  33|0x000000070f600000, 0x000000070f600000, 0x000000070f800000|  0%| F|  |TAMS 0x000000070f600000| PB 0x000000070f600000| Untracked 
|  34|0x000000070f800000, 0x000000070f800000, 0x000000070fa00000|  0%| F|  |TAMS 0x000000070f800000| PB 0x000000070f800000| Untracked 
|  35|0x000000070fa00000, 0x000000070fa00000, 0x000000070fc00000|  0%| F|  |TAMS 0x000000070fa00000| PB 0x000000070fa00000| Untracked 
|  36|0x000000070fc00000, 0x000000070fc00000, 0x000000070fe00000|  0%| F|  |TAMS 0x000000070fc00000| PB 0x000000070fc00000| Untracked 
|  37|0x000000070fe00000, 0x000000070fe00000, 0x0000000710000000|  0%| F|  |TAMS 0x000000070fe00000| PB 0x000000070fe00000| Untracked 
|  38|0x0000000710000000, 0x0000000710000000, 0x0000000710200000|  0%| F|  |TAMS 0x0000000710000000| PB 0x0000000710000000| Untracked 
|  39|0x0000000710200000, 0x0000000710200000, 0x0000000710400000|  0%| F|  |TAMS 0x0000000710200000| PB 0x0000000710200000| Untracked 
|  40|0x0000000710400000, 0x0000000710400000, 0x0000000710600000|  0%| F|  |TAMS 0x0000000710400000| PB 0x0000000710400000| Untracked 
|  41|0x0000000710600000, 0x0000000710600000, 0x0000000710800000|  0%| F|  |TAMS 0x0000000710600000| PB 0x0000000710600000| Untracked 
|  42|0x0000000710800000, 0x0000000710800000, 0x0000000710a00000|  0%| F|  |TAMS 0x0000000710800000| PB 0x0000000710800000| Untracked 
|  43|0x0000000710a00000, 0x0000000710a00000, 0x0000000710c00000|  0%| F|  |TAMS 0x0000000710a00000| PB 0x0000000710a00000| Untracked 
|  44|0x0000000710c00000, 0x0000000710c00000, 0x0000000710e00000|  0%| F|  |TAMS 0x0000000710c00000| PB 0x0000000710c00000| Untracked 
|  45|0x0000000710e00000, 0x0000000710e00000, 0x0000000711000000|  0%| F|  |TAMS 0x0000000710e00000| PB 0x0000000710e00000| Untracked 
|  46|0x0000000711000000, 0x0000000711000000, 0x0000000711200000|  0%| F|  |TAMS 0x0000000711000000| PB 0x0000000711000000| Untracked 
|  47|0x0000000711200000, 0x0000000711200000, 0x0000000711400000|  0%| F|  |TAMS 0x0000000711200000| PB 0x0000000711200000| Untracked 
|  48|0x0000000711400000, 0x0000000711400000, 0x0000000711600000|  0%| F|  |TAMS 0x0000000711400000| PB 0x0000000711400000| Untracked 
|  49|0x0000000711600000, 0x0000000711600000, 0x0000000711800000|  0%| F|  |TAMS 0x0000000711600000| PB 0x0000000711600000| Untracked 
|  50|0x0000000711800000, 0x0000000711800000, 0x0000000711a00000|  0%| F|  |TAMS 0x0000000711800000| PB 0x0000000711800000| Untracked 
|  51|0x0000000711a00000, 0x0000000711a00000, 0x0000000711c00000|  0%| F|  |TAMS 0x0000000711a00000| PB 0x0000000711a00000| Untracked 
|  52|0x0000000711c00000, 0x0000000711c00000, 0x0000000711e00000|  0%| F|  |TAMS 0x0000000711c00000| PB 0x0000000711c00000| Untracked 
|  53|0x0000000711e00000, 0x0000000711e00000, 0x0000000712000000|  0%| F|  |TAMS 0x0000000711e00000| PB 0x0000000711e00000| Untracked 
|  54|0x0000000712000000, 0x0000000712000000, 0x0000000712200000|  0%| F|  |TAMS 0x0000000712000000| PB 0x0000000712000000| Untracked 
|  55|0x0000000712200000, 0x0000000712200000, 0x0000000712400000|  0%| F|  |TAMS 0x0000000712200000| PB 0x0000000712200000| Untracked 
|  56|0x0000000712400000, 0x0000000712400000, 0x0000000712600000|  0%| F|  |TAMS 0x0000000712400000| PB 0x0000000712400000| Untracked 
|  57|0x0000000712600000, 0x0000000712600000, 0x0000000712800000|  0%| F|  |TAMS 0x0000000712600000| PB 0x0000000712600000| Untracked 
|  58|0x0000000712800000, 0x0000000712800000, 0x0000000712a00000|  0%| F|  |TAMS 0x0000000712800000| PB 0x0000000712800000| Untracked 
|  59|0x0000000712a00000, 0x0000000712a00000, 0x0000000712c00000|  0%| F|  |TAMS 0x0000000712a00000| PB 0x0000000712a00000| Untracked 
|  60|0x0000000712c00000, 0x0000000712c00000, 0x0000000712e00000|  0%| F|  |TAMS 0x0000000712c00000| PB 0x0000000712c00000| Untracked 
|  61|0x0000000712e00000, 0x0000000712e00000, 0x0000000713000000|  0%| F|  |TAMS 0x0000000712e00000| PB 0x0000000712e00000| Untracked 
|  62|0x0000000713000000, 0x0000000713000000, 0x0000000713200000|  0%| F|  |TAMS 0x0000000713000000| PB 0x0000000713000000| Untracked 
|  63|0x0000000713200000, 0x0000000713200000, 0x0000000713400000|  0%| F|  |TAMS 0x0000000713200000| PB 0x0000000713200000| Untracked 
|  64|0x0000000713400000, 0x0000000713400000, 0x0000000713600000|  0%| F|  |TAMS 0x0000000713400000| PB 0x0000000713400000| Untracked 
|  65|0x0000000713600000, 0x0000000713600000, 0x0000000713800000|  0%| F|  |TAMS 0x0000000713600000| PB 0x0000000713600000| Untracked 
|  66|0x0000000713800000, 0x0000000713800000, 0x0000000713a00000|  0%| F|  |TAMS 0x0000000713800000| PB 0x0000000713800000| Untracked 
|  67|0x0000000713a00000, 0x0000000713a00000, 0x0000000713c00000|  0%| F|  |TAMS 0x0000000713a00000| PB 0x0000000713a00000| Untracked 
|  68|0x0000000713c00000, 0x0000000713c00000, 0x0000000713e00000|  0%| F|  |TAMS 0x0000000713c00000| PB 0x0000000713c00000| Untracked 
|  69|0x0000000713e00000, 0x0000000713e00000, 0x0000000714000000|  0%| F|  |TAMS 0x0000000713e00000| PB 0x0000000713e00000| Untracked 
|  70|0x0000000714000000, 0x0000000714000000, 0x0000000714200000|  0%| F|  |TAMS 0x0000000714000000| PB 0x0000000714000000| Untracked 
|  71|0x0000000714200000, 0x0000000714200000, 0x0000000714400000|  0%| F|  |TAMS 0x0000000714200000| PB 0x0000000714200000| Untracked 
|  72|0x0000000714400000, 0x0000000714400000, 0x0000000714600000|  0%| F|  |TAMS 0x0000000714400000| PB 0x0000000714400000| Untracked 
|  73|0x0000000714600000, 0x0000000714600000, 0x0000000714800000|  0%| F|  |TAMS 0x0000000714600000| PB 0x0000000714600000| Untracked 
|  74|0x0000000714800000, 0x0000000714800000, 0x0000000714a00000|  0%| F|  |TAMS 0x0000000714800000| PB 0x0000000714800000| Untracked 
|  75|0x0000000714a00000, 0x0000000714a00000, 0x0000000714c00000|  0%| F|  |TAMS 0x0000000714a00000| PB 0x0000000714a00000| Untracked 
|  76|0x0000000714c00000, 0x0000000714c00000, 0x0000000714e00000|  0%| F|  |TAMS 0x0000000714c00000| PB 0x0000000714c00000| Untracked 
|  77|0x0000000714e00000, 0x0000000714e00000, 0x0000000715000000|  0%| F|  |TAMS 0x0000000714e00000| PB 0x0000000714e00000| Untracked 
|  78|0x0000000715000000, 0x0000000715000000, 0x0000000715200000|  0%| F|  |TAMS 0x0000000715000000| PB 0x0000000715000000| Untracked 
|  79|0x0000000715200000, 0x0000000715200000, 0x0000000715400000|  0%| F|  |TAMS 0x0000000715200000| PB 0x0000000715200000| Untracked 
|  80|0x0000000715400000, 0x0000000715400000, 0x0000000715600000|  0%| F|  |TAMS 0x0000000715400000| PB 0x0000000715400000| Untracked 
|  81|0x0000000715600000, 0x0000000715600000, 0x0000000715800000|  0%| F|  |TAMS 0x0000000715600000| PB 0x0000000715600000| Untracked 
|  82|0x0000000715800000, 0x0000000715800000, 0x0000000715a00000|  0%| F|  |TAMS 0x0000000715800000| PB 0x0000000715800000| Untracked 
|  83|0x0000000715a00000, 0x0000000715a00000, 0x0000000715c00000|  0%| F|  |TAMS 0x0000000715a00000| PB 0x0000000715a00000| Untracked 
|  84|0x0000000715c00000, 0x0000000715c00000, 0x0000000715e00000|  0%| F|  |TAMS 0x0000000715c00000| PB 0x0000000715c00000| Untracked 
|  85|0x0000000715e00000, 0x0000000715e00000, 0x0000000716000000|  0%| F|  |TAMS 0x0000000715e00000| PB 0x0000000715e00000| Untracked 
|  86|0x0000000716000000, 0x0000000716000000, 0x0000000716200000|  0%| F|  |TAMS 0x0000000716000000| PB 0x0000000716000000| Untracked 
|  87|0x0000000716200000, 0x0000000716200000, 0x0000000716400000|  0%| F|  |TAMS 0x0000000716200000| PB 0x0000000716200000| Untracked 
|  88|0x0000000716400000, 0x0000000716400000, 0x0000000716600000|  0%| F|  |TAMS 0x0000000716400000| PB 0x0000000716400000| Untracked 
|  89|0x0000000716600000, 0x0000000716600000, 0x0000000716800000|  0%| F|  |TAMS 0x0000000716600000| PB 0x0000000716600000| Untracked 
|  90|0x0000000716800000, 0x0000000716800000, 0x0000000716a00000|  0%| F|  |TAMS 0x0000000716800000| PB 0x0000000716800000| Untracked 
|  91|0x0000000716a00000, 0x0000000716a00000, 0x0000000716c00000|  0%| F|  |TAMS 0x0000000716a00000| PB 0x0000000716a00000| Untracked 
|  92|0x0000000716c00000, 0x0000000716c00000, 0x0000000716e00000|  0%| F|  |TAMS 0x0000000716c00000| PB 0x0000000716c00000| Untracked 
|  93|0x0000000716e00000, 0x0000000716e00000, 0x0000000717000000|  0%| F|  |TAMS 0x0000000716e00000| PB 0x0000000716e00000| Untracked 
|  94|0x0000000717000000, 0x0000000717000000, 0x0000000717200000|  0%| F|  |TAMS 0x0000000717000000| PB 0x0000000717000000| Untracked 
|  95|0x0000000717200000, 0x0000000717200000, 0x0000000717400000|  0%| F|  |TAMS 0x0000000717200000| PB 0x0000000717200000| Untracked 
|  96|0x0000000717400000, 0x0000000717400000, 0x0000000717600000|  0%| F|  |TAMS 0x0000000717400000| PB 0x0000000717400000| Untracked 
|  97|0x0000000717600000, 0x0000000717600000, 0x0000000717800000|  0%| F|  |TAMS 0x0000000717600000| PB 0x0000000717600000| Untracked 
|  98|0x0000000717800000, 0x0000000717800000, 0x0000000717a00000|  0%| F|  |TAMS 0x0000000717800000| PB 0x0000000717800000| Untracked 
|  99|0x0000000717a00000, 0x0000000717a00000, 0x0000000717c00000|  0%| F|  |TAMS 0x0000000717a00000| PB 0x0000000717a00000| Untracked 
| 100|0x0000000717c00000, 0x0000000717c00000, 0x0000000717e00000|  0%| F|  |TAMS 0x0000000717c00000| PB 0x0000000717c00000| Untracked 
| 101|0x0000000717e00000, 0x0000000717e00000, 0x0000000718000000|  0%| F|  |TAMS 0x0000000717e00000| PB 0x0000000717e00000| Untracked 
| 102|0x0000000718000000, 0x0000000718000000, 0x0000000718200000|  0%| F|  |TAMS 0x0000000718000000| PB 0x0000000718000000| Untracked 
| 103|0x0000000718200000, 0x0000000718200000, 0x0000000718400000|  0%| F|  |TAMS 0x0000000718200000| PB 0x0000000718200000| Untracked 
| 104|0x0000000718400000, 0x0000000718400000, 0x0000000718600000|  0%| F|  |TAMS 0x0000000718400000| PB 0x0000000718400000| Untracked 
| 105|0x0000000718600000, 0x0000000718600000, 0x0000000718800000|  0%| F|  |TAMS 0x0000000718600000| PB 0x0000000718600000| Untracked 
| 106|0x0000000718800000, 0x0000000718a00000, 0x0000000718a00000|100%| E|CS|TAMS 0x0000000718800000| PB 0x0000000718800000| Complete 
| 107|0x0000000718a00000, 0x0000000718c00000, 0x0000000718c00000|100%| E|CS|TAMS 0x0000000718a00000| PB 0x0000000718a00000| Complete 
| 108|0x0000000718c00000, 0x0000000718e00000, 0x0000000718e00000|100%| E|CS|TAMS 0x0000000718c00000| PB 0x0000000718c00000| Complete 
| 109|0x0000000718e00000, 0x0000000719000000, 0x0000000719000000|100%| E|CS|TAMS 0x0000000718e00000| PB 0x0000000718e00000| Complete 
| 110|0x0000000719000000, 0x0000000719200000, 0x0000000719200000|100%| S|CS|TAMS 0x0000000719000000| PB 0x0000000719000000| Complete 
| 111|0x0000000719200000, 0x0000000719400000, 0x0000000719400000|100%| S|CS|TAMS 0x0000000719200000| PB 0x0000000719200000| Complete 
| 112|0x0000000719400000, 0x0000000719600000, 0x0000000719600000|100%| E|CS|TAMS 0x0000000719400000| PB 0x0000000719400000| Complete 
| 113|0x0000000719600000, 0x0000000719800000, 0x0000000719800000|100%| E|CS|TAMS 0x0000000719600000| PB 0x0000000719600000| Complete 
| 114|0x0000000719800000, 0x0000000719a00000, 0x0000000719a00000|100%| E|CS|TAMS 0x0000000719800000| PB 0x0000000719800000| Complete 
| 115|0x0000000719a00000, 0x0000000719c00000, 0x0000000719c00000|100%| E|CS|TAMS 0x0000000719a00000| PB 0x0000000719a00000| Complete 
| 116|0x0000000719c00000, 0x0000000719e00000, 0x0000000719e00000|100%| E|CS|TAMS 0x0000000719c00000| PB 0x0000000719c00000| Complete 
| 117|0x0000000719e00000, 0x000000071a000000, 0x000000071a000000|100%| E|CS|TAMS 0x0000000719e00000| PB 0x0000000719e00000| Complete 
| 118|0x000000071a000000, 0x000000071a200000, 0x000000071a200000|100%| E|CS|TAMS 0x000000071a000000| PB 0x000000071a000000| Complete 
| 119|0x000000071a200000, 0x000000071a400000, 0x000000071a400000|100%| E|CS|TAMS 0x000000071a200000| PB 0x000000071a200000| Complete 
| 120|0x000000071a400000, 0x000000071a600000, 0x000000071a600000|100%| E|CS|TAMS 0x000000071a400000| PB 0x000000071a400000| Complete 
| 121|0x000000071a600000, 0x000000071a800000, 0x000000071a800000|100%| E|CS|TAMS 0x000000071a600000| PB 0x000000071a600000| Complete 
| 122|0x000000071a800000, 0x000000071aa00000, 0x000000071aa00000|100%| E|CS|TAMS 0x000000071a800000| PB 0x000000071a800000| Complete 
|1957|0x00000007ffe00000, 0x00000007fff0c838, 0x0000000800000000| 52%| O|  |TAMS 0x00000007ffe00000| PB 0x00000007ffe00000| Untracked 

Card table byte_map: [0x0000754ba45ac000,0x0000754ba4d52000] _byte_map_base: 0x0000754ba0d52000

Marking Bits: (CMBitMap*) 0x0000754ba0083e40
 Bits: [0x0000754b90ad0000, 0x0000754b94800000)

Polling page: 0x0000754ba7a7a000

Metaspace:

Usage:
  Non-class:     10.85 MB used.
      Class:      1.75 MB used.
       Both:     12.60 MB used.

Virtual space:
  Non-class space:       64.00 MB reserved,      11.06 MB ( 17%) committed,  1 nodes.
      Class space:        1.00 GB reserved,       1.88 MB ( <1%) committed,  1 nodes.
             Both:        1.06 GB reserved,      12.94 MB (  1%) committed. 

Chunk freelists:
   Non-Class:  3.72 MB
       Class:  14.14 MB
        Both:  17.86 MB

MaxMetaspaceSize: unlimited
CompressedClassSpaceSize: 1.00 GB
Initial GC threshold: 21.00 MB
Current GC threshold: 21.00 MB
CDS: on
 - commit_granule_bytes: 65536.
 - commit_granule_words: 8192.
 - virtual_space_node_default_size: 8388608.
 - enlarge_chunks_in_place: 1.
 - use_allocation_guard: 0.


Internal statistics:

num_allocs_failed_limit: 0.
num_arena_births: 424.
num_arena_deaths: 0.
num_vsnodes_births: 2.
num_vsnodes_deaths: 0.
num_space_committed: 207.
num_space_uncommitted: 0.
num_chunks_returned_to_freelist: 0.
num_chunks_taken_from_freelist: 920.
num_chunk_merges: 0.
num_chunk_splits: 587.
num_chunks_enlarged: 391.
num_inconsistent_stats: 0.

CodeCache: size=49152Kb used=5866Kb max_used=5866Kb free=43285Kb
 bounds [0x0000754b94800000, 0x0000754b94dc0000, 0x0000754b97800000]
 total_blobs=2468, nmethods=1976, adapters=414, full_count=0
Compilation: enabled, stopped_count=0, restarted_count=0

Compilation events (20 events):
Event: 0.724 Thread 0x0000754b140ad340 nmethod 1966 0x0000754b94db7210 code [0x0000754b94db73a0, 0x0000754b94db7468]
Event: 0.724 Thread 0x0000754ba015bfa0 nmethod 1965 0x0000754b94db7510 code [0x0000754b94db76c0, 0x0000754b94db77f8]
Event: 0.725 Thread 0x0000754b1414b040 1967       1       java.nio.HeapByteBuffer::getShort (29 bytes)
Event: 0.725 Thread 0x0000754b140ad340 1968   !   1       jdk.internal.misc.ScopedMemoryAccess::getShortUnaligned (18 bytes)
Event: 0.725 Thread 0x0000754ba015bfa0 1969   !   1       jdk.internal.misc.ScopedMemoryAccess::getShortUnalignedInternal (36 bytes)
Event: 0.726 Thread 0x0000754ba015bfa0 nmethod 1969 0x0000754b94db7e10 code [0x0000754b94db7fa0, 0x0000754b94db8130]
Event: 0.726 Thread 0x0000754b140ad340 nmethod 1968 0x0000754b94db8210 code [0x0000754b94db83c0, 0x0000754b94db85c0]
Event: 0.726 Thread 0x0000754b1414b040 nmethod 1967 0x0000754b94db8710 code [0x0000754b94db8900, 0x0000754b94db8c80]
Event: 0.726 Thread 0x0000754ba015bfa0 1971       1       java.security.AccessController::executePrivileged (65 bytes)
Event: 0.726 Thread 0x0000754ba015bfa0 nmethod 1971 0x0000754b94db8e90 code [0x0000754b94db9040, 0x0000754b94db9148]
Event: 0.727 Thread 0x0000754b140ad340 1972       1       sun.reflect.generics.parser.SignatureParser::parseFieldTypeSignature (6 bytes)
Event: 0.727 Thread 0x0000754af8001170 1973       1       sun.reflect.generics.parser.SignatureParser::parseFieldTypeSignature (73 bytes)
Event: 0.727 Thread 0x0000754b140ad340 nmethod 1972 0x0000754b94db9210 code [0x0000754b94db93a0, 0x0000754b94db9488]
Event: 0.727 Thread 0x0000754af8001170 nmethod 1973 0x0000754b94db9510 code [0x0000754b94db9740, 0x0000754b94db9ac0]
Event: 0.727 Thread 0x0000754ba015bfa0 1974       1       java.lang.reflect.Method::getParameterCount (6 bytes)
Event: 0.727 Thread 0x0000754ba015bfa0 nmethod 1974 0x0000754b94db9c90 code [0x0000754b94db9e20, 0x0000754b94db9ef0]
Event: 0.728 Thread 0x0000754b1414b040 1975       1       java.security.AccessController::doPrivileged (9 bytes)
Event: 0.728 Thread 0x0000754b140ad340 1976       1       java.lang.Class::getInterfaces (49 bytes)
Event: 0.728 Thread 0x0000754b1414b040 nmethod 1975 0x0000754b94db9f90 code [0x0000754b94dba140, 0x0000754b94dba240]
Event: 0.728 Thread 0x0000754b140ad340 nmethod 1976 0x0000754b94dba310 code [0x0000754b94dba4e0, 0x0000754b94dba760]

GC Heap History (3 events):
Event: 0.368 GC heap before
{Heap before GC invocations=0 (full 0):
 garbage-first heap   total 253952K, used 21554K [0x000000070b400000, 0x0000000800000000)
  region size 2048K, 11 young (22528K), 0 survivors (0K)
 Metaspace       used 5036K, committed 5248K, reserved 1114112K
  class space    used 659K, committed 768K, reserved 1048576K
}
Event: 0.371 GC heap after
{Heap after GC invocations=1 (full 0):
 garbage-first heap   total 253952K, used 8619K [0x000000070b400000, 0x0000000800000000)
  region size 2048K, 2 young (4096K), 2 survivors (4096K)
 Metaspace       used 5036K, committed 5248K, reserved 1114112K
  class space    used 659K, committed 768K, reserved 1048576K
}
Event: 0.728 GC heap before
{Heap before GC invocations=1 (full 0):
 garbage-first heap   total 253952K, used 39339K [0x000000070b400000, 0x0000000800000000)
  region size 2048K, 17 young (34816K), 2 survivors (4096K)
 Metaspace       used 12899K, committed 13248K, reserved 1114112K
  class space    used 1793K, committed 1920K, reserved 1048576K
}

Dll operation events (8 events):
Event: 0.001 Loaded shared library /usr/lib/jvm/java-21-openjdk-amd64/lib/libjava.so
Event: 0.061 Loaded shared library /usr/lib/jvm/java-21-openjdk-amd64/lib/libzip.so
Event: 0.065 Loaded shared library /usr/lib/jvm/java-21-openjdk-amd64/lib/libinstrument.so
Event: 0.067 Loaded shared library /usr/lib/jvm/java-21-openjdk-amd64/lib/libnio.so
Event: 0.069 Loaded shared library /usr/lib/jvm/java-21-openjdk-amd64/lib/libzip.so
Event: 0.124 Loaded shared library /usr/lib/jvm/java-21-openjdk-amd64/lib/libnet.so
Event: 0.128 Loaded shared library /usr/lib/jvm/java-21-openjdk-amd64/lib/libextnet.so
Event: 0.142 Loaded shared library /usr/lib/jvm/java-21-openjdk-amd64/lib/libjimage.so

Deoptimization events (0 events):
No events

Classes loaded (20 events):
Event: 0.710 Loading class sun/text/resources/cldr/FormatData_en_US
Event: 0.710 Loading class sun/text/resources/cldr/FormatData_en_US done
Event: 0.711 Loading class java/lang/StackTraceElement$HashedModules
Event: 0.712 Loading class java/lang/StackTraceElement$HashedModules done
Event: 0.714 Loading class java/time/ZonedDateTime$1
Event: 0.714 Loading class java/time/ZonedDateTime$1 done
Event: 0.718 Loading class org/xml/sax/ErrorHandler
Event: 0.718 Loading class org/xml/sax/ErrorHandler done
Event: 0.718 Loading class org/xml/sax/SAXParseException
Event: 0.718 Loading class org/xml/sax/SAXException
Event: 0.718 Loading class org/xml/sax/SAXException done
Event: 0.718 Loading class org/xml/sax/SAXParseException done
Event: 0.718 Loading class javax/xml/parsers/ParserConfigurationException
Event: 0.718 Loading class javax/xml/parsers/ParserConfigurationException done
Event: 0.718 Loading class org/xml/sax/EntityResolver
Event: 0.718 Loading class org/xml/sax/EntityResolver done
Event: 0.720 Loading class java/io/CharConversionException
Event: 0.721 Loading class java/io/CharConversionException done
Event: 0.725 Loading class java/io/CharArrayReader
Event: 0.725 Loading class java/io/CharArrayReader done

Classes unloaded (0 events):
No events

Classes redefined (0 events):
No events

Internal exceptions (20 events):
Event: 0.534 Thread 0x0000754ba001cb60 Exception <a 'java/lang/NoSuchMethodError'{0x0000000719f1a020}: 'int java.lang.invoke.DirectMethodHandle$Holder.invokeStaticInit(java.lang.Object, float, float)'> (0x0000000719f1a020) 
thrown [./src/hotspot/share/interpreter/linkResolver.cpp, line 772]
Event: 0.534 Thread 0x0000754ba001cb60 Exception <a 'java/lang/NoSuchMethodError'{0x0000000719f20ab0}: 'int java.lang.invoke.DirectMethodHandle$Holder.invokeStaticInit(java.lang.Object, double, double)'> (0x0000000719f20ab0) 
thrown [./src/hotspot/share/interpreter/linkResolver.cpp, line 772]
Event: 0.535 Thread 0x0000754ba001cb60 Exception <a 'java/lang/NoSuchMethodError'{0x0000000719f25018}: 'int java.lang.invoke.DirectMethodHandle$Holder.invokeStatic(java.lang.Object, long)'> (0x0000000719f25018) 
thrown [./src/hotspot/share/interpreter/linkResolver.cpp, line 772]
Event: 0.537 Thread 0x0000754ba001cb60 Exception <a 'java/lang/NoSuchMethodError'{0x0000000719f47120}: 'int java.lang.invoke.Invokers$Holder.linkToTargetMethod(java.lang.Object, java.lang.Object)'> (0x0000000719f47120) 
thrown [./src/hotspot/share/interpreter/linkResolver.cpp, line 772]
Event: 0.545 Thread 0x0000754ba001cb60 Exception <a 'java/lang/NoSuchMethodError'{0x0000000719fc2270}: 'java.lang.Object java.lang.invoke.DirectMethodHandle$Holder.invokeSpecial(java.lang.Object, java.lang.Object, java.lang.Object, int, java.lang.Object)'> (0x0000000719fc2270) 
thrown [./src/hotspot/share/interpreter/linkResolver.cpp, line 772]
Event: 0.545 Thread 0x0000754ba001cb60 Exception <a 'java/lang/NoSuchMethodError'{0x0000000719fc9870}: 'java.lang.Object java.lang.invoke.DirectMethodHandle$Holder.newInvokeSpecial(java.lang.Object, java.lang.Object, java.lang.Object, int, java.lang.Object)'> (0x0000000719fc9870) 
thrown [./src/hotspot/share/interpreter/linkResolver.cpp, line 772]
Event: 0.545 Thread 0x0000754ba001cb60 Exception <a 'java/lang/NoSuchMethodError'{0x0000000719fcd7f0}: 'java.lang.Object java.lang.invoke.DirectMethodHandle$Holder.invokeSpecial(java.lang.Object, java.lang.Object, java.lang.Object, java.lang.Object, int, java.lang.Object)'> (0x0000000719fcd7f0) 
thrown [./src/hotspot/share/interpreter/linkResolver.cpp, line 772]
Event: 0.546 Thread 0x0000754ba001cb60 Exception <a 'java/lang/NoSuchMethodError'{0x0000000719fd1080}: 'java.lang.Object java.lang.invoke.Invokers$Holder.linkToTargetMethod(java.lang.Object, java.lang.Object, int, java.lang.Object, java.lang.Object)'> (0x0000000719fd1080) 
thrown [./src/hotspot/share/interpreter/linkResolver.cpp, line 772]
Event: 0.546 Thread 0x0000754ba001cb60 Exception <a 'java/lang/NoSuchMethodError'{0x0000000719fe00b8}: 'java.lang.Object java.lang.invoke.DirectMethodHandle$Holder.newInvokeSpecial(java.lang.Object, int, java.lang.Object)'> (0x0000000719fe00b8) 
thrown [./src/hotspot/share/interpreter/linkResolver.cpp, line 772]
Event: 0.547 Thread 0x0000754ba001cb60 Exception <a 'java/lang/NoSuchMethodError'{0x0000000719fe48b8}: 'int java.lang.invoke.DirectMethodHandle$Holder.invokeSpecialIFC(java.lang.Object, java.lang.Object, java.lang.Object, java.lang.Object)'> (0x0000000719fe48b8) 
thrown [./src/hotspot/share/interpreter/linkResolver.cpp, line 772]
Event: 0.560 Thread 0x0000754ba001cb60 Exception <a 'java/lang/NoSuchMethodError'{0x0000000719c76608}: 'void java.lang.invoke.DirectMethodHandle$Holder.invokeInterface(java.lang.Object, java.lang.Object, java.lang.Object)'> (0x0000000719c76608) 
thrown [./src/hotspot/share/interpreter/linkResolver.cpp, line 772]
Event: 0.570 Thread 0x0000754ba001cb60 Exception <a 'java/lang/NoSuchMethodError'{0x0000000719ce9c48}: 'java.lang.Object java.lang.invoke.DirectMethodHandle$Holder.invokeVirtual(java.lang.Object, java.lang.Object, java.lang.Object)'> (0x0000000719ce9c48) 
thrown [./src/hotspot/share/interpreter/linkResolver.cpp, line 772]
Event: 0.582 Thread 0x0000754ba001cb60 Exception <a 'java/lang/NoSuchMethodError'{0x0000000719dba1c0}: 'void java.lang.invoke.DirectMethodHandle$Holder.invokeStatic(java.lang.Object, java.lang.Object, int)'> (0x0000000719dba1c0) 
thrown [./src/hotspot/share/interpreter/linkResolver.cpp, line 772]
Event: 0.584 Thread 0x0000754ba001cb60 Exception <a 'java/lang/NoSuchMethodError'{0x0000000719dcd380}: 'void java.lang.invoke.DirectMethodHandle$Holder.invokeStaticInit(java.lang.Object, java.lang.Object, java.lang.Object)'> (0x0000000719dcd380) 
thrown [./src/hotspot/share/interpreter/linkResolver.cpp, line 772]
Event: 0.588 Thread 0x0000754ba001cb60 Exception <a 'java/lang/NoSuchMethodError'{0x0000000719a24938}: 'java.lang.Object java.lang.invoke.DirectMethodHandle$Holder.invokeStaticInit(java.lang.Object, int)'> (0x0000000719a24938) 
thrown [./src/hotspot/share/interpreter/linkResolver.cpp, line 772]
Event: 0.589 Thread 0x0000754ba001cb60 Exception <a 'java/lang/NoSuchMethodError'{0x0000000719a2ecc0}: 'java.lang.Object java.lang.invoke.DirectMethodHandle$Holder.invokeStaticInit(java.lang.Object, int, java.lang.Object)'> (0x0000000719a2ecc0) 
thrown [./src/hotspot/share/interpreter/linkResolver.cpp, line 772]
Event: 0.600 Thread 0x0000754ba001cb60 Exception <a 'java/lang/NoSuchMethodError'{0x0000000719abcfb8}: 'void java.lang.invoke.DirectMethodHandle$Holder.invokeVirtual(java.lang.Object, java.lang.Object, java.lang.Object, java.lang.Object)'> (0x0000000719abcfb8) 
thrown [./src/hotspot/share/interpreter/linkResolver.cpp, line 772]
Event: 0.638 Thread 0x0000754ba001cb60 Exception <a 'java/lang/NoSuchMethodError'{0x0000000719933c58}: 'java.lang.Object java.lang.invoke.Invokers$Holder.invoke_MT(java.lang.Object, java.lang.Object, java.lang.Object, java.lang.Object, java.lang.Object, java.lang.Object, java.lang.Object, java.lang.Object, java.lang.Object)'> (0x0000000719933c58) 
thrown [./src/hotspot/share/interpreter/linkResolver.cpp, line 772]
Event: 0.642 Thread 0x0000754ba001cb60 Exception <a 'java/lang/NoSuchMethodError'{0x0000000719961db0}: 'java.lang.reflect.Field[] java.lang.Class.getDeclaredFields(java.lang.Class)'> (0x0000000719961db0) 
thrown [./src/hotspot/share/interpreter/linkResolver.cpp, line 772]
Event: 0.649 Thread 0x0000754ba001cb60 Exception <a 'java/lang/IncompatibleClassChangeError'{0x0000000719693fa0}: Found class java.lang.Object, but interface was expected> (0x0000000719693fa0) 
thrown [./src/hotspot/share/interpreter/linkResolver.cpp, line 840]

ZGC Phase Switch (0 events):
No events

VM Operations (20 events):
Event: 0.126 Executing VM operation: HandshakeAllThreads (Deoptimize) done
Event: 0.133 Executing VM operation: HandshakeAllThreads (Deoptimize)
Event: 0.133 Executing VM operation: HandshakeAllThreads (Deoptimize) done
Event: 0.135 Executing VM operation: HandshakeAllThreads (Deoptimize)
Event: 0.135 Executing VM operation: HandshakeAllThreads (Deoptimize) done
Event: 0.189 Executing VM operation: HandshakeAllThreads (Deoptimize)
Event: 0.189 Executing VM operation: HandshakeAllThreads (Deoptimize) done
Event: 0.368 Executing VM operation: G1CollectForAllocation (G1 Evacuation Pause)
Event: 0.371 Executing VM operation: G1CollectForAllocation (G1 Evacuation Pause) done
Event: 0.377 Executing VM operation: HandshakeAllThreads (Deoptimize)
Event: 0.377 Executing VM operation: HandshakeAllThreads (Deoptimize) done
Event: 0.530 Executing VM operation: HandshakeAllThreads (Deoptimize)
Event: 0.530 Executing VM operation: HandshakeAllThreads (Deoptimize) done
Event: 0.593 Executing VM operation: ICBufferFull
Event: 0.594 Executing VM operation: ICBufferFull done
Event: 0.630 Executing VM operation: HandshakeAllThreads (Deoptimize)
Event: 0.630 Executing VM operation: HandshakeAllThreads (Deoptimize) done
Event: 0.632 Executing VM operation: HandshakeAllThreads (Deoptimize)
Event: 0.632 Executing VM operation: HandshakeAllThreads (Deoptimize) done
Event: 0.728 Executing VM operation: G1CollectForAllocation (G1 Evacuation Pause)

Memory protections (14 events):
Event: 0.001 Protecting memory [0x0000754ba5d00000,0x0000754ba5d04000] with protection modes 0
Event: 0.019 Protecting memory [0x0000754b900c7000,0x0000754b900cb000] with protection modes 0
Event: 0.019 Protecting memory [0x0000754b80f00000,0x0000754b80f04000] with protection modes 0
Event: 0.019 Protecting memory [0x0000754b80e00000,0x0000754b80e04000] with protection modes 0
Event: 0.019 Protecting memory [0x0000754b80d00000,0x0000754b80d04000] with protection modes 0
Event: 0.019 Protecting memory [0x0000754b80c00000,0x0000754b80c04000] with protection modes 0
Event: 0.019 Protecting memory [0x0000754b80b00000,0x0000754b80b04000] with protection modes 0
Event: 0.050 Protecting memory [0x0000754b80a00000,0x0000754b80a04000] with protection modes 0
Event: 0.066 Protecting memory [0x0000754b80900000,0x0000754b80904000] with protection modes 0
Event: 0.123 Protecting memory [0x0000754b80800000,0x0000754b80804000] with protection modes 0
Event: 0.123 Protecting memory [0x0000754b80700000,0x0000754b80704000] with protection modes 0
Event: 0.241 Protecting memory [0x0000754b80600000,0x0000754b80604000] with protection modes 0
Event: 0.241 Protecting memory [0x0000754b80500000,0x0000754b80504000] with protection modes 0
Event: 0.636 Protecting memory [0x0000754b2ef00000,0x0000754b2ef04000] with protection modes 0

Nmethod flushes (0 events):
No events

Events (14 events):
Event: 0.010 Thread 0x0000754ba001cb60 Thread added: 0x0000754ba001cb60
Event: 0.019 Thread 0x0000754ba001cb60 Thread added: 0x0000754ba0155010
Event: 0.019 Thread 0x0000754ba001cb60 Thread added: 0x0000754ba0156570
Event: 0.019 Thread 0x0000754ba001cb60 Thread added: 0x0000754ba0157cf0
Event: 0.019 Thread 0x0000754ba001cb60 Thread added: 0x0000754ba0159320
Event: 0.019 Thread 0x0000754ba001cb60 Thread added: 0x0000754ba015a8b0
Event: 0.019 Thread 0x0000754ba001cb60 Thread added: 0x0000754ba015bfa0
Event: 0.050 Thread 0x0000754ba015bfa0 Thread added: 0x0000754b140ad340
Event: 0.066 Thread 0x0000754ba001cb60 Thread added: 0x0000754ba01a8ea0
Event: 0.123 Thread 0x0000754ba001cb60 Thread added: 0x0000754ba04d72b0
Event: 0.123 Thread 0x0000754ba001cb60 Thread added: 0x0000754ba04d9430
Event: 0.241 Thread 0x0000754ba015bfa0 Thread added: 0x0000754b1414b040
Event: 0.241 Thread 0x0000754b1414b040 Thread added: 0x0000754af8001170
Event: 0.636 Thread 0x0000754ba001cb60 Thread added: 0x0000754ba0927a50


Dynamic libraries:
70b400000-71aa00000 rw-p 00000000 00:00 0 
71aa00000-7ffe00000 ---p 00000000 00:00 0 
7ffe00000-7fff0d000 rw-p 00cdf000 103:07 2661284                         /usr/lib/jvm/java-21-openjdk-amd64/lib/server/classes.jsa
7fff0d000-800000000 rw-p 00000000 00:00 0 
5e71fedcd000-5e71fedce000 r--p 00000000 103:07 2533317                   /usr/lib/jvm/java-21-openjdk-amd64/bin/java
5e71fedce000-5e71fedcf000 r-xp 00001000 103:07 2533317                   /usr/lib/jvm/java-21-openjdk-amd64/bin/java
5e71fedcf000-5e71fedd0000 r--p 00002000 103:07 2533317                   /usr/lib/jvm/java-21-openjdk-amd64/bin/java
5e71fedd0000-5e71fedd1000 r--p 00002000 103:07 2533317                   /usr/lib/jvm/java-21-openjdk-amd64/bin/java
5e71fedd1000-5e71fedd2000 rw-p 00003000 103:07 2533317                   /usr/lib/jvm/java-21-openjdk-amd64/bin/java
5e7208629000-5e7208672000 rw-p 00000000 00:00 0                          [heap]
754ae0000000-754ae0129000 rw-p 00000000 00:00 0 
754ae0129000-754ae4000000 ---p 00000000 00:00 0 
754ae8000000-754ae8021000 rw-p 00000000 00:00 0 
754ae8021000-754aec000000 ---p 00000000 00:00 0 
754aec000000-754aec021000 rw-p 00000000 00:00 0 
754aec021000-754af0000000 ---p 00000000 00:00 0 
754af0000000-754af0021000 rw-p 00000000 00:00 0 
754af0021000-754af4000000 ---p 00000000 00:00 0 
754af4000000-754af4021000 rw-p 00000000 00:00 0 
754af4021000-754af8000000 ---p 00000000 00:00 0 
754af8000000-754af80a2000 rw-p 00000000 00:00 0 
754af80a2000-754afc000000 ---p 00000000 00:00 0 
754afc000000-754afc0ba000 rw-p 00000000 00:00 0 
754afc0ba000-754b00000000 ---p 00000000 00:00 0 
754b00000000-754b00021000 rw-p 00000000 00:00 0 
754b00021000-754b04000000 ---p 00000000 00:00 0 
754b04000000-754b04021000 rw-p 00000000 00:00 0 
754b04021000-754b08000000 ---p 00000000 00:00 0 
754b08000000-754b080d5000 rw-p 00000000 00:00 0 
754b080d5000-754b0c000000 ---p 00000000 00:00 0 
754b0c000000-754b0c021000 rw-p 00000000 00:00 0 
754b0c021000-754b10000000 ---p 00000000 00:00 0 
754b10000000-754b10021000 rw-p 00000000 00:00 0 
754b10021000-754b14000000 ---p 00000000 00:00 0 
754b14000000-754b14205000 rw-p 00000000 00:00 0 
754b14205000-754b18000000 ---p 00000000 00:00 0 
754b18000000-754b18021000 rw-p 00000000 00:00 0 
754b18021000-754b1c000000 ---p 00000000 00:00 0 
754b1c000000-754b1c021000 rw-p 00000000 00:00 0 
754b1c021000-754b20000000 ---p 00000000 00:00 0 
754b20000000-754b20021000 rw-p 00000000 00:00 0 
754b20021000-754b24000000 ---p 00000000 00:00 0 
754b24000000-754b24021000 rw-p 00000000 00:00 0 
754b24021000-754b28000000 ---p 00000000 00:00 0 
754b28000000-754b28021000 rw-p 00000000 00:00 0 
754b28021000-754b2c000000 ---p 00000000 00:00 0 
754b2ea99000-754b2ef00000 rw-p 00000000 00:00 0 
754b2ef00000-754b2ef04000 ---p 00000000 00:00 0 
754b2ef04000-754b2f000000 rw-p 00000000 00:00 0 
754b2f000000-754b2f2c0000 rw-p 00000000 00:00 0 
754b2f2c0000-754b2f400000 ---p 00000000 00:00 0 
754b2f400000-754b2fc50000 rw-p 00000000 00:00 0 
754b2fc50000-754b33000000 ---p 00000000 00:00 0 
754b33000000-754b33ca0000 rw-p 00001000 103:07 2661284                   /usr/lib/jvm/java-21-openjdk-amd64/lib/server/classes.jsa
754b33ca0000-754b34000000 ---p 00000000 00:00 0 
754b34000000-754b34040000 rw-p 00000000 00:00 0 
754b34040000-754b34080000 rw-p 00000000 00:00 0 
754b34080000-754b340e0000 rw-p 00000000 00:00 0 
754b340e0000-754b34100000 rw-p 00000000 00:00 0 
754b34100000-754b341e0000 rw-p 00000000 00:00 0 
754b341e0000-754b74000000 ---p 00000000 00:00 0 
754b74000000-754b74021000 rw-p 00000000 00:00 0 
754b74021000-754b78000000 ---p 00000000 00:00 0 
754b78000000-754b78021000 rw-p 00000000 00:00 0 
754b78021000-754b7c000000 ---p 00000000 00:00 0 
754b7c000000-754b7c021000 rw-p 00000000 00:00 0 
754b7c021000-754b80000000 ---p 00000000 00:00 0 
754b800fc000-754b800fd000 ---p 00000000 00:00 0 
754b800fd000-754b801fd000 rw-p 00000000 00:00 0 
754b801fd000-754b801fe000 ---p 00000000 00:00 0 
754b801fe000-754b802fe000 rw-p 00000000 00:00 0 
754b802fe000-754b802ff000 ---p 00000000 00:00 0 
754b802ff000-754b803ff000 rw-p 00000000 00:00 0 
754b803ff000-754b80400000 ---p 00000000 00:00 0 
754b80400000-754b80500000 rw-p 00000000 00:00 0 
754b80500000-754b80504000 ---p 00000000 00:00 0 
754b80504000-754b80600000 rw-p 00000000 00:00 0 
754b80600000-754b80604000 ---p 00000000 00:00 0 
754b80604000-754b80700000 rw-p 00000000 00:00 0 
754b80700000-754b80704000 ---p 00000000 00:00 0 
754b80704000-754b80800000 rw-p 00000000 00:00 0 
754b80800000-754b80804000 ---p 00000000 00:00 0 
754b80804000-754b80900000 rw-p 00000000 00:00 0 
754b80900000-754b80904000 ---p 00000000 00:00 0 
754b80904000-754b80a00000 rw-p 00000000 00:00 0 
754b80a00000-754b80a04000 ---p 00000000 00:00 0 
754b80a04000-754b80b00000 rw-p 00000000 00:00 0 
754b80b00000-754b80b04000 ---p 00000000 00:00 0 
754b80b04000-754b80c00000 rw-p 00000000 00:00 0 
754b80c00000-754b80c04000 ---p 00000000 00:00 0 
754b80c04000-754b80d00000 rw-p 00000000 00:00 0 
754b80d00000-754b80d04000 ---p 00000000 00:00 0 
754b80d04000-754b80e00000 rw-p 00000000 00:00 0 
754b80e00000-754b80e04000 ---p 00000000 00:00 0 
754b80e04000-754b80f00000 rw-p 00000000 00:00 0 
754b80f00000-754b80f04000 ---p 00000000 00:00 0 
754b80f04000-754b81000000 rw-p 00000000 00:00 0 
754b81000000-754b81f06000 r--p 00000000 103:07 2486627                   /usr/lib/locale/locale-archive
754b82000000-754b84000000 rw-p 00000000 00:00 0 
754b84000000-754b84021000 rw-p 00000000 00:00 0 
754b84021000-754b88000000 ---p 00000000 00:00 0 
754b88000000-754b88021000 rw-p 00000000 00:00 0 
754b88021000-754b8c000000 ---p 00000000 00:00 0 
754b8c000000-754b8c021000 rw-p 00000000 00:00 0 
754b8c021000-754b90000000 ---p 00000000 00:00 0 
754b900c7000-754b900cb000 ---p 00000000 00:00 0 
754b900cb000-754b901c7000 rw-p 00000000 00:00 0 
754b901c7000-754b901c8000 ---p 00000000 00:00 0 
754b901c8000-754b902c8000 rw-p 00000000 00:00 0 
754b902c8000-754b902c9000 ---p 00000000 00:00 0 
754b902c9000-754b903c9000 rw-p 00000000 00:00 0 
754b903c9000-754b903ca000 ---p 00000000 00:00 0 
754b903ca000-754b904ca000 rw-p 00000000 00:00 0 
754b904ca000-754b904cb000 ---p 00000000 00:00 0 
754b904cb000-754b905cb000 rw-p 00000000 00:00 0 
754b905cb000-754b90ea8000 rw-p 00000000 00:00 0 
754b90ea8000-754b947f8000 ---p 00000000 00:00 0 
754b947f8000-754b94800000 rw-p 00000000 00:00 0 
754b94800000-754b94dc0000 rwxp 00000000 00:00 0 
754b94dc0000-754b97800000 ---p 00000000 00:00 0 
754b97800000-754b9fe37000 r--s 00000000 103:07 2533396                   /usr/lib/jvm/java-21-openjdk-amd64/lib/modules
754b9fe7e000-754ba0000000 rw-p 00000000 00:00 0 
754ba0000000-754ba09d7000 rw-p 00000000 00:00 0 
754ba09d7000-754ba4000000 ---p 00000000 00:00 0 
754ba4026000-754ba4029000 r--p 00000000 103:07 2533387                   /usr/lib/jvm/java-21-openjdk-amd64/lib/libnet.so
754ba4029000-754ba4031000 r-xp 00003000 103:07 2533387                   /usr/lib/jvm/java-21-openjdk-amd64/lib/libnet.so
754ba4031000-754ba4033000 r--p 0000b000 103:07 2533387                   /usr/lib/jvm/java-21-openjdk-amd64/lib/libnet.so
754ba4033000-754ba4034000 r--p 0000c000 103:07 2533387                   /usr/lib/jvm/java-21-openjdk-amd64/lib/libnet.so
754ba4034000-754ba4035000 rw-p 0000d000 103:07 2533387                   /usr/lib/jvm/java-21-openjdk-amd64/lib/libnet.so
754ba4035000-754ba403c000 r--p 00000000 103:07 2533388                   /usr/lib/jvm/java-21-openjdk-amd64/lib/libnio.so
754ba403c000-754ba4045000 r-xp 00007000 103:07 2533388                   /usr/lib/jvm/java-21-openjdk-amd64/lib/libnio.so
754ba4045000-754ba4049000 r--p 00010000 103:07 2533388                   /usr/lib/jvm/java-21-openjdk-amd64/lib/libnio.so
754ba4049000-754ba404a000 ---p 00014000 103:07 2533388                   /usr/lib/jvm/java-21-openjdk-amd64/lib/libnio.so
754ba404a000-754ba404b000 r--p 00014000 103:07 2533388                   /usr/lib/jvm/java-21-openjdk-amd64/lib/libnio.so
754ba404b000-754ba404c000 rw-p 00015000 103:07 2533388                   /usr/lib/jvm/java-21-openjdk-amd64/lib/libnio.so
754ba404c000-754ba42a9000 rw-p 00000000 00:00 0 
754ba42a9000-754ba42aa000 ---p 00000000 00:00 0 
754ba42aa000-754ba43aa000 rw-p 00000000 00:00 0 
754ba43aa000-754ba43ab000 ---p 00000000 00:00 0 
754ba43ab000-754ba44ab000 rw-p 00000000 00:00 0 
754ba44ab000-754ba44ac000 ---p 00000000 00:00 0 
754ba44ac000-754ba45ac000 rw-p 00000000 00:00 0 
754ba45ac000-754ba4627000 rw-p 00000000 00:00 0 
754ba4627000-754ba4d51000 ---p 00000000 00:00 0 
754ba4d51000-754ba4dcd000 rw-p 00000000 00:00 0 
754ba4dcd000-754ba54f7000 ---p 00000000 00:00 0 
754ba54f7000-754ba5d00000 rw-p 00000000 00:00 0 
754ba5d00000-754ba5d04000 ---p 00000000 00:00 0 
754ba5d04000-754ba5e00000 rw-p 00000000 00:00 0 
754ba5e00000-754ba5e9a000 r--p 00000000 103:07 2485690                   /usr/lib/x86_64-linux-gnu/libstdc++.so.6.0.30
754ba5e9a000-754ba5fab000 r-xp 0009a000 103:07 2485690                   /usr/lib/x86_64-linux-gnu/libstdc++.so.6.0.30
754ba5fab000-754ba601a000 r--p 001ab000 103:07 2485690                   /usr/lib/x86_64-linux-gnu/libstdc++.so.6.0.30
754ba601a000-754ba601b000 ---p 0021a000 103:07 2485690                   /usr/lib/x86_64-linux-gnu/libstdc++.so.6.0.30
754ba601b000-754ba6026000 r--p 0021a000 103:07 2485690                   /usr/lib/x86_64-linux-gnu/libstdc++.so.6.0.30
754ba6026000-754ba6029000 rw-p 00225000 103:07 2485690                   /usr/lib/x86_64-linux-gnu/libstdc++.so.6.0.30
754ba6029000-754ba602c000 rw-p 00000000 00:00 0 
754ba603a000-754ba60c5000 rw-p 00000000 00:00 0 
754ba60c5000-754ba6119000 ---p 00000000 00:00 0 
754ba6119000-754ba6127000 r--p 00000000 103:07 2487146                   /usr/lib/x86_64-linux-gnu/libm.so.6
754ba6127000-754ba61a3000 r-xp 0000e000 103:07 2487146                   /usr/lib/x86_64-linux-gnu/libm.so.6
754ba61a3000-754ba61fe000 r--p 0008a000 103:07 2487146                   /usr/lib/x86_64-linux-gnu/libm.so.6
754ba61fe000-754ba61ff000 r--p 000e4000 103:07 2487146                   /usr/lib/x86_64-linux-gnu/libm.so.6
754ba61ff000-754ba6200000 rw-p 000e5000 103:07 2487146                   /usr/lib/x86_64-linux-gnu/libm.so.6
754ba6200000-754ba64a2000 r--p 00000000 103:07 2661287                   /usr/lib/jvm/java-21-openjdk-amd64/lib/server/libjvm.so
754ba64a2000-754ba731e000 r-xp 002a2000 103:07 2661287                   /usr/lib/jvm/java-21-openjdk-amd64/lib/server/libjvm.so
754ba731e000-754ba75f8000 r--p 0111e000 103:07 2661287                   /usr/lib/jvm/java-21-openjdk-amd64/lib/server/libjvm.so
754ba75f8000-754ba75f9000 ---p 013f8000 103:07 2661287                   /usr/lib/jvm/java-21-openjdk-amd64/lib/server/libjvm.so
754ba75f9000-754ba76cd000 r--p 013f8000 103:07 2661287                   /usr/lib/jvm/java-21-openjdk-amd64/lib/server/libjvm.so
754ba76cd000-754ba76fd000 rw-p 014cc000 103:07 2661287                   /usr/lib/jvm/java-21-openjdk-amd64/lib/server/libjvm.so
754ba76fd000-754ba7763000 rw-p 00000000 00:00 0 
754ba7769000-754ba7770000 r--s 00000000 103:07 2488636                   /usr/lib/x86_64-linux-gnu/gconv/gconv-modules.cache
754ba7770000-754ba7772000 r--p 00000000 103:07 2533395                   /usr/lib/jvm/java-21-openjdk-amd64/lib/libzip.so
754ba7772000-754ba7777000 r-xp 00002000 103:07 2533395                   /usr/lib/jvm/java-21-openjdk-amd64/lib/libzip.so
754ba7777000-754ba7779000 r--p 00007000 103:07 2533395                   /usr/lib/jvm/java-21-openjdk-amd64/lib/libzip.so
754ba7779000-754ba777a000 r--p 00008000 103:07 2533395                   /usr/lib/jvm/java-21-openjdk-amd64/lib/libzip.so
754ba777a000-754ba777b000 rw-p 00009000 103:07 2533395                   /usr/lib/jvm/java-21-openjdk-amd64/lib/libzip.so
754ba777b000-754ba77bc000 rw-p 00000000 00:00 0 
754ba77bc000-754ba77c9000 r--p 00000000 103:07 2533373                   /usr/lib/jvm/java-21-openjdk-amd64/lib/libjava.so
754ba77c9000-754ba77d7000 r-xp 0000d000 103:07 2533373                   /usr/lib/jvm/java-21-openjdk-amd64/lib/libjava.so
754ba77d7000-754ba77dc000 r--p 0001b000 103:07 2533373                   /usr/lib/jvm/java-21-openjdk-amd64/lib/libjava.so
754ba77dc000-754ba77dd000 ---p 00020000 103:07 2533373                   /usr/lib/jvm/java-21-openjdk-amd64/lib/libjava.so
754ba77dd000-754ba77de000 r--p 00020000 103:07 2533373                   /usr/lib/jvm/java-21-openjdk-amd64/lib/libjava.so
754ba77de000-754ba77df000 rw-p 00021000 103:07 2533373                   /usr/lib/jvm/java-21-openjdk-amd64/lib/libjava.so
754ba77df000-754ba77e0000 rw-p 00000000 00:00 0 
754ba77e0000-754ba77e3000 r--p 00000000 103:07 2512176                   /usr/lib/x86_64-linux-gnu/libgcc_s.so.1
754ba77e3000-754ba77fa000 r-xp 00003000 103:07 2512176                   /usr/lib/x86_64-linux-gnu/libgcc_s.so.1
754ba77fa000-754ba77fe000 r--p 0001a000 103:07 2512176                   /usr/lib/x86_64-linux-gnu/libgcc_s.so.1
754ba77fe000-754ba77ff000 r--p 0001d000 103:07 2512176                   /usr/lib/x86_64-linux-gnu/libgcc_s.so.1
754ba77ff000-754ba7800000 rw-p 0001e000 103:07 2512176                   /usr/lib/x86_64-linux-gnu/libgcc_s.so.1
754ba7800000-754ba7828000 r--p 00000000 103:07 2487143                   /usr/lib/x86_64-linux-gnu/libc.so.6
754ba7828000-754ba79bd000 r-xp 00028000 103:07 2487143                   /usr/lib/x86_64-linux-gnu/libc.so.6
754ba79bd000-754ba7a15000 r--p 001bd000 103:07 2487143                   /usr/lib/x86_64-linux-gnu/libc.so.6
754ba7a15000-754ba7a16000 ---p 00215000 103:07 2487143                   /usr/lib/x86_64-linux-gnu/libc.so.6
754ba7a16000-754ba7a1a000 r--p 00215000 103:07 2487143                   /usr/lib/x86_64-linux-gnu/libc.so.6
754ba7a1a000-754ba7a1c000 rw-p 00219000 103:07 2487143                   /usr/lib/x86_64-linux-gnu/libc.so.6
754ba7a1c000-754ba7a29000 rw-p 00000000 00:00 0 
754ba7a2d000-754ba7a35000 rw-s 00000000 103:07 3029048                   /tmp/hsperfdata_mdanial/37658
754ba7a35000-754ba7a37000 r--p 00000000 103:07 2533368                   /usr/lib/jvm/java-21-openjdk-amd64/lib/libinstrument.so
754ba7a37000-754ba7a3d000 r-xp 00002000 103:07 2533368                   /usr/lib/jvm/java-21-openjdk-amd64/lib/libinstrument.so
754ba7a3d000-754ba7a40000 r--p 00008000 103:07 2533368                   /usr/lib/jvm/java-21-openjdk-amd64/lib/libinstrument.so
754ba7a40000-754ba7a41000 r--p 0000a000 103:07 2533368                   /usr/lib/jvm/java-21-openjdk-amd64/lib/libinstrument.so
754ba7a41000-754ba7a42000 rw-p 0000b000 103:07 2533368                   /usr/lib/jvm/java-21-openjdk-amd64/lib/libinstrument.so
754ba7a42000-754ba7a45000 rw-p 00000000 00:00 0 
754ba7a45000-754ba7a47000 r--p 00000000 103:07 2533377                   /usr/lib/jvm/java-21-openjdk-amd64/lib/libjli.so
754ba7a47000-754ba7a51000 r-xp 00002000 103:07 2533377                   /usr/lib/jvm/java-21-openjdk-amd64/lib/libjli.so
754ba7a51000-754ba7a54000 r--p 0000c000 103:07 2533377                   /usr/lib/jvm/java-21-openjdk-amd64/lib/libjli.so
754ba7a54000-754ba7a55000 ---p 0000f000 103:07 2533377                   /usr/lib/jvm/java-21-openjdk-amd64/lib/libjli.so
754ba7a55000-754ba7a56000 r--p 0000f000 103:07 2533377                   /usr/lib/jvm/java-21-openjdk-amd64/lib/libjli.so
754ba7a56000-754ba7a57000 rw-p 00010000 103:07 2533377                   /usr/lib/jvm/java-21-openjdk-amd64/lib/libjli.so
754ba7a57000-754ba7a59000 r--p 00000000 103:07 2517456                   /usr/lib/x86_64-linux-gnu/libz.so.1.2.11
754ba7a59000-754ba7a6a000 r-xp 00002000 103:07 2517456                   /usr/lib/x86_64-linux-gnu/libz.so.1.2.11
754ba7a6a000-754ba7a70000 r--p 00013000 103:07 2517456                   /usr/lib/x86_64-linux-gnu/libz.so.1.2.11
754ba7a70000-754ba7a71000 ---p 00019000 103:07 2517456                   /usr/lib/x86_64-linux-gnu/libz.so.1.2.11
754ba7a71000-754ba7a72000 r--p 00019000 103:07 2517456                   /usr/lib/x86_64-linux-gnu/libz.so.1.2.11
754ba7a72000-754ba7a73000 rw-p 0001a000 103:07 2517456                   /usr/lib/x86_64-linux-gnu/libz.so.1.2.11
754ba7a75000-754ba7a76000 r--p 00000000 103:07 2533366                   /usr/lib/jvm/java-21-openjdk-amd64/lib/libextnet.so
754ba7a76000-754ba7a77000 r-xp 00001000 103:07 2533366                   /usr/lib/jvm/java-21-openjdk-amd64/lib/libextnet.so
754ba7a77000-754ba7a78000 r--p 00002000 103:07 2533366                   /usr/lib/jvm/java-21-openjdk-amd64/lib/libextnet.so
754ba7a78000-754ba7a79000 r--p 00002000 103:07 2533366                   /usr/lib/jvm/java-21-openjdk-amd64/lib/libextnet.so
754ba7a79000-754ba7a7a000 rw-p 00003000 103:07 2533366                   /usr/lib/jvm/java-21-openjdk-amd64/lib/libextnet.so
754ba7a7a000-754ba7a7b000 ---p 00000000 00:00 0 
754ba7a7b000-754ba7a7c000 r--p 00000000 00:00 0 
754ba7a7c000-754ba7a7e000 r--p 00000000 103:07 2533376                   /usr/lib/jvm/java-21-openjdk-amd64/lib/libjimage.so
754ba7a7e000-754ba7a81000 r-xp 00002000 103:07 2533376                   /usr/lib/jvm/java-21-openjdk-amd64/lib/libjimage.so
754ba7a81000-754ba7a82000 r--p 00005000 103:07 2533376                   /usr/lib/jvm/java-21-openjdk-amd64/lib/libjimage.so
754ba7a82000-754ba7a83000 ---p 00006000 103:07 2533376                   /usr/lib/jvm/java-21-openjdk-amd64/lib/libjimage.so
754ba7a83000-754ba7a84000 r--p 00006000 103:07 2533376                   /usr/lib/jvm/java-21-openjdk-amd64/lib/libjimage.so
754ba7a84000-754ba7a85000 rw-p 00007000 103:07 2533376                   /usr/lib/jvm/java-21-openjdk-amd64/lib/libjimage.so
754ba7a85000-754ba7a87000 rw-p 00000000 00:00 0 
754ba7a87000-754ba7a8b000 r--p 00000000 00:00 0                          [vvar]
754ba7a8b000-754ba7a8d000 r--p 00000000 00:00 0                          [vvar_vclock]
754ba7a8d000-754ba7a8f000 r-xp 00000000 00:00 0                          [vdso]
754ba7a8f000-754ba7a91000 r--p 00000000 103:07 2487140                   /usr/lib/x86_64-linux-gnu/ld-linux-x86-64.so.2
754ba7a91000-754ba7abb000 r-xp 00002000 103:07 2487140                   /usr/lib/x86_64-linux-gnu/ld-linux-x86-64.so.2
754ba7abb000-754ba7ac6000 r--p 0002c000 103:07 2487140                   /usr/lib/x86_64-linux-gnu/ld-linux-x86-64.so.2
754ba7ac6000-754ba7ac7000 ---p 00000000 00:00 0 
754ba7ac7000-754ba7ac9000 r--p 00037000 103:07 2487140                   /usr/lib/x86_64-linux-gnu/ld-linux-x86-64.so.2
754ba7ac9000-754ba7acb000 rw-p 00039000 103:07 2487140                   /usr/lib/x86_64-linux-gnu/ld-linux-x86-64.so.2
7ffed1197000-7ffed11bb000 rw-p 00000000 00:00 0                          [stack]
ffffffffff600000-ffffffffff601000 --xp 00000000 00:00 0                  [vsyscall]
Total number of mappings: 240

JVMTI agents:
/snap/intellij-idea-community/709/lib/idea_rt.jar path:none, loaded, initialized, instrumentlib options:38585


VM Arguments:
jvm_args: -XX:TieredStopAtLevel=1 -Dspring.output.ansi.enabled=always -javaagent:/snap/intellij-idea-community/709/lib/idea_rt.jar=38585 -Dfile.encoding=UTF-8 -Dsun.stdout.encoding=UTF-8 -Dsun.stderr.encoding=UTF-8 
java_command: com.dshopflow.dshopflow_api.DshopflowApiApplication
java_class_path (initial): /home/mdanial/Dev/Projects/dshopflow-api/target/classes:/home/mdanial/.m2/repository/org/springframework/boot/spring-boot-starter-data-jpa/4.0.3/spring-boot-starter-data-jpa-4.0.3.jar:/home/mdanial/.m2/repository/org/springframework/boot/spring-boot-starter/4.0.3/spring-boot-starter-4.0.3.jar:/home/mdanial/.m2/repository/org/springframework/boot/spring-boot-starter-logging/4.0.3/spring-boot-starter-logging-4.0.3.jar:/home/mdanial/.m2/repository/ch/qos/logback/logback-classic/1.5.32/logback-classic-1.5.32.jar:/home/mdanial/.m2/repository/ch/qos/logback/logback-core/1.5.32/logback-core-1.5.32.jar:/home/mdanial/.m2/repository/org/apache/logging/log4j/log4j-to-slf4j/2.25.3/log4j-to-slf4j-2.25.3.jar:/home/mdanial/.m2/repository/org/apache/logging/log4j/log4j-api/2.25.3/log4j-api-2.25.3.jar:/home/mdanial/.m2/repository/org/slf4j/jul-to-slf4j/2.0.17/jul-to-slf4j-2.0.17.jar:/home/mdanial/.m2/repository/org/springframework/boot/spring-boot-autoconfigure/4.0.3/spring-boot-autoconfigure-4.0.3.jar:/home/mdanial/.m2/repository/jakarta/annotation/jakarta.annotation-api/3.0.0/jakarta.annotation-api-3.0.0.jar:/home/mdanial/.m2/repository/org/yaml/snakeyaml/2.5/snakeyaml-2.5.jar:/home/mdanial/.m2/repository/org/springframework/boot/spring-boot-starter-jdbc/4.0.3/spring-boot-starter-jdbc-4.0.3.jar:/home/mdanial/.m2/repository/com/zaxxer/HikariCP/7.0.2/HikariCP-7.0.2.jar:/home/mdanial/.m2/repository/org/slf4j/slf4j-api/2.0.17/slf4j-api-2.0.17.jar:/home/mdanial/.m2/repository/org/springframework/boot/spring-boot-data-jpa/4.0.3/spring-boot-data-jpa-4.0.3.jar:/home/mdanial/.m2/repository/org/springframework/boot/spring-boot-data-commons/4.0.3/spring-boot-data-commons-4.0.3.jar:/home/mdanial/.m2/repository/org/springframework/boot/spring-boot-persistence/4.0.3/spring-boot-persistence-4.0.3.jar:/home/mdanial/.m2/repository/org/springframework/data/spring-data-commons/4.0.3/spring-data-commons-4.0.3.jar:/home/mdanial/.m2/repository/org/springframework/boot/spring-boot-hibernate/4.0.3/spring-boot-hibernate-4.0.3.jar:/home/mdanial/.m2/repository/org/springframework/boot/spring-boot-jpa/4.0.3/spring-boot-jpa-4.0.3.jar:/home/mdanial/.m2/repository/jakarta/persistence/jakarta.persistence-api/3.2.0/jakarta.persistence-api-3.2.0.jar:/home/mdanial/.m2/repository/org/hibernate/orm/hibernate-core/7.2.4.Final/hibernate-core-7.2.4.Final.jar:/home/mdanial/.m2/repository/jakarta/transaction/jakarta.transaction-api/2.0.1/jakarta.transaction-api-2.0.1.jar:/home/mdanial/.m2/repository/org/jboss/logging/jboss-logging/3.6.2.Final/jboss-logging-3.6.2.Final.jar:/home/mdanial/.m2/repository/org/hibernate/models/hibernate-models/1.0.1/hibernate-models-1.0.1.jar:/home/mdanial/.m2/repository/com/fasterxml/classmate/1.7.3/classmate-1.7.3.jar:/home/mdanial/.m2/repository/org/glassfish/jaxb/jaxb-runtime/4.0.6/jaxb-runtime-4.0.6.jar:/home/mdanial/.m2/repository/org/glassfish/jaxb/jaxb-core/4.0.6/jaxb-core-4.0.6.jar:/home/mdanial/.m2/repository/org/eclipse/angus/angus-activation/2.0.3/angus-activation-2.0.3.jar:/home/mdanial/.m2/repository/org/glassfish/jaxb/txw2/4.0.6/txw2-4.0.6.jar:/home/mdanial/.m2/repository/com/sun/istack/istack-commons-runtime/4.1.2/istack-commons-runtime-4.1.2.jar:/home/mdanial/.m2/repository/jakarta/inject/jakarta.inject-api/2.0.1/jakarta.inject-api-2.0.1.jar:/home/mdanial/.m2/repository/org/springframework/spring-orm/7.0.5/spring-orm-7.0.5.jar:/home/mdanial/.m2/repository/org/springframework/data/spring-data-jpa/4.0.3/spring-data-jpa-4.0.3.jar:/home/mdanial/.m2/repository/org/springframework/spring-context/7.0.5/spring-context-7.0.5.jar:/home/mdanial/.m2/repository/org/springframework/spring-tx/7.0.5/spring-tx-7.0.5.jar:/home/mdanial/.m2/repository/org/antlr/antlr4-runtime/4.13.2/antlr4-runtime-4.13.2.jar:/home/mdanial/.m2/repository/org/springframework/spring-aspects/7.0.5/spring-aspects-7.0.5.jar:/home/mdanial/.m2/repository/org/aspectj/aspectjweaver/1.9.25.1/aspectjweaver-1.9.25.1.jar:/home/mdanial/.m2/repository/org/springframework/boot/spring-boot-jdbc/4.0.3/spring-boot-jdbc-4.0.3.jar:/home/mdanial/.m2/repository/org/springframework/boot/spring-boot/4.0.3/spring-boot-4.0.3.jar:/home/mdanial/.m2/repository/org/springframework/boot/spring-boot-sql/4.0.3/spring-boot-sql-4.0.3.jar:/home/mdanial/.m2/repository/org/springframework/boot/spring-boot-transaction/4.0.3/spring-boot-transaction-4.0.3.jar:/home/mdanial/.m2/repository/org/springframework/spring-jdbc/7.0.5/spring-jdbc-7.0.5.jar:/home/mdanial/.m2/repository/org/springframework/boot/spring-boot-starter-security/4.0.3/spring-boot-starter-security-4.0.3.jar:/home/mdanial/.m2/repository/org/springframework/boot/spring-boot-security/4.0.3/spring-boot-security-4.0.3.jar:/home/mdanial/.m2/repository/org/springframework/security/spring-security-config/7.0.3/spring-security-config-7.0.3.jar:/home/mdanial/.m2/repository/org/springframework/security/spring-security-core/7.0.3/spring-security-core-7.0.3.jar:/home/mdanial/.m2/repository/org/springframework/security/spring-security-crypto/7.0.3/spring-security-crypto-7.0.3.jar:/home/mdanial/.m2/repository/org/springframework/security/spring-security-web/7.0.3/spring-security-web-7.0.3.jar:/home/mdanial/.m2/repository/org/springframework/spring-expression/7.0.5/spring-expression-7.0.5.jar:/home/mdanial/.m2/repository/org/springframework/spring-aop/7.0.5/spring-aop-7.0.5.jar:/home/mdanial/.m2/repository/org/springframework/spring-beans/7.0.5/spring-beans-7.0.5.jar:/home/mdanial/.m2/repository/org/springframework/spring-core/7.0.5/spring-core-7.0.5.jar:/home/mdanial/.m2/repository/commons-logging/commons-logging/1.3.5/commons-logging-1.3.5.jar:/home/mdanial/.m2/repository/org/jspecify/jspecify/1.0.0/jspecify-1.0.0.jar:/home/mdanial/.m2/repository/org/springframework/boot/spring-boot-starter-webmvc/4.0.3/spring-boot-starter-webmvc-4.0.3.jar:/home/mdanial/.m2/repository/org/springframework/boot/spring-boot-starter-jackson/4.0.3/spring-boot-starter-jackson-4.0.3.jar:/home/mdanial/.m2/repository/org/springframework/boot/spring-boot-jackson/4.0.3/spring-boot-jackson-4.0.3.jar:/home/mdanial/.m2/repository/tools/jackson/core/jackson-databind/3.0.4/jackson-databind-3.0.4.jar:/home/mdanial/.m2/repository/com/fasterxml/jackson/core/jackson-annotations/2.20/jackson-annotations-2.20.jar:/home/mdanial/.m2/repository/tools/jackson/core/jackson-core/3.0.4/jackson-core-3.0.4.jar:/home/mdanial/.m2/repository/org/springframework/boot/spring-boot-starter-tomcat/4.0.3/spring-boot-starter-tomcat-4.0.3.jar:/home/mdanial/.m2/repository/org/springframework/boot/spring-boot-starter-tomcat-runtime/4.0.3/spring-boot-starter-tomcat-runtime-4.0.3.jar:/home/mdanial/.m2/repository/org/apache/tomcat/embed/tomcat-embed-core/11.0.18/tomcat-embed-core-11.0.18.jar:/home/mdanial/.m2/repository/org/apache/tomcat/embed/tomcat-embed-el/11.0.18/tomcat-embed-el-11.0.18.jar:/home/mdanial/.m2/repository/org/apache/tomcat/embed/tomcat-embed-websocket/11.0.18/tomcat-embed-websocket-11.0.18.jar:/home/mdanial/.m2/repository/org/springframework/boot/spring-boot-tomcat/4.0.3/spring-boot-tomcat-4.0.3.jar:/home/mdanial/.m2/repository/org/springframework/boot/spring-boot-http-converter/4.0.3/spring-boot-http-converter-4.0.3.jar:/home/mdanial/.m2/repository/org/springframework/spring-web/7.0.5/spring-web-7.0.5.jar:/home/mdanial/.m2/repository/io/micrometer/micrometer-observation/1.16.3/micrometer-observation-1.16.3.jar:/home/mdanial/.m2/repository/io/micrometer/micrometer-commons/1.16.3/micrometer-commons-1.16.3.jar:/home/mdanial/.m2/repository/org/springframework/boot/spring-boot-webmvc/4.0.3/spring-boot-webmvc-4.0.3.jar:/home/mdanial/.m2/repository/org/springframework/boot/spring-boot-servlet/4.0.3/spring-boot-servlet-4.0.3.jar:/home/mdanial/.m2/repository/org/springframework/spring-webmvc/7.0.5/spring-webmvc-7.0.5.jar:/home/mdanial/.m2/repository/org/postgresql/postgresql/42.7.10/postgresql-42.7.10.jar:/home/mdanial/.m2/repository/org/checkerframework/checker-qual/3.52.0/checker-qual-3.52.0.jar:/home/mdanial/.m2/repository/org/projectlombok/lombok/1.18.42/lombok-1.18.42.jar:/home/mdanial/.m2/repository/jakarta/xml/bind/jakarta.xml.bind-api/4.0.4/jakarta.xml.bind-api-4.0.4.jar:/home/mdanial/.m2/repository/jakarta/activation/jakarta.activation-api/2.1.4/jakarta.activation-api-2.1.4.jar:/home/mdanial/.m2/repository/net/bytebuddy/byte-buddy/1.17.8/byte-buddy-1.17.8.jar:/home/mdanial/.m2/repository/org/springframework/boot/spring-boot-web-server/4.0.3/spring-boot-web-server-4.0.3.jar
Launcher Type: SUN_STANDARD

[Global flags]
     intx CICompilerCount                          = 4                                         {product} {ergonomic}
     uint ConcGCThreads                            = 2                                         {product} {ergonomic}
     uint G1ConcRefinementThreads                  = 8                                         {product} {ergonomic}
   size_t G1HeapRegionSize                         = 2097152                                   {product} {ergonomic}
    uintx GCDrainStackTargetSize                   = 64                                        {product} {ergonomic}
   size_t InitialHeapSize                          = 257949696                                 {product} {ergonomic}
   size_t MarkStackSize                            = 4194304                                   {product} {ergonomic}
   size_t MaxHeapSize                              = 4106223616                                {product} {ergonomic}
   size_t MaxNewSize                               = 2462056448                                {product} {ergonomic}
   size_t MinHeapDeltaBytes                        = 2097152                                   {product} {ergonomic}
   size_t MinHeapSize                              = 8388608                                   {product} {ergonomic}
    uintx NonNMethodCodeHeapSize                   = 4096                                   {pd product} {ergonomic}
    uintx NonProfiledCodeHeapSize                  = 0                                      {pd product} {ergonomic}
     bool ProfileInterpreter                       = false                                  {pd product} {command line}
    uintx ProfiledCodeHeapSize                     = 0                                      {pd product} {ergonomic}
   size_t SoftMaxHeapSize                          = 4106223616                             {manageable} {ergonomic}
     intx TieredStopAtLevel                        = 1                                         {product} {command line}
     bool UseCompressedOops                        = true                           {product lp64_product} {ergonomic}
     bool UseG1GC                                  = true                                      {product} {ergonomic}

Logging:
Log output configuration:
 #0: stdout all=warning uptime,level,tags foldmultilines=false
 #1: stderr all=off uptime,level,tags foldmultilines=false

Release file:
IMPLEMENTOR="Ubuntu"
JAVA_RUNTIME_VERSION="21.0.9+10-Ubuntu-122.04"
JAVA_VERSION="21.0.9"
JAVA_VERSION_DATE="2025-10-21"
LIBC="gnu"
MODULES="java.base java.compiler java.datatransfer java.xml java.prefs java.desktop java.instrument java.logging java.management java.security.sasl java.naming java.rmi java.management.rmi java.net.http java.scripting java.security.jgss java.transaction.xa java.sql java.sql.rowset java.xml.crypto java.se java.smartcardio jdk.accessibility jdk.internal.jvmstat jdk.attach jdk.charsets jdk.internal.opt jdk.zipfs jdk.compiler jdk.crypto.ec jdk.crypto.cryptoki jdk.dynalink jdk.internal.ed jdk.editpad jdk.hotspot.agent jdk.httpserver jdk.incubator.vector jdk.internal.le jdk.internal.vm.ci jdk.internal.vm.compiler jdk.internal.vm.compiler.management jdk.jartool jdk.javadoc jdk.jcmd jdk.management jdk.management.agent jdk.jconsole jdk.jdeps jdk.jdwp.agent jdk.jdi jdk.jfr jdk.jlink jdk.jpackage jdk.jshell jdk.jsobject jdk.jstatd jdk.localedata jdk.management.jfr jdk.naming.dns jdk.naming.rmi jdk.net jdk.nio.mapmode jdk.random jdk.sctp jdk.security.auth jdk.security.jgss jdk.unsupported jdk.unsupported.desktop jdk.xml.dom"
OS_ARCH="x86_64"
OS_NAME="Linux"
SOURCE=""

Environment Variables:
PATH=/home/mdanial/.local/bin:/usr/local/sbin:/usr/local/bin:/usr/sbin:/usr/bin:/sbin:/bin:/usr/games:/usr/local/games:/snap/bin:/snap/bin
USERNAME=mdanial
SHELL=/bin/bash
DISPLAY=:1
LANG=en_US.UTF-8
TERM=xterm-256color

Active Locale:
LC_ALL=en_US.UTF-8
LC_COLLATE=en_US.UTF-8
LC_CTYPE=en_US.UTF-8
LC_MESSAGES=en_US.UTF-8
LC_MONETARY=en_US.UTF-8
LC_NUMERIC=en_US.UTF-8
LC_TIME=en_US.UTF-8

Signal Handlers:
   SIGSEGV: crash_handler in libjvm.so, mask=11100100010111111101111111111110, flags=SA_RESTART|SA_SIGINFO, unblocked
    SIGBUS: crash_handler in libjvm.so, mask=11100100010111111101111111111110, flags=SA_RESTART|SA_SIGINFO, unblocked
    SIGFPE: crash_handler in libjvm.so, mask=11100100010111111101111111111110, flags=SA_RESTART|SA_SIGINFO, unblocked
   SIGPIPE: javaSignalHandler in libjvm.so, mask=11100100010111111101111111111110, flags=SA_RESTART|SA_SIGINFO, blocked
   SIGXFSZ: javaSignalHandler in libjvm.so, mask=11100100010111111101111111111110, flags=SA_RESTART|SA_SIGINFO, blocked
    SIGILL: crash_handler in libjvm.so, mask=11100100010111111101111111111110, flags=SA_RESTART|SA_SIGINFO, unblocked
   SIGUSR2: SR_handler in libjvm.so, mask=00000000000000000000000000000000, flags=SA_RESTART|SA_SIGINFO, blocked
    SIGHUP: UserHandler in libjvm.so, mask=11100100010111111101111111111110, flags=SA_RESTART|SA_SIGINFO, blocked
    SIGINT: UserHandler in libjvm.so, mask=11100100010111111101111111111110, flags=SA_RESTART|SA_SIGINFO, blocked
   SIGTERM: UserHandler in libjvm.so, mask=11100100010111111101111111111110, flags=SA_RESTART|SA_SIGINFO, blocked
   SIGQUIT: UserHandler in libjvm.so, mask=11100100010111111101111111111110, flags=SA_RESTART|SA_SIGINFO, blocked
   SIGTRAP: crash_handler in libjvm.so, mask=11100100010111111101111111111110, flags=SA_RESTART|SA_SIGINFO, unblocked


Periodic native trim disabled

---------------  S Y S T E M  ---------------

OS:
DISTRIB_ID=Pop
DISTRIB_RELEASE=22.04
DISTRIB_CODENAME=jammy
DISTRIB_DESCRIPTION="Pop!_OS 22.04 LTS"
uname: Linux 6.17.9-76061709-generic #202511241048~1764704751~22.04~b24b425 SMP PREEMPT_DYNAMIC Tue D x86_64
OS uptime: 0 days 14:52 hours
libc: glibc 2.35 NPTL 2.35 
rlimit (soft/hard): STACK 8192k/infinity , CORE 0k/infinity , NPROC 61725/61725 , NOFILE 1048576/1048576 , AS infinity/infinity , CPU infinity/infinity , DATA infinity/infinity , FSIZE infinity/infinity , MEMLOCK 2004248k/2004248k
load average: 1.08 1.13 1.35

/proc/meminfo:
MemTotal:       16033988 kB
MemFree:         1566384 kB
MemAvailable:    7059680 kB
Buffers:          219596 kB
Cached:          6838824 kB
SwapCached:            0 kB
Active:          9580552 kB
Inactive:        3517424 kB
Active(anon):    6706480 kB
Inactive(anon):        0 kB
Active(file):    2874072 kB
Inactive(file):  3517424 kB
Unevictable:      436152 kB
Mlocked:              64 kB
SwapTotal:      16033788 kB
SwapFree:       16033788 kB
Zswap:                 0 kB
Zswapped:              0 kB
Dirty:            118112 kB
Writeback:             0 kB
AnonPages:       6476284 kB
Mapped:          2108256 kB
Shmem:            666924 kB
KReclaimable:     193188 kB
Slab:             372680 kB
SReclaimable:     193188 kB
SUnreclaim:       179492 kB
KernelStack:       21264 kB
PageTables:        72676 kB
SecPageTables:      4396 kB
NFS_Unstable:          0 kB
Bounce:                0 kB
WritebackTmp:          0 kB
CommitLimit:    24050780 kB
Committed_AS:   24712512 kB
VmallocTotal:   34359738367 kB
VmallocUsed:      163844 kB
VmallocChunk:          0 kB
Percpu:             8832 kB
HardwareCorrupted:     0 kB
AnonHugePages:     20480 kB
ShmemHugePages:   385024 kB
ShmemPmdMapped:        0 kB
FileHugePages:     81920 kB
FilePmdMapped:         0 kB
CmaTotal:              0 kB
CmaFree:               0 kB
Unaccepted:            0 kB
Balloon:               0 kB
HugePages_Total:       0
HugePages_Free:        0
HugePages_Rsvd:        0
HugePages_Surp:        0
Hugepagesize:       2048 kB
Hugetlb:               0 kB
DirectMap4k:      232776 kB
DirectMap2M:     4669440 kB
DirectMap1G:    12582912 kB

/sys/kernel/mm/transparent_hugepage/enabled: always [madvise] never
/sys/kernel/mm/transparent_hugepage/hpage_pmd_size: 2097152
/sys/kernel/mm/transparent_hugepage/defrag (defrag/compaction efforts parameter): always defer defer+madvise [madvise] never

Process Memory:
Virtual Size: 7169408K (peak: 7230408K)
Resident Set Size: 111280K (peak: 111280K) (anon: 88548K, file: 22732K, shmem: 0K)
Swapped out: 0K
C-Heap outstanding allocations: 37989K, retained: 2482K
glibc malloc tunables: (default)

/proc/sys/kernel/threads-max (system-wide limit on the number of threads): 123451
/proc/sys/vm/max_map_count (maximum number of memory map areas a process may have): 2147483642
/proc/sys/vm/swappiness (control to define how aggressively the kernel swaps out anonymous memory): 180
/proc/sys/kernel/pid_max (system-wide limit on number of process identifiers): 4194304

container information not found.
Steal ticks since vm start: 0
Steal ticks percentage since vm start:  0.000

CPU: total 8 (initial active 8) (4 cores per cpu, 2 threads per core) family 6 model 142 stepping 12 microcode 0x100, cx8, cmov, fxsr, ht, mmx, 3dnowpref, sse, sse2, sse3, ssse3, sse4.1, sse4.2, popcnt, lzcnt, tsc, tscinvbit, avx, avx2, aes, erms, clmul, bmi1, bmi2, rtm, adx, fma, vzeroupper, clflush, clflushopt, rdtscp, f16c
CPU Model and flags from /proc/cpuinfo:
model name	: Intel(R) Core(TM) i7-10610U CPU @ 1.80GHz
flags		: fpu vme de pse tsc msr pae mce cx8 apic sep mtrr pge mca cmov pat pse36 clflush dts acpi mmx fxsr sse sse2 ss ht tm pbe syscall nx pdpe1gb rdtscp lm constant_tsc art arch_perfmon pebs bts rep_good nopl xtopology nonstop_tsc cpuid aperfmperf pni pclmulqdq dtes64 monitor ds_cpl vmx smx est tm2 ssse3 sdbg fma cx16 xtpr pdcm pcid sse4_1 sse4_2 x2apic movbe popcnt tsc_deadline_timer aes xsave avx f16c rdrand lahf_lm abm 3dnowprefetch cpuid_fault epb ssbd ibrs ibpb stibp ibrs_enhanced tpr_shadow flexpriority ept vpid ept_ad fsgsbase tsc_adjust bmi1 avx2 smep bmi2 erms invpcid mpx rdseed adx smap clflushopt intel_pt xsaveopt xsavec xgetbv1 xsaves dtherm ida arat pln pts hwp hwp_notify hwp_act_window hwp_epp vnmi md_clear flush_l1d arch_capabilities

Online cpus: 0-7
Offline cpus: 
BIOS frequency limitation: <Not Available>
Frequency switch latency (ns): 0
Available cpu frequencies: <Not Available>
Current governor: powersave
Core performance/turbo boost: <Not Available>

Memory: 4k page, physical 16033988k(7059680k free), swap 16033788k(16033788k free)
Page Sizes: 4k

vm_info: OpenJDK 64-Bit Server VM (21.0.9+10-Ubuntu-122.04) for linux-amd64 JRE (21.0.9+10-Ubuntu-122.04), built on 2025-10-23T12:39:18Z by "buildd" with gcc 12.3.0

END.
