#
# A fatal error has been detected by the Java Runtime Environment:
#
#  SIGSEGV (0xb) at pc=0x00007e2c11fa8e4e, pid=37559, tid=37582
#
# JRE version: OpenJDK Runtime Environment (21.0.9+10) (build 21.0.9+10-Ubuntu-122.04)
# Java VM: OpenJDK 64-Bit Server VM (21.0.9+10-Ubuntu-122.04, mixed mode, emulated-client, sharing, tiered, compressed oops, compressed class ptrs, g1 gc, linux-amd64)
# Problematic frame:
# V  [libjvm.so+0xda8e4e]  method_hash(Method const*)+0xe
#
# Core dump will be written. Default location: Core dumps may be processed with "/usr/share/apport/apport -p%p -s%s -c%c -d%d -P%P -u%u -g%g -F%F -- %E" (or dumping to /home/mdanial/Dev/Projects/dshopflow-api/core.37559)
#
# If you would like to submit a bug report, please visit:
#   https://bugs.launchpad.net/ubuntu/+source/openjdk-21
#

---------------  S U M M A R Y ------------

Command Line: -XX:TieredStopAtLevel=1 -Dspring.output.ansi.enabled=always -javaagent:/snap/intellij-idea-community/709/lib/idea_rt.jar=40453 -Dfile.encoding=UTF-8 -Dsun.stdout.encoding=UTF-8 -Dsun.stderr.encoding=UTF-8 com.dshopflow.dshopflow_api.DshopflowApiApplication

Host: Intel(R) Core(TM) i7-10610U CPU @ 1.80GHz, 8 cores, 15G, Pop!_OS 22.04 LTS
Time: Sat Mar  7 20:43:59 2026 PKT elapsed time: 1.655845 seconds (0d 0h 0m 1s)

---------------  T H R E A D  ---------------

Current thread (0x00007e2c0c159320):  JavaThread "Service Thread" daemon [_thread_in_vm, id=37582, stack(0x00007e2bf8cf7000,0x00007e2bf8df7000) (1024K)]

Stack: [0x00007e2bf8cf7000,0x00007e2bf8df7000],  sp=0x00007e2bf8df5b00,  free space=1018k
Native frames: (J=compiled Java code, j=interpreted, Vv=VM code, C=native code)
V  [libjvm.so+0xda8e4e]  method_hash(Method const*)+0xe
V  [libjvm.so+0xdaa4fd]  ResolvedMethodTable::grow(JavaThread*)+0x47d
V  [libjvm.so+0xdab405]  ResolvedMethodTable::do_concurrent_work(JavaThread*)+0xa5
V  [libjvm.so+0xdc333f]  ServiceThread::service_thread_entry(JavaThread*, JavaThread*)+0x4df
V  [libjvm.so+0x92985c]  JavaThread::thread_main_inner()+0x1fc
V  [libjvm.so+0xf93fe7]  Thread::call_run()+0xa7
V  [libjvm.so+0xd08b15]  thread_native_entry(Thread*)+0xd5

siginfo: si_signo: 11 (SIGSEGV), si_code: 1 (SEGV_MAPERR), si_addr: 0x00007e2f98173100

Registers:
RAX=0x00007e2f981730f8, RBX=0x00007e2c0c74bc10, RCX=0x0000000000000001, RDX=0x00007e2c0c159320
RSP=0x00007e2bf8df5b00, RBP=0x00007e2bf8df5b10, RSI=0x0000000000000010, RDI=0x00007e2f981730f8
R8 =0x00007e2b98966ed0, R9 =0x00000fc574690d75, R10=0x0000000000000077, R11=0x18189b810c34dc76
R12=0x00007e2f981730f8, R13=0x00007e2c0c90c9a0, R14=0x0000000000000000, R15=0x00007e2c0c136050
RIP=0x00007e2c11fa8e4e, EFLAGS=0x0000000000010206, CSGSFS=0x002b000000000033, ERR=0x0000000000000004
  TRAPNO=0x000000000000000e

XMM[0]=0x0000000000000000 0x0000000000000000
XMM[1]=0x00007e2b80000090 0x00007e2b80000090
XMM[2]=0x0000000000000000 0x000000000000000c
XMM[3]=0x00007e2c0c159a70 0x00007e2c0c159a60
XMM[4]=0x0000000000000000 0x00007e2bf8df5cef
XMM[5]=0x00007e2c12b4ee87 0x00007e2c0c15a6f0
XMM[6]=0x000059ccda0aa8b0 0x0000000000000007
XMM[7]=0x00007e2bf8df7000 0x0000000000000004
XMM[8]=0x74696e6f6d202020 0x2020202020202000
XMM[9]=0x0000000000000000 0x0000000000000000
XMM[10]=0x281504063e13040d 0x0d0e13150f0e2212
XMM[11]=0x0000000000000000 0x00007e2c1232fa60
XMM[12]=0x0000000000000000 0x0000000000000000
XMM[13]=0x0000000000000000 0x0000000000000000
XMM[14]=0x0000000000000000 0x0000000000000000
XMM[15]=0xcafebabecafebabe 0xcafebabecafebabe
  MXCSR=0x00001fa2


Register to memory mapping:

RAX=0x00007e2f981730f8 is an unknown value
RBX=0x00007e2c0c74bc10 points into unknown readable memory: 0x0000000000000000 | 00 00 00 00 00 00 00 00
RCX=0x0000000000000001 is an unknown value
RDX=0x00007e2c0c159320 is a thread
RSP=0x00007e2bf8df5b00 is pointing into the stack for thread: 0x00007e2c0c159320
RBP=0x00007e2bf8df5b10 is pointing into the stack for thread: 0x00007e2c0c159320
RSI=0x0000000000000010 is an unknown value
RDI=0x00007e2f981730f8 is an unknown value
R8 =0x00007e2b98966ed0 is pointing into metadata
R9 =0x00000fc574690d75 is an unknown value
R10=0x0000000000000077 is an unknown value
R11=0x18189b810c34dc76 is an unknown value
R12=0x00007e2f981730f8 is an unknown value
R13=0x00007e2c0c90c9a0 points into unknown readable memory: 0x00007e2c0c74bc10 | 10 bc 74 0c 2c 7e 00 00
R14=0x0 is null
R15=0x00007e2c0c136050 points into unknown readable memory: 0x0000000000000000 | 00 00 00 00 00 00 00 00

Top of Stack: (sp=0x00007e2bf8df5b00)
0x00007e2bf8df5b00:   00007e2c0c74bc10 00007e2b800040e8
0x00007e2bf8df5b10:   00007e2bf8df5c10 00007e2c11faa4fd
0x00007e2bf8df5b20:   00007e2bf8df5b60 00007e2bf8df5ba0
0x00007e2bf8df5b30:   00007e2bf8df5b78 000000000000024c
0x00007e2bf8df5b40:   0000000000001238 0000000000003238
0x00007e2bf8df5b50:   0000000000000647 00007e2b80000b70
0x00007e2bf8df5b60:   0000000000000247 00007e2c0c159320
0x00007e2bf8df5b70:   00007e2c0c136050 000000000000024c
0x00007e2bf8df5b80:   0000000000000400 000000000000000c
0x00007e2bf8df5b90:   00007e2c0c00dc00 00007e2c12730d98
0x00007e2bf8df5ba0:   00007e2bf8df0100 0000000000000000
0x00007e2bf8df5bb0:   00007e2c12730dc8 00007e2c12235300
0x00007e2bf8df5bc0:   0000000000000000 00007e2c123b9341
0x00007e2bf8df5bd0:   0000000000000000 0000000000000006
0x00007e2bf8df5be0:   0000000000000000 00007e2c0c159320
0x00007e2bf8df5bf0:   0000000000000000 0000000000000000
0x00007e2bf8df5c00:   0000000000000000 00007e2c126d3254
0x00007e2bf8df5c10:   00007e2bf8df5c40 00007e2c11fab405
0x00007e2bf8df5c20:   0000000000000000 0000000000000000
0x00007e2bf8df5c30:   0000000000000000 0000000000000000
0x00007e2bf8df5c40:   00007e2bf8df5d00 00007e2c11fc333f
0x00007e2bf8df5c50:   00007e2bf8df5ce0 00007e2c0c159320
0x00007e2bf8df5c60:   00007e2c0c1596b8 00007e2c0c159320
0x00007e2bf8df5c70:   0000000000000000 0000000000000000
0x00007e2bf8df5c80:   00007e2c12730d98 0000010000000100
0x00007e2bf8df5c90:   0000000000000009 00007e2c11fabac1
0x00007e2bf8df5ca0:   000000000000000f ea425982432ee600
0x00007e2bf8df5cb0:   00007e2b00000000 00007e2bf8df5ce0
0x00007e2bf8df5cc0:   00007e2bf8df5d00 00007e2c0c159a20
0x00007e2bf8df5cd0:   00007e2c11b27b50 00007e2bf8df5d50
0x00007e2bf8df5ce0:   00007e2c0c159a20 00007e2c11b27b50
0x00007e2bf8df5cf0:   00007e2c0c159320 00007e2c0c159e48 

Instructions: (pc=0x00007e2c11fa8e4e)
0x00007e2c11fa8d4e:   fc 48 83 f8 03 0f 86 d5 00 00 00 49 89 f4 49 89
0x00007e2c11fa8d5e:   d5 31 db eb 27 0f 1f 44 00 00 41 80 7d 00 00 75
0x00007e2c11fa8d6e:   13 49 8b 7f 08 ff 15 5f 8a 72 00 48 85 c0 0f 84
0x00007e2c11fa8d7e:   8e 00 00 00 4d 8b 3f 4d 85 ff 74 66 49 8b 7f 08
0x00007e2c11fa8d8e:   48 83 c3 01 ff 15 40 8a 72 00 48 89 c7 48 85 c0
0x00007e2c11fa8d9e:   74 c8 4d 8b 74 24 10 e8 e6 3f b7 ff 49 39 c6 75
0x00007e2c11fa8dae:   b9 49 8b 7f 08 ff 15 77 8f 72 00 49 89 c5 48 85
0x00007e2c11fa8dbe:   c0 74 2a 49 8b 04 24 48 8b b8 20 03 00 00 48 8b
0x00007e2c11fa8dce:   47 18 48 8b 57 20 48 29 c2 48 83 fa 07 76 43 48
0x00007e2c11fa8dde:   8d 50 08 48 89 57 18 4c 89 28 49 89 c5 4d 89 6c
0x00007e2c11fa8dee:   24 18 48 8b 45 c8 48 85 c0 74 03 48 89 18 48 83
0x00007e2c11fa8dfe:   c4 18 4c 89 f8 5b 41 5c 41 5d 41 5e 41 5f 5d c3
0x00007e2c11fa8e0e:   66 90 41 c6 45 00 01 e9 68 ff ff ff 66 0f 1f 44
0x00007e2c11fa8e1e:   00 00 31 d2 be 08 00 00 00 e8 a4 39 69 ff eb b7
0x00007e2c11fa8e2e:   45 31 ff 31 db eb bb 66 66 2e 0f 1f 84 00 00 00
0x00007e2c11fa8e3e:   00 00 f3 0f 1e fa 55 48 89 e5 41 54 49 89 fc 53
0x00007e2c11fa8e4e:   48 8b 47 08 48 8b 40 08 48 8b 40 18 48 8b 80 98
0x00007e2c11fa8e5e:   00 00 00 48 c1 e8 03 89 c3 c1 e3 05 29 c3 e8 7f
0x00007e2c11fa8e6e:   0c ee ff 8b 08 48 89 c2 0f b7 40 04 48 89 d6 0f
0x00007e2c11fa8e7e:   b7 52 06 48 c1 ee 03 c1 e0 08 66 c1 c2 08 31 f0
0x00007e2c11fa8e8e:   c1 e9 10 49 8b 74 24 08 31 d0 c1 e0 10 4c 8b 46
0x00007e2c11fa8e9e:   08 09 c8 31 d8 5b 41 5c 89 c1 5d c1 e1 05 29 c1
0x00007e2c11fa8eae:   0f b7 46 24 49 8b 54 c0 48 0f b7 42 04 8b 3a 49
0x00007e2c11fa8ebe:   89 d1 0f b7 52 06 49 c1 e9 03 c1 e0 08 c1 ef 10
0x00007e2c11fa8ece:   66 c1 c2 08 44 31 c8 31 d0 c1 e0 10 09 f8 31 c8
0x00007e2c11fa8ede:   89 c1 c1 e1 05 29 c1 0f b7 46 26 49 8b 54 c0 48
0x00007e2c11fa8eee:   0f b7 42 04 8b 32 48 89 d7 0f b7 52 06 48 c1 ef
0x00007e2c11fa8efe:   03 c1 e0 08 31 f8 66 c1 c2 08 31 d0 c1 e0 10 c1
0x00007e2c11fa8f0e:   ee 10 09 f0 31 c8 c3 90 66 2e 0f 1f 84 00 00 00
0x00007e2c11fa8f1e:   00 00 f3 0f 1e fa 55 48 89 e5 53 48 83 ec 08 48
0x00007e2c11fa8f2e:   8b 1d 34 cd 78 00 66 48 8d 3d 44 40 72 00 66 66
0x00007e2c11fa8f3e:   48 e8 1c 96 4f ff 48 8b 10 48 8b b2 a8 01 00 00 


Stack slot to memory mapping:

stack at sp + 0 slots: 0x00007e2c0c74bc10 points into unknown readable memory: 0x0000000000000000 | 00 00 00 00 00 00 00 00
stack at sp + 1 slots: 0x00007e2b800040e8 points into unknown readable memory: 0x00007e2c0c74bc11 | 11 bc 74 0c 2c 7e 00 00
stack at sp + 2 slots: 0x00007e2bf8df5c10 is pointing into the stack for thread: 0x00007e2c0c159320
stack at sp + 3 slots: 0x00007e2c11faa4fd: <offset 0x0000000000daa4fd> in /usr/lib/jvm/java-21-openjdk-amd64/lib/server/libjvm.so at 0x00007e2c11200000
stack at sp + 4 slots: 0x00007e2bf8df5b60 is pointing into the stack for thread: 0x00007e2c0c159320
stack at sp + 5 slots: 0x00007e2bf8df5ba0 is pointing into the stack for thread: 0x00007e2c0c159320
stack at sp + 6 slots: 0x00007e2bf8df5b78 is pointing into the stack for thread: 0x00007e2c0c159320
stack at sp + 7 slots: 0x000000000000024c is an unknown value


---------------  P R O C E S S  ---------------

Threads class SMR info:
_java_thread_list=0x00007e2b54271460, length=13, elements={
0x00007e2c0c01cb60, 0x00007e2c0c155010, 0x00007e2c0c156570, 0x00007e2c0c157cf0,
0x00007e2c0c159320, 0x00007e2c0c15a8b0, 0x00007e2c0c15bfa0, 0x00007e2b780adab0,
0x00007e2b780aed50, 0x00007e2b780b0010, 0x00007e2c0c1a9c70, 0x00007e2c0c4d8130,
0x00007e2c0c4da2b0
}

Java Threads: ( => current thread )
  0x00007e2c0c01cb60 JavaThread "main"                              [_thread_blocked, id=37562, stack(0x00007e2c10d00000,0x00007e2c10e00000) (1024K)]
  0x00007e2c0c155010 JavaThread "Reference Handler"          daemon [_thread_blocked, id=37579, stack(0x00007e2bf8ff7000,0x00007e2bf90f7000) (1024K)]
  0x00007e2c0c156570 JavaThread "Finalizer"                  daemon [_thread_blocked, id=37580, stack(0x00007e2bf8ef7000,0x00007e2bf8ff7000) (1024K)]
  0x00007e2c0c157cf0 JavaThread "Signal Dispatcher"          daemon [_thread_blocked, id=37581, stack(0x00007e2bf8df7000,0x00007e2bf8ef7000) (1024K)]
=>0x00007e2c0c159320 JavaThread "Service Thread"             daemon [_thread_in_vm, id=37582, stack(0x00007e2bf8cf7000,0x00007e2bf8df7000) (1024K)]
  0x00007e2c0c15a8b0 JavaThread "Monitor Deflation Thread"   daemon [_thread_blocked, id=37583, stack(0x00007e2bf8bf7000,0x00007e2bf8cf7000) (1024K)]
  0x00007e2c0c15bfa0 JavaThread "C1 CompilerThread0"         daemon [_thread_blocked, id=37584, stack(0x00007e2bf8af7000,0x00007e2bf8bf7000) (1024K)]
  0x00007e2b780adab0 JavaThread "C1 CompilerThread1"         daemon [_thread_blocked, id=37587, stack(0x00007e2bf89f7000,0x00007e2bf8af7000) (1024K)]
  0x00007e2b780aed50 JavaThread "C1 CompilerThread2"         daemon [_thread_blocked, id=37588, stack(0x00007e2bf88f7000,0x00007e2bf89f7000) (1024K)]
  0x00007e2b780b0010 JavaThread "C1 CompilerThread3"         daemon [_thread_blocked, id=37589, stack(0x00007e2bf87f7000,0x00007e2bf88f7000) (1024K)]
  0x00007e2c0c1a9c70 JavaThread "Common-Cleaner"             daemon [_thread_blocked, id=37590, stack(0x00007e2bf86f7000,0x00007e2bf87f7000) (1024K)]
  0x00007e2c0c4d8130 JavaThread "Monitor Ctrl-Break"         daemon [_thread_in_native, id=37592, stack(0x00007e2bf85f7000,0x00007e2bf86f7000) (1024K)]
  0x00007e2c0c4da2b0 JavaThread "Notification Thread"        daemon [_thread_blocked, id=37593, stack(0x00007e2bf84f7000,0x00007e2bf85f7000) (1024K)]
Total: 13

Other Threads:
  0x00007e2c0c14b8b0 VMThread "VM Thread"                           [id=37571, stack(0x00007e2bf90f8000,0x00007e2bf91f8000) (1024K)] _threads_hazard_ptr=0x00007e2b54271460
  0x00007e2c0c1399d0 WatcherThread "VM Periodic Task Thread"        [id=37570, stack(0x00007e2bf91f9000,0x00007e2bf92f9000) (1024K)]
  0x00007e2c0c083320 WorkerThread "GC Thread#0"                     [id=37563, stack(0x00007e2c103f8000,0x00007e2c104f8000) (1024K)]
  0x00007e2b90007a20 WorkerThread "GC Thread#1"                     [id=37595, stack(0x00007e2bf83f7000,0x00007e2bf84f7000) (1024K)]
  0x00007e2b90008500 WorkerThread "GC Thread#2"                     [id=37596, stack(0x00007e2bf82f6000,0x00007e2bf83f6000) (1024K)]
  0x00007e2b90008fe0 WorkerThread "GC Thread#3"                     [id=37597, stack(0x00007e2bf81f5000,0x00007e2bf82f5000) (1024K)]
  0x00007e2b90009ac0 WorkerThread "GC Thread#4"                     [id=37598, stack(0x00007e2bf80f4000,0x00007e2bf81f4000) (1024K)]
  0x00007e2b900129e0 WorkerThread "GC Thread#5"                     [id=37606, stack(0x00007e2ba1e00000,0x00007e2ba1f00000) (1024K)]
  0x00007e2b90013250 WorkerThread "GC Thread#6"                     [id=37607, stack(0x00007e2ba1cff000,0x00007e2ba1dff000) (1024K)]
  0x00007e2b90013c80 WorkerThread "GC Thread#7"                     [id=37608, stack(0x00007e2ba1bfe000,0x00007e2ba1cfe000) (1024K)]
  0x00007e2c0c093df0 ConcurrentGCThread "G1 Main Marker"            [id=37564, stack(0x00007e2c102f7000,0x00007e2c103f7000) (1024K)]
  0x00007e2c0c094d90 WorkerThread "G1 Conc#0"                       [id=37565, stack(0x00007e2c101f6000,0x00007e2c102f6000) (1024K)]
  0x00007e2bec000d80 WorkerThread "G1 Conc#1"                       [id=37610, stack(0x00007e2ba1afd000,0x00007e2ba1bfd000) (1024K)]
  0x00007e2c0c127260 ConcurrentGCThread "G1 Refine#0"               [id=37566, stack(0x00007e2bf93fb000,0x00007e2bf94fb000) (1024K)]
  0x00007e2c0c128210 ConcurrentGCThread "G1 Service"                [id=37567, stack(0x00007e2bf92fa000,0x00007e2bf93fa000) (1024K)]
Total: 15

Threads with active compile tasks:
Total: 0

VM state: not at safepoint (normal execution)

VM Mutex/Monitor currently owned by a thread: None

Heap address: 0x000000070b400000, size: 3916 MB, Compressed Oops mode: Zero based, Oop shift amount: 3

CDS archive(s) mapped at: [0x00007e2ba3000000-0x00007e2ba3ca0000-0x00007e2ba3ca0000), size 13238272, SharedBaseAddress: 0x00007e2ba3000000, ArchiveRelocationMode: 1.
Compressed class space mapped at: 0x00007e2ba4000000-0x00007e2be4000000, reserved size: 1073741824
Narrow klass base: 0x00007e2ba3000000, Narrow klass shift: 0, Narrow klass range: 0x100000000

GC Precious Log:
 CardTable entry size: 512
 Card Set container configuration: InlinePtr #cards 4 size 8 Array Of Cards #cards 16 size 48 Howl #buckets 8 coarsen threshold 3686 Howl Bitmap #cards 512 size 80 coarsen threshold 460 Card regions per heap region 1 cards per card region 4096
 CPUs: 8 total, 8 available
 Memory: 15658M
 Large Page Support: Disabled
 NUMA Support: Disabled
 Compressed Oops: Enabled (Zero based)
 Heap Region Size: 2M
 Heap Min Capacity: 8M
 Heap Initial Capacity: 246M
 Heap Max Capacity: 3916M
 Pre-touch: Disabled
 Parallel Workers: 8
 Concurrent Workers: 2
 Concurrent Refinement Workers: 8
 Periodic GC: Disabled

Heap:
 garbage-first heap   total 73728K, used 20920K [0x000000070b400000, 0x0000000800000000)
  region size 2048K, 8 young (16384K), 6 survivors (12288K)
 Metaspace       used 28025K, committed 28608K, reserved 1114112K
  class space    used 3925K, committed 4160K, reserved 1048576K

Heap Regions: E=young(eden), S=young(survivor), O=old, HS=humongous(starts), HC=humongous(continues), CS=collection set, F=free, TAMS=top-at-mark-start, PB=parsable bottom
|   0|0x000000070b400000, 0x000000070b600000, 0x000000070b600000|100%| O|  |TAMS 0x000000070b400000| PB 0x000000070b400000| Untracked 
|   1|0x000000070b600000, 0x000000070b800000, 0x000000070b800000|100%| O|  |TAMS 0x000000070b600000| PB 0x000000070b600000| Untracked 
|   2|0x000000070b800000, 0x000000070ba00000, 0x000000070ba00000|100%| O|  |TAMS 0x000000070b800000| PB 0x000000070b800000| Untracked 
|   3|0x000000070ba00000, 0x000000070bab98a0, 0x000000070bc00000| 36%| O|Cm|TAMS 0x000000070ba00000| PB 0x000000070ba00000| Complete 
|   4|0x000000070bc00000, 0x000000070bc00000, 0x000000070be00000|  0%| F|  |TAMS 0x000000070bc00000| PB 0x000000070bc00000| Untracked 
|   5|0x000000070be00000, 0x000000070be00000, 0x000000070c000000|  0%| F|  |TAMS 0x000000070be00000| PB 0x000000070be00000| Untracked 
|   6|0x000000070c000000, 0x000000070c000000, 0x000000070c200000|  0%| F|  |TAMS 0x000000070c000000| PB 0x000000070c000000| Untracked 
|   7|0x000000070c200000, 0x000000070c200000, 0x000000070c400000|  0%| F|  |TAMS 0x000000070c200000| PB 0x000000070c200000| Untracked 
|   8|0x000000070c400000, 0x000000070c400000, 0x000000070c600000|  0%| F|  |TAMS 0x000000070c400000| PB 0x000000070c400000| Untracked 
|   9|0x000000070c600000, 0x000000070c600000, 0x000000070c800000|  0%| F|  |TAMS 0x000000070c600000| PB 0x000000070c600000| Untracked 
|  10|0x000000070c800000, 0x000000070c800000, 0x000000070ca00000|  0%| F|  |TAMS 0x000000070c800000| PB 0x000000070c800000| Untracked 
|  11|0x000000070ca00000, 0x000000070ca00000, 0x000000070cc00000|  0%| F|  |TAMS 0x000000070ca00000| PB 0x000000070ca00000| Untracked 
|  12|0x000000070cc00000, 0x000000070cc00000, 0x000000070ce00000|  0%| F|  |TAMS 0x000000070cc00000| PB 0x000000070cc00000| Untracked 
|  13|0x000000070ce00000, 0x000000070ce00000, 0x000000070d000000|  0%| F|  |TAMS 0x000000070ce00000| PB 0x000000070ce00000| Untracked 
|  14|0x000000070d000000, 0x000000070d000000, 0x000000070d200000|  0%| F|  |TAMS 0x000000070d000000| PB 0x000000070d000000| Untracked 
|  15|0x000000070d200000, 0x000000070d200000, 0x000000070d400000|  0%| F|  |TAMS 0x000000070d200000| PB 0x000000070d200000| Untracked 
|  16|0x000000070d400000, 0x000000070d400000, 0x000000070d600000|  0%| F|  |TAMS 0x000000070d400000| PB 0x000000070d400000| Untracked 
|  17|0x000000070d600000, 0x000000070d600000, 0x000000070d800000|  0%| F|  |TAMS 0x000000070d600000| PB 0x000000070d600000| Untracked 
|  18|0x000000070d800000, 0x000000070d800000, 0x000000070da00000|  0%| F|  |TAMS 0x000000070d800000| PB 0x000000070d800000| Untracked 
|  19|0x000000070da00000, 0x000000070da00000, 0x000000070dc00000|  0%| F|  |TAMS 0x000000070da00000| PB 0x000000070da00000| Untracked 
|  20|0x000000070dc00000, 0x000000070dc00000, 0x000000070de00000|  0%| F|  |TAMS 0x000000070dc00000| PB 0x000000070dc00000| Untracked 
|  21|0x000000070de00000, 0x000000070de00000, 0x000000070e000000|  0%| F|  |TAMS 0x000000070de00000| PB 0x000000070de00000| Untracked 
|  22|0x000000070e000000, 0x000000070e000000, 0x000000070e200000|  0%| F|  |TAMS 0x000000070e000000| PB 0x000000070e000000| Untracked 
|  23|0x000000070e200000, 0x000000070e200000, 0x000000070e400000|  0%| F|  |TAMS 0x000000070e200000| PB 0x000000070e200000| Untracked 
|  24|0x000000070e400000, 0x000000070e600000, 0x000000070e600000|100%| S|CS|TAMS 0x000000070e400000| PB 0x000000070e400000| Complete 
|  25|0x000000070e600000, 0x000000070e800000, 0x000000070e800000|100%| S|CS|TAMS 0x000000070e600000| PB 0x000000070e600000| Complete 
|  26|0x000000070e800000, 0x000000070ea00000, 0x000000070ea00000|100%| S|CS|TAMS 0x000000070e800000| PB 0x000000070e800000| Complete 
|  27|0x000000070ea00000, 0x000000070ec00000, 0x000000070ec00000|100%| S|CS|TAMS 0x000000070ea00000| PB 0x000000070ea00000| Complete 
|  28|0x000000070ec00000, 0x000000070ee00000, 0x000000070ee00000|100%| S|CS|TAMS 0x000000070ec00000| PB 0x000000070ec00000| Complete 
|  29|0x000000070ee00000, 0x000000070eea8010, 0x000000070f000000| 32%| S|CS|TAMS 0x000000070ee00000| PB 0x000000070ee00000| Complete 
|  95|0x0000000717200000, 0x0000000717200000, 0x0000000717400000|  0%| F|  |TAMS 0x0000000717200000| PB 0x0000000717200000| Untracked 
|  96|0x0000000717400000, 0x0000000717400000, 0x0000000717600000|  0%| F|  |TAMS 0x0000000717400000| PB 0x0000000717400000| Untracked 
|  97|0x0000000717600000, 0x0000000717600000, 0x0000000717800000|  0%| F|  |TAMS 0x0000000717600000| PB 0x0000000717600000| Untracked 
|  98|0x0000000717800000, 0x0000000717907fd0, 0x0000000717a00000| 51%| E|  |TAMS 0x0000000717800000| PB 0x0000000717800000| Complete 
| 122|0x000000071a800000, 0x000000071aa00000, 0x000000071aa00000|100%| E|CS|TAMS 0x000000071a800000| PB 0x000000071a800000| Complete 
|1957|0x00000007ffe00000, 0x00000007fff0c838, 0x0000000800000000| 52%| O|  |TAMS 0x00000007ffe00000| PB 0x00000007ffe00000| Untracked 

Card table byte_map: [0x00007e2bff8b4000,0x00007e2c0005a000] _byte_map_base: 0x00007e2bfc05a000

Marking Bits: (CMBitMap*) 0x00007e2c0c083e40
 Bits: [0x00007e2bfbb84000, 0x00007e2bff8b4000)

Polling page: 0x00007e2c12b26000

Metaspace:

Usage:
  Non-class:     23.54 MB used.
      Class:      3.83 MB used.
       Both:     27.37 MB used.

Virtual space:
  Non-class space:       64.00 MB reserved,      23.88 MB ( 37%) committed,  1 nodes.
      Class space:        1.00 GB reserved,       4.06 MB ( <1%) committed,  1 nodes.
             Both:        1.06 GB reserved,      27.94 MB (  3%) committed. 

Chunk freelists:
   Non-Class:  7.86 MB
       Class:  11.98 MB
        Both:  19.84 MB

MaxMetaspaceSize: unlimited
CompressedClassSpaceSize: 1.00 GB
Initial GC threshold: 21.00 MB
Current GC threshold: 33.88 MB
CDS: on
 - commit_granule_bytes: 65536.
 - commit_granule_words: 8192.
 - virtual_space_node_default_size: 8388608.
 - enlarge_chunks_in_place: 1.
 - use_allocation_guard: 0.


Internal statistics:

num_allocs_failed_limit: 0.
num_arena_births: 668.
num_arena_deaths: 0.
num_vsnodes_births: 2.
num_vsnodes_deaths: 0.
num_space_committed: 447.
num_space_uncommitted: 0.
num_chunks_returned_to_freelist: 0.
num_chunks_taken_from_freelist: 1711.
num_chunk_merges: 0.
num_chunk_splits: 1153.
num_chunks_enlarged: 844.
num_inconsistent_stats: 0.

CodeCache: size=49152Kb used=8677Kb max_used=8677Kb free=40474Kb
 bounds [0x00007e2c00800000, 0x00007e2c01080000, 0x00007e2c03800000]
 total_blobs=4241, nmethods=3709, adapters=454, full_count=0
Compilation: enabled, stopped_count=0, restarted_count=0

Compilation events (20 events):
Event: 1.630 Thread 0x00007e2b780b0010 3668       1       java.io.UnixFileSystem::resolve (40 bytes)
Event: 1.630 Thread 0x00007e2b780aed50 3669       1       java.io.UnixFileSystem::isAbsolute (13 bytes)
Event: 1.630 Thread 0x00007e2b780aed50 nmethod 3669 0x00007e2c0106b310 code [0x00007e2c0106b4a0, 0x00007e2c0106b578]
Event: 1.630 Thread 0x00007e2b780b0010 nmethod 3668 0x00007e2c0106b610 code [0x00007e2c0106b7c0, 0x00007e2c0106b900]
Event: 1.630 Thread 0x00007e2b780b0010 3670       1       java.net.URI::toString (16 bytes)
Event: 1.630 Thread 0x00007e2b780b0010 nmethod 3670 0x00007e2c0106ba10 code [0x00007e2c0106bba0, 0x00007e2c0106bc98]
Event: 1.630 Thread 0x00007e2b780adab0 nmethod 3666 0x00007e2c0106bd10 code [0x00007e2c0106c040, 0x00007e2c0106cf28]
Event: 1.631 Thread 0x00007e2b780b0010 3671       1       java.net.URI::isAbsolute (13 bytes)
Event: 1.631 Thread 0x00007e2b780b0010 nmethod 3671 0x00007e2c0106d990 code [0x00007e2c0106db20, 0x00007e2c0106dbf8]
Event: 1.643 Thread 0x00007e2b780b0010 3672  s    1       jdk.internal.perf.PerfCounter::add (18 bytes)
Event: 1.643 Thread 0x00007e2c0c15bfa0 3673  s    1       jdk.internal.perf.PerfCounter::get (9 bytes)
Event: 1.643 Thread 0x00007e2b780aed50 3674   !   1       java.nio.DirectLongBufferU::get (36 bytes)
Event: 1.643 Thread 0x00007e2b780adab0 3675   !   1       jdk.internal.misc.ScopedMemoryAccess::getLong (16 bytes)
Event: 1.643 Thread 0x00007e2c0c15bfa0 nmethod 3673 0x00007e2c0106dc90 code [0x00007e2c0106de40, 0x00007e2c0106dff8]
Event: 1.643 Thread 0x00007e2b780b0010 nmethod 3672 0x00007e2c0106e110 code [0x00007e2c0106e2c0, 0x00007e2c0106e5b8]
Event: 1.643 Thread 0x00007e2b780b0010 3676   !   1       jdk.internal.misc.ScopedMemoryAccess::getLongInternal (34 bytes)
Event: 1.643 Thread 0x00007e2c0c15bfa0 3677   !   1       java.nio.DirectLongBufferU::put (39 bytes)
Event: 1.643 Thread 0x00007e2b780adab0 nmethod 3675 0x00007e2c0106e790 code [0x00007e2c0106e940, 0x00007e2c0106eae0]
Event: 1.643 Thread 0x00007e2b780adab0 3678   !   1       jdk.internal.misc.ScopedMemoryAccess::putLong (21 bytes)
Event: 1.643 Thread 0x00007e2b780b0010 nmethod 3676 0x00007e2c0106ef90 code [0x00007e2c0106f120, 0x00007e2c0106f258]

GC Heap History (8 events):
Event: 0.398 GC heap before
{Heap before GC invocations=0 (full 0):
 garbage-first heap   total 253952K, used 21554K [0x000000070b400000, 0x0000000800000000)
  region size 2048K, 11 young (22528K), 0 survivors (0K)
 Metaspace       used 5036K, committed 5248K, reserved 1114112K
  class space    used 659K, committed 768K, reserved 1048576K
}
Event: 0.402 GC heap after
{Heap after GC invocations=1 (full 0):
 garbage-first heap   total 253952K, used 8658K [0x000000070b400000, 0x0000000800000000)
  region size 2048K, 2 young (4096K), 2 survivors (4096K)
 Metaspace       used 5036K, committed 5248K, reserved 1114112K
  class space    used 659K, committed 768K, reserved 1048576K
}
Event: 0.738 GC heap before
{Heap before GC invocations=1 (full 0):
 garbage-first heap   total 253952K, used 37330K [0x000000070b400000, 0x0000000800000000)
  region size 2048K, 17 young (34816K), 2 survivors (4096K)
 Metaspace       used 12997K, committed 13312K, reserved 1114112K
  class space    used 1807K, committed 1920K, reserved 1048576K
}
Event: 0.743 GC heap after
{Heap after GC invocations=2 (full 0):
 garbage-first heap   total 253952K, used 10746K [0x000000070b400000, 0x0000000800000000)
  region size 2048K, 2 young (4096K), 2 survivors (4096K)
 Metaspace       used 12997K, committed 13312K, reserved 1114112K
  class space    used 1807K, committed 1920K, reserved 1048576K
}
Event: 1.122 GC heap before
{Heap before GC invocations=2 (full 0):
 garbage-first heap   total 253952K, used 53754K [0x000000070b400000, 0x0000000800000000)
  region size 2048K, 24 young (49152K), 2 survivors (4096K)
 Metaspace       used 20223K, committed 20672K, reserved 1114112K
  class space    used 2791K, committed 3008K, reserved 1048576K
}
Event: 1.126 GC heap after
{Heap after GC invocations=3 (full 0):
 garbage-first heap   total 253952K, used 14442K [0x000000070b400000, 0x0000000800000000)
  region size 2048K, 4 young (8192K), 4 survivors (8192K)
 Metaspace       used 20223K, committed 20672K, reserved 1114112K
  class space    used 2791K, committed 3008K, reserved 1048576K
}
Event: 1.632 GC heap before
{Heap before GC invocations=4 (full 0):
 garbage-first heap   total 61440K, used 57450K [0x000000070b400000, 0x0000000800000000)
  region size 2048K, 25 young (51200K), 4 survivors (8192K)
 Metaspace       used 27935K, committed 28416K, reserved 1114112K
  class space    used 3917K, committed 4096K, reserved 1048576K
}
Event: 1.642 GC heap after
{Heap after GC invocations=5 (full 0):
 garbage-first heap   total 73728K, used 18872K [0x000000070b400000, 0x0000000800000000)
  region size 2048K, 6 young (12288K), 6 survivors (12288K)
 Metaspace       used 27935K, committed 28416K, reserved 1114112K
  class space    used 3917K, committed 4096K, reserved 1048576K
}

Dll operation events (10 events):
Event: 0.001 Loaded shared library /usr/lib/jvm/java-21-openjdk-amd64/lib/libjava.so
Event: 0.062 Loaded shared library /usr/lib/jvm/java-21-openjdk-amd64/lib/libzip.so
Event: 0.064 Loaded shared library /usr/lib/jvm/java-21-openjdk-amd64/lib/libinstrument.so
Event: 0.066 Loaded shared library /usr/lib/jvm/java-21-openjdk-amd64/lib/libnio.so
Event: 0.068 Loaded shared library /usr/lib/jvm/java-21-openjdk-amd64/lib/libzip.so
Event: 0.142 Loaded shared library /usr/lib/jvm/java-21-openjdk-amd64/lib/libnet.so
Event: 0.147 Loaded shared library /usr/lib/jvm/java-21-openjdk-amd64/lib/libextnet.so
Event: 0.163 Loaded shared library /usr/lib/jvm/java-21-openjdk-amd64/lib/libjimage.so
Event: 1.625 Loaded shared library /usr/lib/jvm/java-21-openjdk-amd64/lib/libmanagement.so
Event: 1.626 Loaded shared library /usr/lib/jvm/java-21-openjdk-amd64/lib/libmanagement_ext.so

Deoptimization events (2 events):
Event: 0.818 Thread 0x00007e2c0c01cb60 DEOPT PACKING pc=0x00007e2c00cc7e5c sp=0x00007e2c10dfcf80
Event: 0.818 Thread 0x00007e2c0c01cb60 DEOPT UNPACKING pc=0x00007e2c0085472f sp=0x00007e2c10dfc4d0 mode 0

Classes loaded (20 events):
Event: 1.627 Loading class sun/management/ManagementFactoryHelper$LoggingMXBeanAccess
Event: 1.627 Loading class sun/management/ManagementFactoryHelper$LoggingMXBeanAccess done
Event: 1.627 Loading class sun/management/ManagementFactoryHelper$LoggingMXBeanAccess$1
Event: 1.627 Loading class sun/management/ManagementFactoryHelper$LoggingMXBeanAccess$1 done
Event: 1.627 Loading class java/lang/management/DefaultPlatformMBeanProvider$9
Event: 1.627 Loading class java/lang/management/DefaultPlatformMBeanProvider$9 done
Event: 1.627 Loading class java/lang/management/DefaultPlatformMBeanProvider$10
Event: 1.627 Loading class java/lang/management/DefaultPlatformMBeanProvider$10 done
Event: 1.627 Loading class java/lang/management/DefaultPlatformMBeanProvider$11
Event: 1.627 Loading class java/lang/management/DefaultPlatformMBeanProvider$11 done
Event: 1.627 Loading class jdk/management/jfr/FlightRecorderMXBean
Event: 1.627 Loading class jdk/management/jfr/FlightRecorderMXBean done
Event: 1.627 Loading class jdk/management/jfr/internal/FlightRecorderMXBeanProvider$SingleMBeanComponent
Event: 1.627 Loading class jdk/management/jfr/internal/FlightRecorderMXBeanProvider$SingleMBeanComponent done
Event: 1.628 Loading class java/util/stream/ReduceOps$2
Event: 1.628 Loading class java/util/stream/ReduceOps$2 done
Event: 1.628 Loading class java/util/stream/ReduceOps$2ReducingSink
Event: 1.628 Loading class java/util/stream/ReduceOps$2ReducingSink done
Event: 1.628 Loading class sun/management/RuntimeImpl
Event: 1.628 Loading class sun/management/RuntimeImpl done

Classes unloaded (0 events):
No events

Classes redefined (0 events):
No events

Internal exceptions (20 events):
Event: 1.510 Thread 0x00007e2c0c01cb60 Exception <a 'java/lang/IncompatibleClassChangeError'{0x000000070c49da18}: Found class java.lang.Object, but interface was expected> (0x000000070c49da18) 
thrown [./src/hotspot/share/interpreter/linkResolver.cpp, line 840]
Event: 1.510 Thread 0x00007e2c0c01cb60 Exception <a 'java/lang/IncompatibleClassChangeError'{0x000000070c4a32e8}: Found class java.lang.Object, but interface was expected> (0x000000070c4a32e8) 
thrown [./src/hotspot/share/interpreter/linkResolver.cpp, line 840]
Event: 1.510 Thread 0x00007e2c0c01cb60 Exception <a 'java/lang/IncompatibleClassChangeError'{0x000000070c4a9068}: Found class java.lang.Object, but interface was expected> (0x000000070c4a9068) 
thrown [./src/hotspot/share/interpreter/linkResolver.cpp, line 840]
Event: 1.511 Thread 0x00007e2c0c01cb60 Exception <a 'java/lang/IncompatibleClassChangeError'{0x000000070c4af1c0}: Found class java.lang.Object, but interface was expected> (0x000000070c4af1c0) 
thrown [./src/hotspot/share/interpreter/linkResolver.cpp, line 840]
Event: 1.511 Thread 0x00007e2c0c01cb60 Exception <a 'java/lang/IncompatibleClassChangeError'{0x000000070c4bafc0}: Found class java.lang.Object, but interface was expected> (0x000000070c4bafc0) 
thrown [./src/hotspot/share/interpreter/linkResolver.cpp, line 840]
Event: 1.512 Thread 0x00007e2c0c01cb60 Exception <a 'java/lang/IncompatibleClassChangeError'{0x000000070c4d1550}: Found class java.lang.Object, but interface was expected> (0x000000070c4d1550) 
thrown [./src/hotspot/share/interpreter/linkResolver.cpp, line 840]
Event: 1.512 Thread 0x00007e2c0c01cb60 Exception <a 'java/lang/IncompatibleClassChangeError'{0x000000070c4d65f0}: Found class java.lang.Object, but interface was expected> (0x000000070c4d65f0) 
thrown [./src/hotspot/share/interpreter/linkResolver.cpp, line 840]
Event: 1.512 Thread 0x00007e2c0c01cb60 Exception <a 'java/lang/NoSuchMethodError'{0x000000070c4e5588}: 'int java.lang.invoke.DirectMethodHandle$Holder.invokeSpecialIFC(java.lang.Object, java.lang.Object, java.lang.Object)'> (0x000000070c4e5588) 
thrown [./src/hotspot/share/interpreter/linkResolver.cpp, line 772]
Event: 1.513 Thread 0x00007e2c0c01cb60 Exception <a 'java/lang/IncompatibleClassChangeError'{0x000000070c4eaac0}: Found class java.lang.Object, but interface was expected> (0x000000070c4eaac0) 
thrown [./src/hotspot/share/interpreter/linkResolver.cpp, line 840]
Event: 1.513 Thread 0x00007e2c0c01cb60 Exception <a 'java/lang/IncompatibleClassChangeError'{0x000000070c4f0968}: Found class java.lang.Object, but interface was expected> (0x000000070c4f0968) 
thrown [./src/hotspot/share/interpreter/linkResolver.cpp, line 840]
Event: 1.513 Thread 0x00007e2c0c01cb60 Exception <a 'java/lang/IncompatibleClassChangeError'{0x000000070c4fa068}: Found class java.lang.Object, but interface was expected> (0x000000070c4fa068) 
thrown [./src/hotspot/share/interpreter/linkResolver.cpp, line 840]
Event: 1.516 Thread 0x00007e2c0c01cb60 Exception <a 'java/lang/NoSuchMethodError'{0x000000070c5315c8}: 'void java.lang.invoke.DirectMethodHandle$Holder.invokeStatic(java.lang.Object, java.lang.Object, java.lang.Object, int, java.lang.Object)'> (0x000000070c5315c8) 
thrown [./src/hotspot/share/interpreter/linkResolver.cpp, line 772]
Event: 1.516 Thread 0x00007e2c0c01cb60 Exception <a 'java/lang/NoSuchMethodError'{0x000000070c537f10}: 'java.lang.Object java.lang.invoke.DirectMethodHandle$Holder.newInvokeSpecial(java.lang.Object, java.lang.Object, java.lang.Object, int)'> (0x000000070c537f10) 
thrown [./src/hotspot/share/interpreter/linkResolver.cpp, line 772]
Event: 1.516 Thread 0x00007e2c0c01cb60 Exception <a 'java/lang/NoSuchMethodError'{0x000000070c53bd60}: 'java.lang.Object java.lang.invoke.DirectMethodHandle$Holder.invokeSpecial(java.lang.Object, java.lang.Object, java.lang.Object, java.lang.Object, int)'> (0x000000070c53bd60) 
thrown [./src/hotspot/share/interpreter/linkResolver.cpp, line 772]
Event: 1.516 Thread 0x00007e2c0c01cb60 Exception <a 'java/lang/NoSuchMethodError'{0x000000070c53f208}: 'java.lang.Object java.lang.invoke.Invokers$Holder.linkToTargetMethod(java.lang.Object, java.lang.Object, int, java.lang.Object)'> (0x000000070c53f208) 
thrown [./src/hotspot/share/interpreter/linkResolver.cpp, line 772]
Event: 1.520 Thread 0x00007e2c0c01cb60 Exception <a 'java/lang/NoSuchMethodError'{0x000000070c5995c0}: 'void java.lang.invoke.DirectMethodHandle$Holder.invokeStatic(java.lang.Object, int, java.lang.Object)'> (0x000000070c5995c0) 
thrown [./src/hotspot/share/interpreter/linkResolver.cpp, line 772]
Event: 1.539 Thread 0x00007e2c0c01cb60 Exception <a 'java/lang/NoSuchMethodError'{0x000000070c316330}: 'java.lang.Object java.lang.invoke.DirectMethodHandle$Holder.invokeVirtual(java.lang.Object, java.lang.Object, java.lang.Object, java.lang.Object, java.lang.Object)'> (0x000000070c316330) 
thrown [./src/hotspot/share/interpreter/linkResolver.cpp, line 772]
Event: 1.611 Thread 0x00007e2c0c01cb60 Exception <a 'java/lang/NoSuchMethodError'{0x000000070bcd17a8}: 'int java.lang.invoke.DirectMethodHandle$Holder.invokeVirtual(java.lang.Object, java.lang.Object, java.lang.Object, java.lang.Object)'> (0x000000070bcd17a8) 
thrown [./src/hotspot/share/interpreter/linkResolver.cpp, line 772]
Event: 1.611 Thread 0x00007e2c0c01cb60 Exception <a 'java/lang/NoSuchMethodError'{0x000000070bcd5270}: 'int java.lang.invoke.DelegatingMethodHandle$Holder.reinvoke_L(java.lang.Object, java.lang.Object, java.lang.Object, java.lang.Object)'> (0x000000070bcd5270) 
thrown [./src/hotspot/share/interpreter/linkResolver.cpp, line 772]
Event: 1.631 Thread 0x00007e2c0c01cb60 Exception <a 'java/io/FileNotFoundException'{0x000000070bddc850}> (0x000000070bddc850) 
thrown [./src/hotspot/share/prims/jni.cpp, line 520]

ZGC Phase Switch (0 events):
No events

VM Operations (20 events):
Event: 1.220 Executing VM operation: HandshakeAllThreads (Deoptimize)
Event: 1.220 Executing VM operation: HandshakeAllThreads (Deoptimize) done
Event: 1.245 Executing VM operation: HandshakeAllThreads (Deoptimize)
Event: 1.245 Executing VM operation: HandshakeAllThreads (Deoptimize) done
Event: 1.340 Executing VM operation: HandshakeAllThreads (Deoptimize)
Event: 1.340 Executing VM operation: HandshakeAllThreads (Deoptimize) done
Event: 1.412 Executing VM operation: HandshakeAllThreads (Deoptimize)
Event: 1.412 Executing VM operation: HandshakeAllThreads (Deoptimize) done
Event: 1.421 Executing VM operation: ICBufferFull
Event: 1.421 Executing VM operation: ICBufferFull done
Event: 1.545 Executing VM operation: HandshakeAllThreads (Deoptimize)
Event: 1.545 Executing VM operation: HandshakeAllThreads (Deoptimize) done
Event: 1.604 Executing VM operation: HandshakeAllThreads (Deoptimize)
Event: 1.604 Executing VM operation: HandshakeAllThreads (Deoptimize) done
Event: 1.605 Executing VM operation: HandshakeAllThreads (Deoptimize)
Event: 1.605 Executing VM operation: HandshakeAllThreads (Deoptimize) done
Event: 1.628 Executing VM operation: HandshakeAllThreads (Deoptimize)
Event: 1.628 Executing VM operation: HandshakeAllThreads (Deoptimize) done
Event: 1.632 Executing VM operation: G1CollectForAllocation (G1 Evacuation Pause)
Event: 1.642 Executing VM operation: G1CollectForAllocation (G1 Evacuation Pause) done

Memory protections (15 events):
Event: 0.001 Protecting memory [0x00007e2c10d00000,0x00007e2c10d04000] with protection modes 0
Event: 0.018 Protecting memory [0x00007e2bf8ff7000,0x00007e2bf8ffb000] with protection modes 0
Event: 0.018 Protecting memory [0x00007e2bf8ef7000,0x00007e2bf8efb000] with protection modes 0
Event: 0.018 Protecting memory [0x00007e2bf8df7000,0x00007e2bf8dfb000] with protection modes 0
Event: 0.018 Protecting memory [0x00007e2bf8cf7000,0x00007e2bf8cfb000] with protection modes 0
Event: 0.019 Protecting memory [0x00007e2bf8bf7000,0x00007e2bf8bfb000] with protection modes 0
Event: 0.019 Protecting memory [0x00007e2bf8af7000,0x00007e2bf8afb000] with protection modes 0
Event: 0.054 Protecting memory [0x00007e2bf89f7000,0x00007e2bf89fb000] with protection modes 0
Event: 0.054 Protecting memory [0x00007e2bf88f7000,0x00007e2bf88fb000] with protection modes 0
Event: 0.055 Protecting memory [0x00007e2bf87f7000,0x00007e2bf87fb000] with protection modes 0
Event: 0.065 Protecting memory [0x00007e2bf86f7000,0x00007e2bf86fb000] with protection modes 0
Event: 0.140 Protecting memory [0x00007e2bf85f7000,0x00007e2bf85fb000] with protection modes 0
Event: 0.140 Protecting memory [0x00007e2bf84f7000,0x00007e2bf84fb000] with protection modes 0
Event: 0.662 Protecting memory [0x00007e2ba1f00000,0x00007e2ba1f04000] with protection modes 0
Event: 0.899 Protecting memory [0x00007e2ba1f00000,0x00007e2ba1f04000] with protection modes 0

Nmethod flushes (0 events):
No events

Events (17 events):
Event: 0.010 Thread 0x00007e2c0c01cb60 Thread added: 0x00007e2c0c01cb60
Event: 0.018 Thread 0x00007e2c0c01cb60 Thread added: 0x00007e2c0c155010
Event: 0.018 Thread 0x00007e2c0c01cb60 Thread added: 0x00007e2c0c156570
Event: 0.018 Thread 0x00007e2c0c01cb60 Thread added: 0x00007e2c0c157cf0
Event: 0.018 Thread 0x00007e2c0c01cb60 Thread added: 0x00007e2c0c159320
Event: 0.019 Thread 0x00007e2c0c01cb60 Thread added: 0x00007e2c0c15a8b0
Event: 0.019 Thread 0x00007e2c0c01cb60 Thread added: 0x00007e2c0c15bfa0
Event: 0.054 Thread 0x00007e2c0c15bfa0 Thread added: 0x00007e2b780adab0
Event: 0.054 Thread 0x00007e2c0c15bfa0 Thread added: 0x00007e2b780aed50
Event: 0.055 Thread 0x00007e2c0c15bfa0 Thread added: 0x00007e2b780b0010
Event: 0.065 Thread 0x00007e2c0c01cb60 Thread added: 0x00007e2c0c1a9c70
Event: 0.140 Thread 0x00007e2c0c01cb60 Thread added: 0x00007e2c0c4d8130
Event: 0.140 Thread 0x00007e2c0c01cb60 Thread added: 0x00007e2c0c4da2b0
Event: 0.662 Thread 0x00007e2c0c01cb60 Thread added: 0x00007e2c0c9175c0
Event: 0.891 Thread 0x00007e2c0c9175c0 Thread exited: 0x00007e2c0c9175c0
Event: 0.899 Thread 0x00007e2c0c01cb60 Thread added: 0x00007e2c0cae0dd0
Event: 0.913 Thread 0x00007e2c0cae0dd0 Thread exited: 0x00007e2c0cae0dd0


Dynamic libraries:
70b400000-70f000000 rw-p 00000000 00:00 0 
70f000000-717200000 ---p 00000000 00:00 0 
717200000-717a00000 rw-p 00000000 00:00 0 
717a00000-71a800000 ---p 00000000 00:00 0 
71a800000-71aa00000 rw-p 00000000 00:00 0 
71aa00000-7ffe00000 ---p 00000000 00:00 0 
7ffe00000-7fff0d000 rw-p 00cdf000 103:07 2661284                         /usr/lib/jvm/java-21-openjdk-amd64/lib/server/classes.jsa
7fff0d000-800000000 rw-p 00000000 00:00 0 
59ccc511f000-59ccc5120000 r--p 00000000 103:07 2533317                   /usr/lib/jvm/java-21-openjdk-amd64/bin/java
59ccc5120000-59ccc5121000 r-xp 00001000 103:07 2533317                   /usr/lib/jvm/java-21-openjdk-amd64/bin/java
59ccc5121000-59ccc5122000 r--p 00002000 103:07 2533317                   /usr/lib/jvm/java-21-openjdk-amd64/bin/java
59ccc5122000-59ccc5123000 r--p 00002000 103:07 2533317                   /usr/lib/jvm/java-21-openjdk-amd64/bin/java
59ccc5123000-59ccc5124000 rw-p 00003000 103:07 2533317                   /usr/lib/jvm/java-21-openjdk-amd64/bin/java
59ccda0a8000-59ccda0f1000 rw-p 00000000 00:00 0                          [heap]
7e2b40000000-7e2b40021000 rw-p 00000000 00:00 0 
7e2b40021000-7e2b44000000 ---p 00000000 00:00 0 
7e2b48000000-7e2b48021000 rw-p 00000000 00:00 0 
7e2b48021000-7e2b4c000000 ---p 00000000 00:00 0 
7e2b4c000000-7e2b4c021000 rw-p 00000000 00:00 0 
7e2b4c021000-7e2b50000000 ---p 00000000 00:00 0 
7e2b50000000-7e2b50021000 rw-p 00000000 00:00 0 
7e2b50021000-7e2b54000000 ---p 00000000 00:00 0 
7e2b54000000-7e2b542c6000 rw-p 00000000 00:00 0 
7e2b542c6000-7e2b58000000 ---p 00000000 00:00 0 
7e2b58000000-7e2b58021000 rw-p 00000000 00:00 0 
7e2b58021000-7e2b5c000000 ---p 00000000 00:00 0 
7e2b5c000000-7e2b5c021000 rw-p 00000000 00:00 0 
7e2b5c021000-7e2b60000000 ---p 00000000 00:00 0 
7e2b60000000-7e2b60021000 rw-p 00000000 00:00 0 
7e2b60021000-7e2b64000000 ---p 00000000 00:00 0 
7e2b64000000-7e2b64021000 rw-p 00000000 00:00 0 
7e2b64021000-7e2b68000000 ---p 00000000 00:00 0 
7e2b68000000-7e2b68021000 rw-p 00000000 00:00 0 
7e2b68021000-7e2b6c000000 ---p 00000000 00:00 0 
7e2b6c000000-7e2b6c021000 rw-p 00000000 00:00 0 
7e2b6c021000-7e2b70000000 ---p 00000000 00:00 0 
7e2b70000000-7e2b70126000 rw-p 00000000 00:00 0 
7e2b70126000-7e2b74000000 ---p 00000000 00:00 0 
7e2b74000000-7e2b740a9000 rw-p 00000000 00:00 0 
7e2b740a9000-7e2b78000000 ---p 00000000 00:00 0 
7e2b78000000-7e2b78213000 rw-p 00000000 00:00 0 
7e2b78213000-7e2b7c000000 ---p 00000000 00:00 0 
7e2b7c000000-7e2b7c0d4000 rw-p 00000000 00:00 0 
7e2b7c0d4000-7e2b80000000 ---p 00000000 00:00 0 
7e2b80000000-7e2b80021000 rw-p 00000000 00:00 0 
7e2b80021000-7e2b84000000 ---p 00000000 00:00 0 
7e2b84000000-7e2b84021000 rw-p 00000000 00:00 0 
7e2b84021000-7e2b88000000 ---p 00000000 00:00 0 
7e2b88000000-7e2b88021000 rw-p 00000000 00:00 0 
7e2b88021000-7e2b8c000000 ---p 00000000 00:00 0 
7e2b8c000000-7e2b8c021000 rw-p 00000000 00:00 0 
7e2b8c021000-7e2b90000000 ---p 00000000 00:00 0 
7e2b90000000-7e2b90021000 rw-p 00000000 00:00 0 
7e2b90021000-7e2b94000000 ---p 00000000 00:00 0 
7e2b94000000-7e2b94021000 rw-p 00000000 00:00 0 
7e2b94021000-7e2b98000000 ---p 00000000 00:00 0 
7e2b98000000-7e2b98400000 rw-p 00000000 00:00 0 
7e2b98400000-7e2b99500000 rw-p 00000000 00:00 0 
7e2b99500000-7e2b995b0000 rw-p 00000000 00:00 0 
7e2b995b0000-7e2b99600000 ---p 00000000 00:00 0 
7e2b99600000-7e2b99830000 rw-p 00000000 00:00 0 
7e2b99830000-7e2b9c000000 ---p 00000000 00:00 0 
7e2b9c000000-7e2b9c021000 rw-p 00000000 00:00 0 
7e2b9c021000-7e2ba0000000 ---p 00000000 00:00 0 
7e2ba1695000-7e2ba1afc000 rw-p 00000000 00:00 0 
7e2ba1afc000-7e2ba1afd000 ---p 00000000 00:00 0 
7e2ba1afd000-7e2ba1bfd000 rw-p 00000000 00:00 0 
7e2ba1bfd000-7e2ba1bfe000 ---p 00000000 00:00 0 
7e2ba1bfe000-7e2ba1cfe000 rw-p 00000000 00:00 0 
7e2ba1cfe000-7e2ba1cff000 ---p 00000000 00:00 0 
7e2ba1cff000-7e2ba1dff000 rw-p 00000000 00:00 0 
7e2ba1dff000-7e2ba1e00000 ---p 00000000 00:00 0 
7e2ba1e00000-7e2ba1f00000 rw-p 00000000 00:00 0 
7e2ba1f00000-7e2ba1f04000 ---p 00000000 00:00 0 
7e2ba1f04000-7e2ba2000000 rw-p 00000000 00:00 0 
7e2ba2000000-7e2ba2f06000 r--p 00000000 103:07 2486627                   /usr/lib/locale/locale-archive
7e2ba3000000-7e2ba3ca0000 rw-p 00001000 103:07 2661284                   /usr/lib/jvm/java-21-openjdk-amd64/lib/server/classes.jsa
7e2ba3ca0000-7e2ba4000000 ---p 00000000 00:00 0 
7e2ba4000000-7e2ba4040000 rw-p 00000000 00:00 0 
7e2ba4040000-7e2ba4080000 rw-p 00000000 00:00 0 
7e2ba4080000-7e2ba40e0000 rw-p 00000000 00:00 0 
7e2ba40e0000-7e2ba4100000 rw-p 00000000 00:00 0 
7e2ba4100000-7e2ba4240000 rw-p 00000000 00:00 0 
7e2ba4240000-7e2ba4280000 rw-p 00000000 00:00 0 
7e2ba4280000-7e2ba4410000 rw-p 00000000 00:00 0 
7e2ba4410000-7e2be4000000 ---p 00000000 00:00 0 
7e2be4000000-7e2be4021000 rw-p 00000000 00:00 0 
7e2be4021000-7e2be8000000 ---p 00000000 00:00 0 
7e2be8000000-7e2be8021000 rw-p 00000000 00:00 0 
7e2be8021000-7e2bec000000 ---p 00000000 00:00 0 
7e2bec000000-7e2bec021000 rw-p 00000000 00:00 0 
7e2bec021000-7e2bf0000000 ---p 00000000 00:00 0 
7e2bf0000000-7e2bf0021000 rw-p 00000000 00:00 0 
7e2bf0021000-7e2bf4000000 ---p 00000000 00:00 0 
7e2bf4000000-7e2bf4021000 rw-p 00000000 00:00 0 
7e2bf4021000-7e2bf8000000 ---p 00000000 00:00 0 
7e2bf80f3000-7e2bf80f4000 ---p 00000000 00:00 0 
7e2bf80f4000-7e2bf81f4000 rw-p 00000000 00:00 0 
7e2bf81f4000-7e2bf81f5000 ---p 00000000 00:00 0 
7e2bf81f5000-7e2bf82f5000 rw-p 00000000 00:00 0 
7e2bf82f5000-7e2bf82f6000 ---p 00000000 00:00 0 
7e2bf82f6000-7e2bf83f6000 rw-p 00000000 00:00 0 
7e2bf83f6000-7e2bf83f7000 ---p 00000000 00:00 0 
7e2bf83f7000-7e2bf84f7000 rw-p 00000000 00:00 0 
7e2bf84f7000-7e2bf84fb000 ---p 00000000 00:00 0 
7e2bf84fb000-7e2bf85f7000 rw-p 00000000 00:00 0 
7e2bf85f7000-7e2bf85fb000 ---p 00000000 00:00 0 
7e2bf85fb000-7e2bf86f7000 rw-p 00000000 00:00 0 
7e2bf86f7000-7e2bf86fb000 ---p 00000000 00:00 0 
7e2bf86fb000-7e2bf87f7000 rw-p 00000000 00:00 0 
7e2bf87f7000-7e2bf87fb000 ---p 00000000 00:00 0 
7e2bf87fb000-7e2bf88f7000 rw-p 00000000 00:00 0 
7e2bf88f7000-7e2bf88fb000 ---p 00000000 00:00 0 
7e2bf88fb000-7e2bf89f7000 rw-p 00000000 00:00 0 
7e2bf89f7000-7e2bf89fb000 ---p 00000000 00:00 0 
7e2bf89fb000-7e2bf8af7000 rw-p 00000000 00:00 0 
7e2bf8af7000-7e2bf8afb000 ---p 00000000 00:00 0 
7e2bf8afb000-7e2bf8bf7000 rw-p 00000000 00:00 0 
7e2bf8bf7000-7e2bf8bfb000 ---p 00000000 00:00 0 
7e2bf8bfb000-7e2bf8cf7000 rw-p 00000000 00:00 0 
7e2bf8cf7000-7e2bf8cfb000 ---p 00000000 00:00 0 
7e2bf8cfb000-7e2bf8df7000 rw-p 00000000 00:00 0 
7e2bf8df7000-7e2bf8dfb000 ---p 00000000 00:00 0 
7e2bf8dfb000-7e2bf8ef7000 rw-p 00000000 00:00 0 
7e2bf8ef7000-7e2bf8efb000 ---p 00000000 00:00 0 
7e2bf8efb000-7e2bf8ff7000 rw-p 00000000 00:00 0 
7e2bf8ff7000-7e2bf8ffb000 ---p 00000000 00:00 0 
7e2bf8ffb000-7e2bf90f7000 rw-p 00000000 00:00 0 
7e2bf90f7000-7e2bf90f8000 ---p 00000000 00:00 0 
7e2bf90f8000-7e2bf91f8000 rw-p 00000000 00:00 0 
7e2bf91f8000-7e2bf91f9000 ---p 00000000 00:00 0 
7e2bf91f9000-7e2bf92f9000 rw-p 00000000 00:00 0 
7e2bf92f9000-7e2bf92fa000 ---p 00000000 00:00 0 
7e2bf92fa000-7e2bf93fa000 rw-p 00000000 00:00 0 
7e2bf93fa000-7e2bf93fb000 ---p 00000000 00:00 0 
7e2bf93fb000-7e2bf94fb000 rw-p 00000000 00:00 0 
7e2bf94fb000-7e2bfba00000 rw-p 00000000 00:00 0 
7e2bfba83000-7e2bfbc74000 rw-p 00000000 00:00 0 
7e2bfbc74000-7e2bfbe7c000 ---p 00000000 00:00 0 
7e2bfbe7c000-7e2bfbe9c000 rw-p 00000000 00:00 0 
7e2bfbe9c000-7e2bfbf54000 ---p 00000000 00:00 0 
7e2bfbf54000-7e2bfbf5c000 rw-p 00000000 00:00 0 
7e2bfbf5c000-7e2bff8ac000 ---p 00000000 00:00 0 
7e2bff8ac000-7e2bff8d2000 rw-p 00000000 00:00 0 
7e2bff8d2000-7e2bff913000 ---p 00000000 00:00 0 
7e2bff913000-7e2bff917000 rw-p 00000000 00:00 0 
7e2bff917000-7e2bff92e000 ---p 00000000 00:00 0 
7e2bff92e000-7e2bff92f000 rw-p 00000000 00:00 0 
7e2bff92f000-7e2c00059000 ---p 00000000 00:00 0 
7e2c00059000-7e2c00078000 rw-p 00000000 00:00 0 
7e2c00078000-7e2c000b9000 ---p 00000000 00:00 0 
7e2c000b9000-7e2c000bd000 rw-p 00000000 00:00 0 
7e2c000bd000-7e2c000d4000 ---p 00000000 00:00 0 
7e2c000d4000-7e2c000d5000 rw-p 00000000 00:00 0 
7e2c000d5000-7e2c007ff000 ---p 00000000 00:00 0 
7e2c007ff000-7e2c00800000 rw-p 00000000 00:00 0 
7e2c00800000-7e2c01080000 rwxp 00000000 00:00 0 
7e2c01080000-7e2c03800000 ---p 00000000 00:00 0 
7e2c03800000-7e2c0be37000 r--s 00000000 103:07 2533396                   /usr/lib/jvm/java-21-openjdk-amd64/lib/modules
7e2c0beff000-7e2c0c000000 rw-p 00000000 00:00 0 
7e2c0c000000-7e2c0cf21000 rw-p 00000000 00:00 0 
7e2c0cf21000-7e2c10000000 ---p 00000000 00:00 0 
7e2c10073000-7e2c101f5000 rw-p 00000000 00:00 0 
7e2c101f5000-7e2c101f6000 ---p 00000000 00:00 0 
7e2c101f6000-7e2c102f6000 rw-p 00000000 00:00 0 
7e2c102f6000-7e2c102f7000 ---p 00000000 00:00 0 
7e2c102f7000-7e2c103f7000 rw-p 00000000 00:00 0 
7e2c103f7000-7e2c103f8000 ---p 00000000 00:00 0 
7e2c103f8000-7e2c104f8000 rw-p 00000000 00:00 0 
7e2c104f8000-7e2c10d00000 rw-p 00000000 00:00 0 
7e2c10d00000-7e2c10d04000 ---p 00000000 00:00 0 
7e2c10d04000-7e2c10e00000 rw-p 00000000 00:00 0 
7e2c10e00000-7e2c10e9a000 r--p 00000000 103:07 2485690                   /usr/lib/x86_64-linux-gnu/libstdc++.so.6.0.30
7e2c10e9a000-7e2c10fab000 r-xp 0009a000 103:07 2485690                   /usr/lib/x86_64-linux-gnu/libstdc++.so.6.0.30
7e2c10fab000-7e2c1101a000 r--p 001ab000 103:07 2485690                   /usr/lib/x86_64-linux-gnu/libstdc++.so.6.0.30
7e2c1101a000-7e2c1101b000 ---p 0021a000 103:07 2485690                   /usr/lib/x86_64-linux-gnu/libstdc++.so.6.0.30
7e2c1101b000-7e2c11026000 r--p 0021a000 103:07 2485690                   /usr/lib/x86_64-linux-gnu/libstdc++.so.6.0.30
7e2c11026000-7e2c11029000 rw-p 00225000 103:07 2485690                   /usr/lib/x86_64-linux-gnu/libstdc++.so.6.0.30
7e2c11029000-7e2c1102c000 rw-p 00000000 00:00 0 
7e2c1105e000-7e2c11065000 r--s 00000000 103:07 2488636                   /usr/lib/x86_64-linux-gnu/gconv/gconv-modules.cache
7e2c11065000-7e2c11067000 r--p 00000000 103:07 2533385                   /usr/lib/jvm/java-21-openjdk-amd64/lib/libmanagement_ext.so
7e2c11067000-7e2c1106a000 r-xp 00002000 103:07 2533385                   /usr/lib/jvm/java-21-openjdk-amd64/lib/libmanagement_ext.so
7e2c1106a000-7e2c1106b000 r--p 00005000 103:07 2533385                   /usr/lib/jvm/java-21-openjdk-amd64/lib/libmanagement_ext.so
7e2c1106b000-7e2c1106c000 ---p 00006000 103:07 2533385                   /usr/lib/jvm/java-21-openjdk-amd64/lib/libmanagement_ext.so
7e2c1106c000-7e2c1106d000 r--p 00006000 103:07 2533385                   /usr/lib/jvm/java-21-openjdk-amd64/lib/libmanagement_ext.so
7e2c1106d000-7e2c1106e000 rw-p 00007000 103:07 2533385                   /usr/lib/jvm/java-21-openjdk-amd64/lib/libmanagement_ext.so
7e2c1106e000-7e2c11071000 r--p 00000000 103:07 2533387                   /usr/lib/jvm/java-21-openjdk-amd64/lib/libnet.so
7e2c11071000-7e2c11079000 r-xp 00003000 103:07 2533387                   /usr/lib/jvm/java-21-openjdk-amd64/lib/libnet.so
7e2c11079000-7e2c1107b000 r--p 0000b000 103:07 2533387                   /usr/lib/jvm/java-21-openjdk-amd64/lib/libnet.so
7e2c1107b000-7e2c1107c000 r--p 0000c000 103:07 2533387                   /usr/lib/jvm/java-21-openjdk-amd64/lib/libnet.so
7e2c1107c000-7e2c1107d000 rw-p 0000d000 103:07 2533387                   /usr/lib/jvm/java-21-openjdk-amd64/lib/libnet.so
7e2c1107d000-7e2c11119000 rw-p 00000000 00:00 0 
7e2c11119000-7e2c11127000 r--p 00000000 103:07 2487146                   /usr/lib/x86_64-linux-gnu/libm.so.6
7e2c11127000-7e2c111a3000 r-xp 0000e000 103:07 2487146                   /usr/lib/x86_64-linux-gnu/libm.so.6
7e2c111a3000-7e2c111fe000 r--p 0008a000 103:07 2487146                   /usr/lib/x86_64-linux-gnu/libm.so.6
7e2c111fe000-7e2c111ff000 r--p 000e4000 103:07 2487146                   /usr/lib/x86_64-linux-gnu/libm.so.6
7e2c111ff000-7e2c11200000 rw-p 000e5000 103:07 2487146                   /usr/lib/x86_64-linux-gnu/libm.so.6
7e2c11200000-7e2c114a2000 r--p 00000000 103:07 2661287                   /usr/lib/jvm/java-21-openjdk-amd64/lib/server/libjvm.so
7e2c114a2000-7e2c1231e000 r-xp 002a2000 103:07 2661287                   /usr/lib/jvm/java-21-openjdk-amd64/lib/server/libjvm.so
7e2c1231e000-7e2c125f8000 r--p 0111e000 103:07 2661287                   /usr/lib/jvm/java-21-openjdk-amd64/lib/server/libjvm.so
7e2c125f8000-7e2c125f9000 ---p 013f8000 103:07 2661287                   /usr/lib/jvm/java-21-openjdk-amd64/lib/server/libjvm.so
7e2c125f9000-7e2c126cd000 r--p 013f8000 103:07 2661287                   /usr/lib/jvm/java-21-openjdk-amd64/lib/server/libjvm.so
7e2c126cd000-7e2c126fd000 rw-p 014cc000 103:07 2661287                   /usr/lib/jvm/java-21-openjdk-amd64/lib/server/libjvm.so
7e2c126fd000-7e2c12763000 rw-p 00000000 00:00 0 
7e2c12764000-7e2c12766000 r--p 00000000 103:07 2533383                   /usr/lib/jvm/java-21-openjdk-amd64/lib/libmanagement.so
7e2c12766000-7e2c12767000 r-xp 00002000 103:07 2533383                   /usr/lib/jvm/java-21-openjdk-amd64/lib/libmanagement.so
7e2c12767000-7e2c12768000 r--p 00003000 103:07 2533383                   /usr/lib/jvm/java-21-openjdk-amd64/lib/libmanagement.so
7e2c12768000-7e2c12769000 r--p 00003000 103:07 2533383                   /usr/lib/jvm/java-21-openjdk-amd64/lib/libmanagement.so
7e2c12769000-7e2c1276a000 rw-p 00004000 103:07 2533383                   /usr/lib/jvm/java-21-openjdk-amd64/lib/libmanagement.so
7e2c1276a000-7e2c12771000 r--p 00000000 103:07 2533388                   /usr/lib/jvm/java-21-openjdk-amd64/lib/libnio.so
7e2c12771000-7e2c1277a000 r-xp 00007000 103:07 2533388                   /usr/lib/jvm/java-21-openjdk-amd64/lib/libnio.so
7e2c1277a000-7e2c1277e000 r--p 00010000 103:07 2533388                   /usr/lib/jvm/java-21-openjdk-amd64/lib/libnio.so
7e2c1277e000-7e2c1277f000 ---p 00014000 103:07 2533388                   /usr/lib/jvm/java-21-openjdk-amd64/lib/libnio.so
7e2c1277f000-7e2c12780000 r--p 00014000 103:07 2533388                   /usr/lib/jvm/java-21-openjdk-amd64/lib/libnio.so
7e2c12780000-7e2c12781000 rw-p 00015000 103:07 2533388                   /usr/lib/jvm/java-21-openjdk-amd64/lib/libnio.so
7e2c12781000-7e2c12800000 rw-p 00000000 00:00 0 
7e2c12800000-7e2c12828000 r--p 00000000 103:07 2487143                   /usr/lib/x86_64-linux-gnu/libc.so.6
7e2c12828000-7e2c129bd000 r-xp 00028000 103:07 2487143                   /usr/lib/x86_64-linux-gnu/libc.so.6
7e2c129bd000-7e2c12a15000 r--p 001bd000 103:07 2487143                   /usr/lib/x86_64-linux-gnu/libc.so.6
7e2c12a15000-7e2c12a16000 ---p 00215000 103:07 2487143                   /usr/lib/x86_64-linux-gnu/libc.so.6
7e2c12a16000-7e2c12a1a000 r--p 00215000 103:07 2487143                   /usr/lib/x86_64-linux-gnu/libc.so.6
7e2c12a1a000-7e2c12a1c000 rw-p 00219000 103:07 2487143                   /usr/lib/x86_64-linux-gnu/libc.so.6
7e2c12a1c000-7e2c12a29000 rw-p 00000000 00:00 0 
7e2c12a2a000-7e2c12a2c000 r--p 00000000 103:07 2533395                   /usr/lib/jvm/java-21-openjdk-amd64/lib/libzip.so
7e2c12a2c000-7e2c12a31000 r-xp 00002000 103:07 2533395                   /usr/lib/jvm/java-21-openjdk-amd64/lib/libzip.so
7e2c12a31000-7e2c12a33000 r--p 00007000 103:07 2533395                   /usr/lib/jvm/java-21-openjdk-amd64/lib/libzip.so
7e2c12a33000-7e2c12a34000 r--p 00008000 103:07 2533395                   /usr/lib/jvm/java-21-openjdk-amd64/lib/libzip.so
7e2c12a34000-7e2c12a35000 rw-p 00009000 103:07 2533395                   /usr/lib/jvm/java-21-openjdk-amd64/lib/libzip.so
7e2c12a35000-7e2c12a46000 rw-p 00000000 00:00 0 
7e2c12a46000-7e2c12a95000 ---p 00000000 00:00 0 
7e2c12a95000-7e2c12a9d000 rw-s 00000000 103:07 3029048                   /tmp/hsperfdata_mdanial/37559
7e2c12a9d000-7e2c12aaa000 r--p 00000000 103:07 2533373                   /usr/lib/jvm/java-21-openjdk-amd64/lib/libjava.so
7e2c12aaa000-7e2c12ab8000 r-xp 0000d000 103:07 2533373                   /usr/lib/jvm/java-21-openjdk-amd64/lib/libjava.so
7e2c12ab8000-7e2c12abd000 r--p 0001b000 103:07 2533373                   /usr/lib/jvm/java-21-openjdk-amd64/lib/libjava.so
7e2c12abd000-7e2c12abe000 ---p 00020000 103:07 2533373                   /usr/lib/jvm/java-21-openjdk-amd64/lib/libjava.so
7e2c12abe000-7e2c12abf000 r--p 00020000 103:07 2533373                   /usr/lib/jvm/java-21-openjdk-amd64/lib/libjava.so
7e2c12abf000-7e2c12ac0000 rw-p 00021000 103:07 2533373                   /usr/lib/jvm/java-21-openjdk-amd64/lib/libjava.so
7e2c12ac0000-7e2c12ac1000 rw-p 00000000 00:00 0 
7e2c12ac1000-7e2c12ac3000 r--p 00000000 103:07 2533368                   /usr/lib/jvm/java-21-openjdk-amd64/lib/libinstrument.so
7e2c12ac3000-7e2c12ac9000 r-xp 00002000 103:07 2533368                   /usr/lib/jvm/java-21-openjdk-amd64/lib/libinstrument.so
7e2c12ac9000-7e2c12acc000 r--p 00008000 103:07 2533368                   /usr/lib/jvm/java-21-openjdk-amd64/lib/libinstrument.so
7e2c12acc000-7e2c12acd000 r--p 0000a000 103:07 2533368                   /usr/lib/jvm/java-21-openjdk-amd64/lib/libinstrument.so
7e2c12acd000-7e2c12ace000 rw-p 0000b000 103:07 2533368                   /usr/lib/jvm/java-21-openjdk-amd64/lib/libinstrument.so
7e2c12ace000-7e2c12ad1000 r--p 00000000 103:07 2512176                   /usr/lib/x86_64-linux-gnu/libgcc_s.so.1
7e2c12ad1000-7e2c12ae8000 r-xp 00003000 103:07 2512176                   /usr/lib/x86_64-linux-gnu/libgcc_s.so.1
7e2c12ae8000-7e2c12aec000 r--p 0001a000 103:07 2512176                   /usr/lib/x86_64-linux-gnu/libgcc_s.so.1
7e2c12aec000-7e2c12aed000 r--p 0001d000 103:07 2512176                   /usr/lib/x86_64-linux-gnu/libgcc_s.so.1
7e2c12aed000-7e2c12aee000 rw-p 0001e000 103:07 2512176                   /usr/lib/x86_64-linux-gnu/libgcc_s.so.1
7e2c12aee000-7e2c12af1000 rw-p 00000000 00:00 0 
7e2c12af1000-7e2c12af3000 r--p 00000000 103:07 2533377                   /usr/lib/jvm/java-21-openjdk-amd64/lib/libjli.so
7e2c12af3000-7e2c12afd000 r-xp 00002000 103:07 2533377                   /usr/lib/jvm/java-21-openjdk-amd64/lib/libjli.so
7e2c12afd000-7e2c12b00000 r--p 0000c000 103:07 2533377                   /usr/lib/jvm/java-21-openjdk-amd64/lib/libjli.so
7e2c12b00000-7e2c12b01000 ---p 0000f000 103:07 2533377                   /usr/lib/jvm/java-21-openjdk-amd64/lib/libjli.so
7e2c12b01000-7e2c12b02000 r--p 0000f000 103:07 2533377                   /usr/lib/jvm/java-21-openjdk-amd64/lib/libjli.so
7e2c12b02000-7e2c12b03000 rw-p 00010000 103:07 2533377                   /usr/lib/jvm/java-21-openjdk-amd64/lib/libjli.so
7e2c12b03000-7e2c12b05000 r--p 00000000 103:07 2517456                   /usr/lib/x86_64-linux-gnu/libz.so.1.2.11
7e2c12b05000-7e2c12b16000 r-xp 00002000 103:07 2517456                   /usr/lib/x86_64-linux-gnu/libz.so.1.2.11
7e2c12b16000-7e2c12b1c000 r--p 00013000 103:07 2517456                   /usr/lib/x86_64-linux-gnu/libz.so.1.2.11
7e2c12b1c000-7e2c12b1d000 ---p 00019000 103:07 2517456                   /usr/lib/x86_64-linux-gnu/libz.so.1.2.11
7e2c12b1d000-7e2c12b1e000 r--p 00019000 103:07 2517456                   /usr/lib/x86_64-linux-gnu/libz.so.1.2.11
7e2c12b1e000-7e2c12b1f000 rw-p 0001a000 103:07 2517456                   /usr/lib/x86_64-linux-gnu/libz.so.1.2.11
7e2c12b21000-7e2c12b22000 r--p 00000000 103:07 2533366                   /usr/lib/jvm/java-21-openjdk-amd64/lib/libextnet.so
7e2c12b22000-7e2c12b23000 r-xp 00001000 103:07 2533366                   /usr/lib/jvm/java-21-openjdk-amd64/lib/libextnet.so
7e2c12b23000-7e2c12b24000 r--p 00002000 103:07 2533366                   /usr/lib/jvm/java-21-openjdk-amd64/lib/libextnet.so
7e2c12b24000-7e2c12b25000 r--p 00002000 103:07 2533366                   /usr/lib/jvm/java-21-openjdk-amd64/lib/libextnet.so
7e2c12b25000-7e2c12b26000 rw-p 00003000 103:07 2533366                   /usr/lib/jvm/java-21-openjdk-amd64/lib/libextnet.so
7e2c12b26000-7e2c12b27000 ---p 00000000 00:00 0 
7e2c12b27000-7e2c12b28000 r--p 00000000 00:00 0 
7e2c12b28000-7e2c12b2a000 r--p 00000000 103:07 2533376                   /usr/lib/jvm/java-21-openjdk-amd64/lib/libjimage.so
7e2c12b2a000-7e2c12b2d000 r-xp 00002000 103:07 2533376                   /usr/lib/jvm/java-21-openjdk-amd64/lib/libjimage.so
7e2c12b2d000-7e2c12b2e000 r--p 00005000 103:07 2533376                   /usr/lib/jvm/java-21-openjdk-amd64/lib/libjimage.so
7e2c12b2e000-7e2c12b2f000 ---p 00006000 103:07 2533376                   /usr/lib/jvm/java-21-openjdk-amd64/lib/libjimage.so
7e2c12b2f000-7e2c12b30000 r--p 00006000 103:07 2533376                   /usr/lib/jvm/java-21-openjdk-amd64/lib/libjimage.so
7e2c12b30000-7e2c12b31000 rw-p 00007000 103:07 2533376                   /usr/lib/jvm/java-21-openjdk-amd64/lib/libjimage.so
7e2c12b31000-7e2c12b33000 rw-p 00000000 00:00 0 
7e2c12b33000-7e2c12b37000 r--p 00000000 00:00 0                          [vvar]
7e2c12b37000-7e2c12b39000 r--p 00000000 00:00 0                          [vvar_vclock]
7e2c12b39000-7e2c12b3b000 r-xp 00000000 00:00 0                          [vdso]
7e2c12b3b000-7e2c12b3d000 r--p 00000000 103:07 2487140                   /usr/lib/x86_64-linux-gnu/ld-linux-x86-64.so.2
7e2c12b3d000-7e2c12b67000 r-xp 00002000 103:07 2487140                   /usr/lib/x86_64-linux-gnu/ld-linux-x86-64.so.2
7e2c12b67000-7e2c12b72000 r--p 0002c000 103:07 2487140                   /usr/lib/x86_64-linux-gnu/ld-linux-x86-64.so.2
7e2c12b72000-7e2c12b73000 ---p 00000000 00:00 0 
7e2c12b73000-7e2c12b75000 r--p 00037000 103:07 2487140                   /usr/lib/x86_64-linux-gnu/ld-linux-x86-64.so.2
7e2c12b75000-7e2c12b77000 rw-p 00039000 103:07 2487140                   /usr/lib/x86_64-linux-gnu/ld-linux-x86-64.so.2
7ffe27405000-7ffe27429000 rw-p 00000000 00:00 0                          [stack]
ffffffffff600000-ffffffffff601000 --xp 00000000 00:00 0                  [vsyscall]
Total number of mappings: 286

JVMTI agents:
/snap/intellij-idea-community/709/lib/idea_rt.jar path:none, loaded, initialized, instrumentlib options:40453


VM Arguments:
jvm_args: -XX:TieredStopAtLevel=1 -Dspring.output.ansi.enabled=always -javaagent:/snap/intellij-idea-community/709/lib/idea_rt.jar=40453 -Dfile.encoding=UTF-8 -Dsun.stdout.encoding=UTF-8 -Dsun.stderr.encoding=UTF-8 
java_command: com.dshopflow.dshopflow_api.DshopflowApiApplication
java_class_path (initial): /home/mdanial/Dev/Projects/dshopflow-api/target/classes:/home/mdanial/.m2/repository/org/springframework/boot/spring-boot-starter-data-jpa/4.0.3/spring-boot-starter-data-jpa-4.0.3.jar:/home/mdanial/.m2/repository/org/springframework/boot/spring-boot-starter/4.0.3/spring-boot-starter-4.0.3.jar:/home/mdanial/.m2/repository/org/springframework/boot/spring-boot-starter-logging/4.0.3/spring-boot-starter-logging-4.0.3.jar:/home/mdanial/.m2/repository/ch/qos/logback/logback-classic/1.5.32/logback-classic-1.5.32.jar:/home/mdanial/.m2/repository/ch/qos/logback/logback-core/1.5.32/logback-core-1.5.32.jar:/home/mdanial/.m2/repository/org/apache/logging/log4j/log4j-to-slf4j/2.25.3/log4j-to-slf4j-2.25.3.jar:/home/mdanial/.m2/repository/org/apache/logging/log4j/log4j-api/2.25.3/log4j-api-2.25.3.jar:/home/mdanial/.m2/repository/org/slf4j/jul-to-slf4j/2.0.17/jul-to-slf4j-2.0.17.jar:/home/mdanial/.m2/repository/org/springframework/boot/spring-boot-autoconfigure/4.0.3/spring-boot-autoconfigure-4.0.3.jar:/home/mdanial/.m2/repository/jakarta/annotation/jakarta.annotation-api/3.0.0/jakarta.annotation-api-3.0.0.jar:/home/mdanial/.m2/repository/org/yaml/snakeyaml/2.5/snakeyaml-2.5.jar:/home/mdanial/.m2/repository/org/springframework/boot/spring-boot-starter-jdbc/4.0.3/spring-boot-starter-jdbc-4.0.3.jar:/home/mdanial/.m2/repository/com/zaxxer/HikariCP/7.0.2/HikariCP-7.0.2.jar:/home/mdanial/.m2/repository/org/slf4j/slf4j-api/2.0.17/slf4j-api-2.0.17.jar:/home/mdanial/.m2/repository/org/springframework/boot/spring-boot-data-jpa/4.0.3/spring-boot-data-jpa-4.0.3.jar:/home/mdanial/.m2/repository/org/springframework/boot/spring-boot-data-commons/4.0.3/spring-boot-data-commons-4.0.3.jar:/home/mdanial/.m2/repository/org/springframework/boot/spring-boot-persistence/4.0.3/spring-boot-persistence-4.0.3.jar:/home/mdanial/.m2/repository/org/springframework/data/spring-data-commons/4.0.3/spring-data-commons-4.0.3.jar:/home/mdanial/.m2/repository/org/springframework/boot/spring-boot-hibernate/4.0.3/spring-boot-hibernate-4.0.3.jar:/home/mdanial/.m2/repository/org/springframework/boot/spring-boot-jpa/4.0.3/spring-boot-jpa-4.0.3.jar:/home/mdanial/.m2/repository/jakarta/persistence/jakarta.persistence-api/3.2.0/jakarta.persistence-api-3.2.0.jar:/home/mdanial/.m2/repository/org/hibernate/orm/hibernate-core/7.2.4.Final/hibernate-core-7.2.4.Final.jar:/home/mdanial/.m2/repository/jakarta/transaction/jakarta.transaction-api/2.0.1/jakarta.transaction-api-2.0.1.jar:/home/mdanial/.m2/repository/org/jboss/logging/jboss-logging/3.6.2.Final/jboss-logging-3.6.2.Final.jar:/home/mdanial/.m2/repository/org/hibernate/models/hibernate-models/1.0.1/hibernate-models-1.0.1.jar:/home/mdanial/.m2/repository/com/fasterxml/classmate/1.7.3/classmate-1.7.3.jar:/home/mdanial/.m2/repository/org/glassfish/jaxb/jaxb-runtime/4.0.6/jaxb-runtime-4.0.6.jar:/home/mdanial/.m2/repository/org/glassfish/jaxb/jaxb-core/4.0.6/jaxb-core-4.0.6.jar:/home/mdanial/.m2/repository/org/eclipse/angus/angus-activation/2.0.3/angus-activation-2.0.3.jar:/home/mdanial/.m2/repository/org/glassfish/jaxb/txw2/4.0.6/txw2-4.0.6.jar:/home/mdanial/.m2/repository/com/sun/istack/istack-commons-runtime/4.1.2/istack-commons-runtime-4.1.2.jar:/home/mdanial/.m2/repository/jakarta/inject/jakarta.inject-api/2.0.1/jakarta.inject-api-2.0.1.jar:/home/mdanial/.m2/repository/org/springframework/spring-orm/7.0.5/spring-orm-7.0.5.jar:/home/mdanial/.m2/repository/org/springframework/data/spring-data-jpa/4.0.3/spring-data-jpa-4.0.3.jar:/home/mdanial/.m2/repository/org/springframework/spring-context/7.0.5/spring-context-7.0.5.jar:/home/mdanial/.m2/repository/org/springframework/spring-tx/7.0.5/spring-tx-7.0.5.jar:/home/mdanial/.m2/repository/org/antlr/antlr4-runtime/4.13.2/antlr4-runtime-4.13.2.jar:/home/mdanial/.m2/repository/org/springframework/spring-aspects/7.0.5/spring-aspects-7.0.5.jar:/home/mdanial/.m2/repository/org/aspectj/aspectjweaver/1.9.25.1/aspectjweaver-1.9.25.1.jar:/home/mdanial/.m2/repository/org/springframework/boot/spring-boot-jdbc/4.0.3/spring-boot-jdbc-4.0.3.jar:/home/mdanial/.m2/repository/org/springframework/boot/spring-boot/4.0.3/spring-boot-4.0.3.jar:/home/mdanial/.m2/repository/org/springframework/boot/spring-boot-sql/4.0.3/spring-boot-sql-4.0.3.jar:/home/mdanial/.m2/repository/org/springframework/boot/spring-boot-transaction/4.0.3/spring-boot-transaction-4.0.3.jar:/home/mdanial/.m2/repository/org/springframework/spring-jdbc/7.0.5/spring-jdbc-7.0.5.jar:/home/mdanial/.m2/repository/org/springframework/boot/spring-boot-starter-security/4.0.3/spring-boot-starter-security-4.0.3.jar:/home/mdanial/.m2/repository/org/springframework/boot/spring-boot-security/4.0.3/spring-boot-security-4.0.3.jar:/home/mdanial/.m2/repository/org/springframework/security/spring-security-config/7.0.3/spring-security-config-7.0.3.jar:/home/mdanial/.m2/repository/org/springframework/security/spring-security-core/7.0.3/spring-security-core-7.0.3.jar:/home/mdanial/.m2/repository/org/springframework/security/spring-security-crypto/7.0.3/spring-security-crypto-7.0.3.jar:/home/mdanial/.m2/repository/org/springframework/security/spring-security-web/7.0.3/spring-security-web-7.0.3.jar:/home/mdanial/.m2/repository/org/springframework/spring-expression/7.0.5/spring-expression-7.0.5.jar:/home/mdanial/.m2/repository/org/springframework/spring-aop/7.0.5/spring-aop-7.0.5.jar:/home/mdanial/.m2/repository/org/springframework/spring-beans/7.0.5/spring-beans-7.0.5.jar:/home/mdanial/.m2/repository/org/springframework/spring-core/7.0.5/spring-core-7.0.5.jar:/home/mdanial/.m2/repository/commons-logging/commons-logging/1.3.5/commons-logging-1.3.5.jar:/home/mdanial/.m2/repository/org/jspecify/jspecify/1.0.0/jspecify-1.0.0.jar:/home/mdanial/.m2/repository/org/springframework/boot/spring-boot-starter-webmvc/4.0.3/spring-boot-starter-webmvc-4.0.3.jar:/home/mdanial/.m2/repository/org/springframework/boot/spring-boot-starter-jackson/4.0.3/spring-boot-starter-jackson-4.0.3.jar:/home/mdanial/.m2/repository/org/springframework/boot/spring-boot-jackson/4.0.3/spring-boot-jackson-4.0.3.jar:/home/mdanial/.m2/repository/tools/jackson/core/jackson-databind/3.0.4/jackson-databind-3.0.4.jar:/home/mdanial/.m2/repository/com/fasterxml/jackson/core/jackson-annotations/2.20/jackson-annotations-2.20.jar:/home/mdanial/.m2/repository/tools/jackson/core/jackson-core/3.0.4/jackson-core-3.0.4.jar:/home/mdanial/.m2/repository/org/springframework/boot/spring-boot-starter-tomcat/4.0.3/spring-boot-starter-tomcat-4.0.3.jar:/home/mdanial/.m2/repository/org/springframework/boot/spring-boot-starter-tomcat-runtime/4.0.3/spring-boot-starter-tomcat-runtime-4.0.3.jar:/home/mdanial/.m2/repository/org/apache/tomcat/embed/tomcat-embed-core/11.0.18/tomcat-embed-core-11.0.18.jar:/home/mdanial/.m2/repository/org/apache/tomcat/embed/tomcat-embed-el/11.0.18/tomcat-embed-el-11.0.18.jar:/home/mdanial/.m2/repository/org/apache/tomcat/embed/tomcat-embed-websocket/11.0.18/tomcat-embed-websocket-11.0.18.jar:/home/mdanial/.m2/repository/org/springframework/boot/spring-boot-tomcat/4.0.3/spring-boot-tomcat-4.0.3.jar:/home/mdanial/.m2/repository/org/springframework/boot/spring-boot-http-converter/4.0.3/spring-boot-http-converter-4.0.3.jar:/home/mdanial/.m2/repository/org/springframework/spring-web/7.0.5/spring-web-7.0.5.jar:/home/mdanial/.m2/repository/io/micrometer/micrometer-observation/1.16.3/micrometer-observation-1.16.3.jar:/home/mdanial/.m2/repository/io/micrometer/micrometer-commons/1.16.3/micrometer-commons-1.16.3.jar:/home/mdanial/.m2/repository/org/springframework/boot/spring-boot-webmvc/4.0.3/spring-boot-webmvc-4.0.3.jar:/home/mdanial/.m2/repository/org/springframework/boot/spring-boot-servlet/4.0.3/spring-boot-servlet-4.0.3.jar:/home/mdanial/.m2/repository/org/springframework/spring-webmvc/7.0.5/spring-webmvc-7.0.5.jar:/home/mdanial/.m2/repository/org/postgresql/postgresql/42.7.10/postgresql-42.7.10.jar:/home/mdanial/.m2/repository/org/checkerframework/checker-qual/3.52.0/checker-qual-3.52.0.jar:/home/mdanial/.m2/repository/org/projectlombok/lombok/1.18.42/lombok-1.18.42.jar:/home/mdanial/.m2/repository/jakarta/xml/bind/jakarta.xml.bind-api/4.0.4/jakarta.xml.bind-api-4.0.4.jar:/home/mdanial/.m2/repository/jakarta/activation/jakarta.activation-api/2.1.4/jakarta.activation-api-2.1.4.jar:/home/mdanial/.m2/repository/net/bytebuddy/byte-buddy/1.17.8/byte-buddy-1.17.8.jar:/home/mdanial/.m2/repository/org/springframework/boot/spring-boot-web-server/4.0.3/spring-boot-web-server-4.0.3.jar
Launcher Type: SUN_STANDARD

[Global flags]
     intx CICompilerCount                          = 4                                         {product} {ergonomic}
     uint ConcGCThreads                            = 2                                         {product} {ergonomic}
     uint G1ConcRefinementThreads                  = 8                                         {product} {ergonomic}
   size_t G1HeapRegionSize                         = 2097152                                   {product} {ergonomic}
    uintx GCDrainStackTargetSize                   = 64                                        {product} {ergonomic}
   size_t InitialHeapSize                          = 257949696                                 {product} {ergonomic}
   size_t MarkStackSize                            = 4194304                                   {product} {ergonomic}
   size_t MaxHeapSize                              = 4106223616                                {product} {ergonomic}
   size_t MaxNewSize                               = 2462056448                                {product} {ergonomic}
   size_t MinHeapDeltaBytes                        = 2097152                                   {product} {ergonomic}
   size_t MinHeapSize                              = 8388608                                   {product} {ergonomic}
    uintx NonNMethodCodeHeapSize                   = 4096                                   {pd product} {ergonomic}
    uintx NonProfiledCodeHeapSize                  = 0                                      {pd product} {ergonomic}
     bool ProfileInterpreter                       = false                                  {pd product} {command line}
    uintx ProfiledCodeHeapSize                     = 0                                      {pd product} {ergonomic}
   size_t SoftMaxHeapSize                          = 4106223616                             {manageable} {ergonomic}
     intx TieredStopAtLevel                        = 1                                         {product} {command line}
     bool UseCompressedOops                        = true                           {product lp64_product} {ergonomic}
     bool UseG1GC                                  = true                                      {product} {ergonomic}

Logging:
Log output configuration:
 #0: stdout all=warning uptime,level,tags foldmultilines=false
 #1: stderr all=off uptime,level,tags foldmultilines=false

Release file:
IMPLEMENTOR="Ubuntu"
JAVA_RUNTIME_VERSION="21.0.9+10-Ubuntu-122.04"
JAVA_VERSION="21.0.9"
JAVA_VERSION_DATE="2025-10-21"
LIBC="gnu"
MODULES="java.base java.compiler java.datatransfer java.xml java.prefs java.desktop java.instrument java.logging java.management java.security.sasl java.naming java.rmi java.management.rmi java.net.http java.scripting java.security.jgss java.transaction.xa java.sql java.sql.rowset java.xml.crypto java.se java.smartcardio jdk.accessibility jdk.internal.jvmstat jdk.attach jdk.charsets jdk.internal.opt jdk.zipfs jdk.compiler jdk.crypto.ec jdk.crypto.cryptoki jdk.dynalink jdk.internal.ed jdk.editpad jdk.hotspot.agent jdk.httpserver jdk.incubator.vector jdk.internal.le jdk.internal.vm.ci jdk.internal.vm.compiler jdk.internal.vm.compiler.management jdk.jartool jdk.javadoc jdk.jcmd jdk.management jdk.management.agent jdk.jconsole jdk.jdeps jdk.jdwp.agent jdk.jdi jdk.jfr jdk.jlink jdk.jpackage jdk.jshell jdk.jsobject jdk.jstatd jdk.localedata jdk.management.jfr jdk.naming.dns jdk.naming.rmi jdk.net jdk.nio.mapmode jdk.random jdk.sctp jdk.security.auth jdk.security.jgss jdk.unsupported jdk.unsupported.desktop jdk.xml.dom"
OS_ARCH="x86_64"
OS_NAME="Linux"
SOURCE=""

Environment Variables:
PATH=/home/mdanial/.local/bin:/usr/local/sbin:/usr/local/bin:/usr/sbin:/usr/bin:/sbin:/bin:/usr/games:/usr/local/games:/snap/bin:/snap/bin
USERNAME=mdanial
SHELL=/bin/bash
DISPLAY=:1
LANG=en_US.UTF-8
TERM=xterm-256color

Active Locale:
LC_ALL=en_US.UTF-8
LC_COLLATE=en_US.UTF-8
LC_CTYPE=en_US.UTF-8
LC_MESSAGES=en_US.UTF-8
LC_MONETARY=en_US.UTF-8
LC_NUMERIC=en_US.UTF-8
LC_TIME=en_US.UTF-8

Signal Handlers:
   SIGSEGV: crash_handler in libjvm.so, mask=11100100010111111101111111111110, flags=SA_RESTART|SA_SIGINFO, unblocked
    SIGBUS: crash_handler in libjvm.so, mask=11100100010111111101111111111110, flags=SA_RESTART|SA_SIGINFO, unblocked
    SIGFPE: crash_handler in libjvm.so, mask=11100100010111111101111111111110, flags=SA_RESTART|SA_SIGINFO, unblocked
   SIGPIPE: javaSignalHandler in libjvm.so, mask=11100100010111111101111111111110, flags=SA_RESTART|SA_SIGINFO, blocked
   SIGXFSZ: javaSignalHandler in libjvm.so, mask=11100100010111111101111111111110, flags=SA_RESTART|SA_SIGINFO, blocked
    SIGILL: crash_handler in libjvm.so, mask=11100100010111111101111111111110, flags=SA_RESTART|SA_SIGINFO, unblocked
   SIGUSR2: SR_handler in libjvm.so, mask=00000000000000000000000000000000, flags=SA_RESTART|SA_SIGINFO, blocked
    SIGHUP: UserHandler in libjvm.so, mask=11100100010111111101111111111110, flags=SA_RESTART|SA_SIGINFO, blocked
    SIGINT: UserHandler in libjvm.so, mask=11100100010111111101111111111110, flags=SA_RESTART|SA_SIGINFO, blocked
   SIGTERM: UserHandler in libjvm.so, mask=11100100010111111101111111111110, flags=SA_RESTART|SA_SIGINFO, blocked
   SIGQUIT: UserHandler in libjvm.so, mask=11100100010111111101111111111110, flags=SA_RESTART|SA_SIGINFO, blocked
   SIGTRAP: crash_handler in libjvm.so, mask=11100100010111111101111111111110, flags=SA_RESTART|SA_SIGINFO, unblocked


Periodic native trim disabled

---------------  S Y S T E M  ---------------

OS:
DISTRIB_ID=Pop
DISTRIB_RELEASE=22.04
DISTRIB_CODENAME=jammy
DISTRIB_DESCRIPTION="Pop!_OS 22.04 LTS"
uname: Linux 6.17.9-76061709-generic #202511241048~1764704751~22.04~b24b425 SMP PREEMPT_DYNAMIC Tue D x86_64
OS uptime: 0 days 14:51 hours
libc: glibc 2.35 NPTL 2.35 
rlimit (soft/hard): STACK 8192k/infinity , CORE 0k/infinity , NPROC 61725/61725 , NOFILE 1048576/1048576 , AS infinity/infinity , CPU infinity/infinity , DATA infinity/infinity , FSIZE infinity/infinity , MEMLOCK 2004248k/2004248k
load average: 1.01 1.12 1.35

/proc/meminfo:
MemTotal:       16033988 kB
MemFree:         1730516 kB
MemAvailable:    6969160 kB
Buffers:          219532 kB
Cached:          6585192 kB
SwapCached:            0 kB
Active:          9517876 kB
Inactive:        3392192 kB
Active(anon):    6771444 kB
Inactive(anon):        0 kB
Active(file):    2746432 kB
Inactive(file):  3392192 kB
Unevictable:      435328 kB
Mlocked:              64 kB
SwapTotal:      16033788 kB
SwapFree:       16033788 kB
Zswap:                 0 kB
Zswapped:              0 kB
Dirty:              2196 kB
Writeback:             0 kB
AnonPages:       6541252 kB
Mapped:          2108384 kB
Shmem:            666100 kB
KReclaimable:     189628 kB
Slab:             369156 kB
SReclaimable:     189628 kB
SUnreclaim:       179528 kB
KernelStack:       21232 kB
PageTables:        72696 kB
SecPageTables:      4396 kB
NFS_Unstable:          0 kB
Bounce:                0 kB
WritebackTmp:          0 kB
CommitLimit:    24050780 kB
Committed_AS:   24563220 kB
VmallocTotal:   34359738367 kB
VmallocUsed:      163860 kB
VmallocChunk:          0 kB
Percpu:             8832 kB
HardwareCorrupted:     0 kB
AnonHugePages:     20480 kB
ShmemHugePages:   385024 kB
ShmemPmdMapped:        0 kB
FileHugePages:     81920 kB
FilePmdMapped:         0 kB
CmaTotal:              0 kB
CmaFree:               0 kB
Unaccepted:            0 kB
Balloon:               0 kB
HugePages_Total:       0
HugePages_Free:        0
HugePages_Rsvd:        0
HugePages_Surp:        0
Hugepagesize:       2048 kB
Hugetlb:               0 kB
DirectMap4k:      232776 kB
DirectMap2M:     4669440 kB
DirectMap1G:    12582912 kB

/sys/kernel/mm/transparent_hugepage/enabled: always [madvise] never
/sys/kernel/mm/transparent_hugepage/hpage_pmd_size: 2097152
/sys/kernel/mm/transparent_hugepage/defrag (defrag/compaction efforts parameter): always defer defer+madvise [madvise] never

Process Memory:
Virtual Size: 7370188K (peak: 7430100K)
Resident Set Size: 163756K (peak: 163756K) (anon: 140536K, file: 23220K, shmem: 0K)
Swapped out: 0K
C-Heap outstanding allocations: 45572K, retained: 2875K
glibc malloc tunables: (default)

/proc/sys/kernel/threads-max (system-wide limit on the number of threads): 123451
/proc/sys/vm/max_map_count (maximum number of memory map areas a process may have): 2147483642
/proc/sys/vm/swappiness (control to define how aggressively the kernel swaps out anonymous memory): 180
/proc/sys/kernel/pid_max (system-wide limit on number of process identifiers): 4194304

container information not found.
Steal ticks since vm start: 0
Steal ticks percentage since vm start:  0.000

CPU: total 8 (initial active 8) (4 cores per cpu, 2 threads per core) family 6 model 142 stepping 12 microcode 0x100, cx8, cmov, fxsr, ht, mmx, 3dnowpref, sse, sse2, sse3, ssse3, sse4.1, sse4.2, popcnt, lzcnt, tsc, tscinvbit, avx, avx2, aes, erms, clmul, bmi1, bmi2, rtm, adx, fma, vzeroupper, clflush, clflushopt, rdtscp, f16c
CPU Model and flags from /proc/cpuinfo:
model name	: Intel(R) Core(TM) i7-10610U CPU @ 1.80GHz
flags		: fpu vme de pse tsc msr pae mce cx8 apic sep mtrr pge mca cmov pat pse36 clflush dts acpi mmx fxsr sse sse2 ss ht tm pbe syscall nx pdpe1gb rdtscp lm constant_tsc art arch_perfmon pebs bts rep_good nopl xtopology nonstop_tsc cpuid aperfmperf pni pclmulqdq dtes64 monitor ds_cpl vmx smx est tm2 ssse3 sdbg fma cx16 xtpr pdcm pcid sse4_1 sse4_2 x2apic movbe popcnt tsc_deadline_timer aes xsave avx f16c rdrand lahf_lm abm 3dnowprefetch cpuid_fault epb ssbd ibrs ibpb stibp ibrs_enhanced tpr_shadow flexpriority ept vpid ept_ad fsgsbase tsc_adjust bmi1 avx2 smep bmi2 erms invpcid mpx rdseed adx smap clflushopt intel_pt xsaveopt xsavec xgetbv1 xsaves dtherm ida arat pln pts hwp hwp_notify hwp_act_window hwp_epp vnmi md_clear flush_l1d arch_capabilities

Online cpus: 0-7
Offline cpus: 
BIOS frequency limitation: <Not Available>
Frequency switch latency (ns): 0
Available cpu frequencies: <Not Available>
Current governor: powersave
Core performance/turbo boost: <Not Available>

Memory: 4k page, physical 16033988k(6969160k free), swap 16033788k(16033788k free)
Page Sizes: 4k

vm_info: OpenJDK 64-Bit Server VM (21.0.9+10-Ubuntu-122.04) for linux-amd64 JRE (21.0.9+10-Ubuntu-122.04), built on 2025-10-23T12:39:18Z by "buildd" with gcc 12.3.0

END.
